[2.045s] DEBUG:colcon:Command line arguments: ['/usr/bin/colcon', 'build', '--packages-select', 'ros2_traffic_detector']
[2.045s] DEBUG:colcon:Parsed command line arguments: Namespace(log_base=None, log_level=None, verb_name='build', build_base='build', install_base='install', merge_install=False, symlink_install=False, test_result_base=None, continue_on_error=False, executor='parallel', parallel_workers=4, event_handlers=None, ignore_user_meta=False, metas=['./colcon.meta'], base_paths=['.'], packages_ignore=None, packages_ignore_regex=None, paths=None, packages_up_to=None, packages_up_to_regex=None, packages_above=None, packages_above_and_dependencies=None, packages_above_depth=None, packages_select_by_dep=None, packages_skip_by_dep=None, packages_skip_up_to=None, packages_select_build_failed=False, packages_skip_build_finished=False, packages_select_test_failures=False, packages_skip_test_passed=False, packages_select=['ros2_traffic_detector'], packages_skip=None, packages_select_regex=None, packages_skip_regex=None, packages_start=None, packages_end=None, allow_overriding=[], cmake_args=None, cmake_target=None, cmake_target_skip_unavailable=False, cmake_clean_cache=False, cmake_clean_first=False, cmake_force_configure=False, ament_cmake_args=None, catkin_cmake_args=None, catkin_skip_building_tests=False, verb_parser=<colcon_defaults.argument_parser.defaults.DefaultArgumentsDecorator object at 0x7936eebd30a0>, verb_extension=<colcon_core.verb.build.BuildVerb object at 0x7936eed744c0>, main=<bound method BuildVerb.main of <colcon_core.verb.build.BuildVerb object at 0x7936eed744c0>>)
[2.398s] Level 1:colcon.colcon_core.package_discovery:discover_packages(colcon_meta) check parameters
[2.399s] Level 1:colcon.colcon_core.package_discovery:discover_packages(recursive) check parameters
[2.399s] Level 1:colcon.colcon_core.package_discovery:discover_packages(ignore) check parameters
[2.399s] Level 1:colcon.colcon_core.package_discovery:discover_packages(path) check parameters
[2.399s] Level 1:colcon.colcon_core.package_discovery:discover_packages(colcon_meta) discover
[2.399s] Level 1:colcon.colcon_core.package_discovery:discover_packages(recursive) discover
[2.399s] INFO:colcon.colcon_core.package_discovery:Crawling recursively for packages in '/home/ponnu/ros2_ws'
[2.400s] Level 1:colcon.colcon_core.package_identification:_identify(.) by extensions ['ignore', 'ignore_ament_install']
[2.400s] Level 1:colcon.colcon_core.package_identification:_identify(.) by extension 'ignore'
[2.400s] Level 1:colcon.colcon_core.package_identification:_identify(.) by extension 'ignore_ament_install'
[2.400s] Level 1:colcon.colcon_core.package_identification:_identify(.) by extensions ['colcon_pkg']
[2.401s] Level 1:colcon.colcon_core.package_identification:_identify(.) by extension 'colcon_pkg'
[2.401s] Level 1:colcon.colcon_core.package_identification:_identify(.) by extensions ['colcon_meta']
[2.401s] Level 1:colcon.colcon_core.package_identification:_identify(.) by extension 'colcon_meta'
[2.401s] Level 1:colcon.colcon_core.package_identification:_identify(.) by extensions ['ros']
[2.401s] Level 1:colcon.colcon_core.package_identification:_identify(.) by extension 'ros'
[2.427s] Level 1:colcon.colcon_core.package_identification:_identify(.) by extensions ['cmake', 'python']
[2.427s] Level 1:colcon.colcon_core.package_identification:_identify(.) by extension 'cmake'
[2.427s] Level 1:colcon.colcon_core.package_identification:_identify(.) by extension 'python'
[2.427s] Level 1:colcon.colcon_core.package_identification:_identify(.) by extensions ['python_setup_py']
[2.427s] Level 1:colcon.colcon_core.package_identification:_identify(.) by extension 'python_setup_py'
[2.427s] Level 1:colcon.colcon_core.package_identification:_identify(build) by extensions ['ignore', 'ignore_ament_install']
[2.428s] Level 1:colcon.colcon_core.package_identification:_identify(build) by extension 'ignore'
[2.428s] Level 1:colcon.colcon_core.package_identification:_identify(build) ignored
[2.428s] Level 1:colcon.colcon_core.package_identification:_identify(datasets) by extensions ['ignore', 'ignore_ament_install']
[2.428s] Level 1:colcon.colcon_core.package_identification:_identify(datasets) by extension 'ignore'
[2.428s] Level 1:colcon.colcon_core.package_identification:_identify(datasets) by extension 'ignore_ament_install'
[2.428s] Level 1:colcon.colcon_core.package_identification:_identify(datasets) by extensions ['colcon_pkg']
[2.428s] Level 1:colcon.colcon_core.package_identification:_identify(datasets) by extension 'colcon_pkg'
[2.428s] Level 1:colcon.colcon_core.package_identification:_identify(datasets) by extensions ['colcon_meta']
[2.428s] Level 1:colcon.colcon_core.package_identification:_identify(datasets) by extension 'colcon_meta'
[2.428s] Level 1:colcon.colcon_core.package_identification:_identify(datasets) by extensions ['ros']
[2.428s] Level 1:colcon.colcon_core.package_identification:_identify(datasets) by extension 'ros'
[2.429s] Level 1:colcon.colcon_core.package_identification:_identify(datasets) by extensions ['cmake', 'python']
[2.429s] Level 1:colcon.colcon_core.package_identification:_identify(datasets) by extension 'cmake'
[2.429s] Level 1:colcon.colcon_core.package_identification:_identify(datasets) by extension 'python'
[2.429s] Level 1:colcon.colcon_core.package_identification:_identify(datasets) by extensions ['python_setup_py']
[2.429s] Level 1:colcon.colcon_core.package_identification:_identify(datasets) by extension 'python_setup_py'
[2.429s] Level 1:colcon.colcon_core.package_identification:_identify(datasets/rgb) by extensions ['ignore', 'ignore_ament_install']
[2.429s] Level 1:colcon.colcon_core.package_identification:_identify(datasets/rgb) by extension 'ignore'
[2.429s] Level 1:colcon.colcon_core.package_identification:_identify(datasets/rgb) by extension 'ignore_ament_install'
[2.429s] Level 1:colcon.colcon_core.package_identification:_identify(datasets/rgb) by extensions ['colcon_pkg']
[2.429s] Level 1:colcon.colcon_core.package_identification:_identify(datasets/rgb) by extension 'colcon_pkg'
[2.429s] Level 1:colcon.colcon_core.package_identification:_identify(datasets/rgb) by extensions ['colcon_meta']
[2.429s] Level 1:colcon.colcon_core.package_identification:_identify(datasets/rgb) by extension 'colcon_meta'
[2.429s] Level 1:colcon.colcon_core.package_identification:_identify(datasets/rgb) by extensions ['ros']
[2.429s] Level 1:colcon.colcon_core.package_identification:_identify(datasets/rgb) by extension 'ros'
[2.429s] Level 1:colcon.colcon_core.package_identification:_identify(datasets/rgb) by extensions ['cmake', 'python']
[2.429s] Level 1:colcon.colcon_core.package_identification:_identify(datasets/rgb) by extension 'cmake'
[2.429s] Level 1:colcon.colcon_core.package_identification:_identify(datasets/rgb) by extension 'python'
[2.429s] Level 1:colcon.colcon_core.package_identification:_identify(datasets/rgb) by extensions ['python_setup_py']
[2.429s] Level 1:colcon.colcon_core.package_identification:_identify(datasets/rgb) by extension 'python_setup_py'
[2.430s] Level 1:colcon.colcon_core.package_identification:_identify(datasets/rgb/additional) by extensions ['ignore', 'ignore_ament_install']
[2.430s] Level 1:colcon.colcon_core.package_identification:_identify(datasets/rgb/additional) by extension 'ignore'
[2.430s] Level 1:colcon.colcon_core.package_identification:_identify(datasets/rgb/additional) by extension 'ignore_ament_install'
[2.430s] Level 1:colcon.colcon_core.package_identification:_identify(datasets/rgb/additional) by extensions ['colcon_pkg']
[2.430s] Level 1:colcon.colcon_core.package_identification:_identify(datasets/rgb/additional) by extension 'colcon_pkg'
[2.430s] Level 1:colcon.colcon_core.package_identification:_identify(datasets/rgb/additional) by extensions ['colcon_meta']
[2.430s] Level 1:colcon.colcon_core.package_identification:_identify(datasets/rgb/additional) by extension 'colcon_meta'
[2.430s] Level 1:colcon.colcon_core.package_identification:_identify(datasets/rgb/additional) by extensions ['ros']
[2.430s] Level 1:colcon.colcon_core.package_identification:_identify(datasets/rgb/additional) by extension 'ros'
[2.430s] Level 1:colcon.colcon_core.package_identification:_identify(datasets/rgb/additional) by extensions ['cmake', 'python']
[2.430s] Level 1:colcon.colcon_core.package_identification:_identify(datasets/rgb/additional) by extension 'cmake'
[2.430s] Level 1:colcon.colcon_core.package_identification:_identify(datasets/rgb/additional) by extension 'python'
[2.430s] Level 1:colcon.colcon_core.package_identification:_identify(datasets/rgb/additional) by extensions ['python_setup_py']
[2.430s] Level 1:colcon.colcon_core.package_identification:_identify(datasets/rgb/additional) by extension 'python_setup_py'
[2.430s] Level 1:colcon.colcon_core.package_identification:_identify(datasets/rgb/additional/2015-10-05-10-52-01_bag) by extensions ['ignore', 'ignore_ament_install']
[2.430s] Level 1:colcon.colcon_core.package_identification:_identify(datasets/rgb/additional/2015-10-05-10-52-01_bag) by extension 'ignore'
[2.431s] Level 1:colcon.colcon_core.package_identification:_identify(datasets/rgb/additional/2015-10-05-10-52-01_bag) by extension 'ignore_ament_install'
[2.431s] Level 1:colcon.colcon_core.package_identification:_identify(datasets/rgb/additional/2015-10-05-10-52-01_bag) by extensions ['colcon_pkg']
[2.431s] Level 1:colcon.colcon_core.package_identification:_identify(datasets/rgb/additional/2015-10-05-10-52-01_bag) by extension 'colcon_pkg'
[2.431s] Level 1:colcon.colcon_core.package_identification:_identify(datasets/rgb/additional/2015-10-05-10-52-01_bag) by extensions ['colcon_meta']
[2.431s] Level 1:colcon.colcon_core.package_identification:_identify(datasets/rgb/additional/2015-10-05-10-52-01_bag) by extension 'colcon_meta'
[2.431s] Level 1:colcon.colcon_core.package_identification:_identify(datasets/rgb/additional/2015-10-05-10-52-01_bag) by extensions ['ros']
[2.431s] Level 1:colcon.colcon_core.package_identification:_identify(datasets/rgb/additional/2015-10-05-10-52-01_bag) by extension 'ros'
[2.431s] Level 1:colcon.colcon_core.package_identification:_identify(datasets/rgb/additional/2015-10-05-10-52-01_bag) by extensions ['cmake', 'python']
[2.431s] Level 1:colcon.colcon_core.package_identification:_identify(datasets/rgb/additional/2015-10-05-10-52-01_bag) by extension 'cmake'
[2.431s] Level 1:colcon.colcon_core.package_identification:_identify(datasets/rgb/additional/2015-10-05-10-52-01_bag) by extension 'python'
[2.431s] Level 1:colcon.colcon_core.package_identification:_identify(datasets/rgb/additional/2015-10-05-10-52-01_bag) by extensions ['python_setup_py']
[2.431s] Level 1:colcon.colcon_core.package_identification:_identify(datasets/rgb/additional/2015-10-05-10-52-01_bag) by extension 'python_setup_py'
[2.431s] Level 1:colcon.colcon_core.package_identification:_identify(datasets/rgb/additional/2015-10-05-10-55-33_bag) by extensions ['ignore', 'ignore_ament_install']
[2.431s] Level 1:colcon.colcon_core.package_identification:_identify(datasets/rgb/additional/2015-10-05-10-55-33_bag) by extension 'ignore'
[2.431s] Level 1:colcon.colcon_core.package_identification:_identify(datasets/rgb/additional/2015-10-05-10-55-33_bag) by extension 'ignore_ament_install'
[2.431s] Level 1:colcon.colcon_core.package_identification:_identify(datasets/rgb/additional/2015-10-05-10-55-33_bag) by extensions ['colcon_pkg']
[2.431s] Level 1:colcon.colcon_core.package_identification:_identify(datasets/rgb/additional/2015-10-05-10-55-33_bag) by extension 'colcon_pkg'
[2.431s] Level 1:colcon.colcon_core.package_identification:_identify(datasets/rgb/additional/2015-10-05-10-55-33_bag) by extensions ['colcon_meta']
[2.432s] Level 1:colcon.colcon_core.package_identification:_identify(datasets/rgb/additional/2015-10-05-10-55-33_bag) by extension 'colcon_meta'
[2.432s] Level 1:colcon.colcon_core.package_identification:_identify(datasets/rgb/additional/2015-10-05-10-55-33_bag) by extensions ['ros']
[2.432s] Level 1:colcon.colcon_core.package_identification:_identify(datasets/rgb/additional/2015-10-05-10-55-33_bag) by extension 'ros'
[2.432s] Level 1:colcon.colcon_core.package_identification:_identify(datasets/rgb/additional/2015-10-05-10-55-33_bag) by extensions ['cmake', 'python']
[2.432s] Level 1:colcon.colcon_core.package_identification:_identify(datasets/rgb/additional/2015-10-05-10-55-33_bag) by extension 'cmake'
[2.432s] Level 1:colcon.colcon_core.package_identification:_identify(datasets/rgb/additional/2015-10-05-10-55-33_bag) by extension 'python'
[2.432s] Level 1:colcon.colcon_core.package_identification:_identify(datasets/rgb/additional/2015-10-05-10-55-33_bag) by extensions ['python_setup_py']
[2.432s] Level 1:colcon.colcon_core.package_identification:_identify(datasets/rgb/additional/2015-10-05-10-55-33_bag) by extension 'python_setup_py'
[2.432s] Level 1:colcon.colcon_core.package_identification:_identify(datasets/rgb/additional/2015-10-05-11-26-32_bag) by extensions ['ignore', 'ignore_ament_install']
[2.432s] Level 1:colcon.colcon_core.package_identification:_identify(datasets/rgb/additional/2015-10-05-11-26-32_bag) by extension 'ignore'
[2.432s] Level 1:colcon.colcon_core.package_identification:_identify(datasets/rgb/additional/2015-10-05-11-26-32_bag) by extension 'ignore_ament_install'
[2.433s] Level 1:colcon.colcon_core.package_identification:_identify(datasets/rgb/additional/2015-10-05-11-26-32_bag) by extensions ['colcon_pkg']
[2.433s] Level 1:colcon.colcon_core.package_identification:_identify(datasets/rgb/additional/2015-10-05-11-26-32_bag) by extension 'colcon_pkg'
[2.433s] Level 1:colcon.colcon_core.package_identification:_identify(datasets/rgb/additional/2015-10-05-11-26-32_bag) by extensions ['colcon_meta']
[2.433s] Level 1:colcon.colcon_core.package_identification:_identify(datasets/rgb/additional/2015-10-05-11-26-32_bag) by extension 'colcon_meta'
[2.433s] Level 1:colcon.colcon_core.package_identification:_identify(datasets/rgb/additional/2015-10-05-11-26-32_bag) by extensions ['ros']
[2.433s] Level 1:colcon.colcon_core.package_identification:_identify(datasets/rgb/additional/2015-10-05-11-26-32_bag) by extension 'ros'
[2.433s] Level 1:colcon.colcon_core.package_identification:_identify(datasets/rgb/additional/2015-10-05-11-26-32_bag) by extensions ['cmake', 'python']
[2.433s] Level 1:colcon.colcon_core.package_identification:_identify(datasets/rgb/additional/2015-10-05-11-26-32_bag) by extension 'cmake'
[2.433s] Level 1:colcon.colcon_core.package_identification:_identify(datasets/rgb/additional/2015-10-05-11-26-32_bag) by extension 'python'
[2.433s] Level 1:colcon.colcon_core.package_identification:_identify(datasets/rgb/additional/2015-10-05-11-26-32_bag) by extensions ['python_setup_py']
[2.433s] Level 1:colcon.colcon_core.package_identification:_identify(datasets/rgb/additional/2015-10-05-11-26-32_bag) by extension 'python_setup_py'
[2.433s] Level 1:colcon.colcon_core.package_identification:_identify(datasets/rgb/additional/2015-10-05-14-40-46_bag) by extensions ['ignore', 'ignore_ament_install']
[2.433s] Level 1:colcon.colcon_core.package_identification:_identify(datasets/rgb/additional/2015-10-05-14-40-46_bag) by extension 'ignore'
[2.433s] Level 1:colcon.colcon_core.package_identification:_identify(datasets/rgb/additional/2015-10-05-14-40-46_bag) by extension 'ignore_ament_install'
[2.433s] Level 1:colcon.colcon_core.package_identification:_identify(datasets/rgb/additional/2015-10-05-14-40-46_bag) by extensions ['colcon_pkg']
[2.434s] Level 1:colcon.colcon_core.package_identification:_identify(datasets/rgb/additional/2015-10-05-14-40-46_bag) by extension 'colcon_pkg'
[2.434s] Level 1:colcon.colcon_core.package_identification:_identify(datasets/rgb/additional/2015-10-05-14-40-46_bag) by extensions ['colcon_meta']
[2.434s] Level 1:colcon.colcon_core.package_identification:_identify(datasets/rgb/additional/2015-10-05-14-40-46_bag) by extension 'colcon_meta'
[2.434s] Level 1:colcon.colcon_core.package_identification:_identify(datasets/rgb/additional/2015-10-05-14-40-46_bag) by extensions ['ros']
[2.434s] Level 1:colcon.colcon_core.package_identification:_identify(datasets/rgb/additional/2015-10-05-14-40-46_bag) by extension 'ros'
[2.434s] Level 1:colcon.colcon_core.package_identification:_identify(datasets/rgb/additional/2015-10-05-14-40-46_bag) by extensions ['cmake', 'python']
[2.434s] Level 1:colcon.colcon_core.package_identification:_identify(datasets/rgb/additional/2015-10-05-14-40-46_bag) by extension 'cmake'
[2.434s] Level 1:colcon.colcon_core.package_identification:_identify(datasets/rgb/additional/2015-10-05-14-40-46_bag) by extension 'python'
[2.434s] Level 1:colcon.colcon_core.package_identification:_identify(datasets/rgb/additional/2015-10-05-14-40-46_bag) by extensions ['python_setup_py']
[2.434s] Level 1:colcon.colcon_core.package_identification:_identify(datasets/rgb/additional/2015-10-05-14-40-46_bag) by extension 'python_setup_py'
[2.434s] Level 1:colcon.colcon_core.package_identification:_identify(datasets/rgb/additional/2015-10-05-16-02-30_bag) by extensions ['ignore', 'ignore_ament_install']
[2.434s] Level 1:colcon.colcon_core.package_identification:_identify(datasets/rgb/additional/2015-10-05-16-02-30_bag) by extension 'ignore'
[2.435s] Level 1:colcon.colcon_core.package_identification:_identify(datasets/rgb/additional/2015-10-05-16-02-30_bag) by extension 'ignore_ament_install'
[2.435s] Level 1:colcon.colcon_core.package_identification:_identify(datasets/rgb/additional/2015-10-05-16-02-30_bag) by extensions ['colcon_pkg']
[2.435s] Level 1:colcon.colcon_core.package_identification:_identify(datasets/rgb/additional/2015-10-05-16-02-30_bag) by extension 'colcon_pkg'
[2.435s] Level 1:colcon.colcon_core.package_identification:_identify(datasets/rgb/additional/2015-10-05-16-02-30_bag) by extensions ['colcon_meta']
[2.435s] Level 1:colcon.colcon_core.package_identification:_identify(datasets/rgb/additional/2015-10-05-16-02-30_bag) by extension 'colcon_meta'
[2.435s] Level 1:colcon.colcon_core.package_identification:_identify(datasets/rgb/additional/2015-10-05-16-02-30_bag) by extensions ['ros']
[2.435s] Level 1:colcon.colcon_core.package_identification:_identify(datasets/rgb/additional/2015-10-05-16-02-30_bag) by extension 'ros'
[2.435s] Level 1:colcon.colcon_core.package_identification:_identify(datasets/rgb/additional/2015-10-05-16-02-30_bag) by extensions ['cmake', 'python']
[2.435s] Level 1:colcon.colcon_core.package_identification:_identify(datasets/rgb/additional/2015-10-05-16-02-30_bag) by extension 'cmake'
[2.435s] Level 1:colcon.colcon_core.package_identification:_identify(datasets/rgb/additional/2015-10-05-16-02-30_bag) by extension 'python'
[2.435s] Level 1:colcon.colcon_core.package_identification:_identify(datasets/rgb/additional/2015-10-05-16-02-30_bag) by extensions ['python_setup_py']
[2.435s] Level 1:colcon.colcon_core.package_identification:_identify(datasets/rgb/additional/2015-10-05-16-02-30_bag) by extension 'python_setup_py'
[2.435s] Level 1:colcon.colcon_core.package_identification:_identify(datasets/rgb/additional/labels) by extensions ['ignore', 'ignore_ament_install']
[2.436s] Level 1:colcon.colcon_core.package_identification:_identify(datasets/rgb/additional/labels) by extension 'ignore'
[2.436s] Level 1:colcon.colcon_core.package_identification:_identify(datasets/rgb/additional/labels) by extension 'ignore_ament_install'
[2.436s] Level 1:colcon.colcon_core.package_identification:_identify(datasets/rgb/additional/labels) by extensions ['colcon_pkg']
[2.436s] Level 1:colcon.colcon_core.package_identification:_identify(datasets/rgb/additional/labels) by extension 'colcon_pkg'
[2.436s] Level 1:colcon.colcon_core.package_identification:_identify(datasets/rgb/additional/labels) by extensions ['colcon_meta']
[2.436s] Level 1:colcon.colcon_core.package_identification:_identify(datasets/rgb/additional/labels) by extension 'colcon_meta'
[2.436s] Level 1:colcon.colcon_core.package_identification:_identify(datasets/rgb/additional/labels) by extensions ['ros']
[2.436s] Level 1:colcon.colcon_core.package_identification:_identify(datasets/rgb/additional/labels) by extension 'ros'
[2.436s] Level 1:colcon.colcon_core.package_identification:_identify(datasets/rgb/additional/labels) by extensions ['cmake', 'python']
[2.436s] Level 1:colcon.colcon_core.package_identification:_identify(datasets/rgb/additional/labels) by extension 'cmake'
[2.436s] Level 1:colcon.colcon_core.package_identification:_identify(datasets/rgb/additional/labels) by extension 'python'
[2.436s] Level 1:colcon.colcon_core.package_identification:_identify(datasets/rgb/additional/labels) by extensions ['python_setup_py']
[2.436s] Level 1:colcon.colcon_core.package_identification:_identify(datasets/rgb/additional/labels) by extension 'python_setup_py'
[2.436s] Level 1:colcon.colcon_core.package_identification:_identify(datasets/rgb/yolo) by extensions ['ignore', 'ignore_ament_install']
[2.437s] Level 1:colcon.colcon_core.package_identification:_identify(datasets/rgb/yolo) by extension 'ignore'
[2.437s] Level 1:colcon.colcon_core.package_identification:_identify(datasets/rgb/yolo) by extension 'ignore_ament_install'
[2.437s] Level 1:colcon.colcon_core.package_identification:_identify(datasets/rgb/yolo) by extensions ['colcon_pkg']
[2.437s] Level 1:colcon.colcon_core.package_identification:_identify(datasets/rgb/yolo) by extension 'colcon_pkg'
[2.437s] Level 1:colcon.colcon_core.package_identification:_identify(datasets/rgb/yolo) by extensions ['colcon_meta']
[2.437s] Level 1:colcon.colcon_core.package_identification:_identify(datasets/rgb/yolo) by extension 'colcon_meta'
[2.437s] Level 1:colcon.colcon_core.package_identification:_identify(datasets/rgb/yolo) by extensions ['ros']
[2.437s] Level 1:colcon.colcon_core.package_identification:_identify(datasets/rgb/yolo) by extension 'ros'
[2.437s] Level 1:colcon.colcon_core.package_identification:_identify(datasets/rgb/yolo) by extensions ['cmake', 'python']
[2.437s] Level 1:colcon.colcon_core.package_identification:_identify(datasets/rgb/yolo) by extension 'cmake'
[2.437s] Level 1:colcon.colcon_core.package_identification:_identify(datasets/rgb/yolo) by extension 'python'
[2.437s] Level 1:colcon.colcon_core.package_identification:_identify(datasets/rgb/yolo) by extensions ['python_setup_py']
[2.437s] Level 1:colcon.colcon_core.package_identification:_identify(datasets/rgb/yolo) by extension 'python_setup_py'
[2.437s] Level 1:colcon.colcon_core.package_identification:_identify(datasets/rgb/yolo/images) by extensions ['ignore', 'ignore_ament_install']
[2.437s] Level 1:colcon.colcon_core.package_identification:_identify(datasets/rgb/yolo/images) by extension 'ignore'
[2.437s] Level 1:colcon.colcon_core.package_identification:_identify(datasets/rgb/yolo/images) by extension 'ignore_ament_install'
[2.438s] Level 1:colcon.colcon_core.package_identification:_identify(datasets/rgb/yolo/images) by extensions ['colcon_pkg']
[2.438s] Level 1:colcon.colcon_core.package_identification:_identify(datasets/rgb/yolo/images) by extension 'colcon_pkg'
[2.438s] Level 1:colcon.colcon_core.package_identification:_identify(datasets/rgb/yolo/images) by extensions ['colcon_meta']
[2.438s] Level 1:colcon.colcon_core.package_identification:_identify(datasets/rgb/yolo/images) by extension 'colcon_meta'
[2.438s] Level 1:colcon.colcon_core.package_identification:_identify(datasets/rgb/yolo/images) by extensions ['ros']
[2.438s] Level 1:colcon.colcon_core.package_identification:_identify(datasets/rgb/yolo/images) by extension 'ros'
[2.438s] Level 1:colcon.colcon_core.package_identification:_identify(datasets/rgb/yolo/images) by extensions ['cmake', 'python']
[2.438s] Level 1:colcon.colcon_core.package_identification:_identify(datasets/rgb/yolo/images) by extension 'cmake'
[2.438s] Level 1:colcon.colcon_core.package_identification:_identify(datasets/rgb/yolo/images) by extension 'python'
[2.438s] Level 1:colcon.colcon_core.package_identification:_identify(datasets/rgb/yolo/images) by extensions ['python_setup_py']
[2.438s] Level 1:colcon.colcon_core.package_identification:_identify(datasets/rgb/yolo/images) by extension 'python_setup_py'
[2.438s] Level 1:colcon.colcon_core.package_identification:_identify(datasets/rgb/yolo/images/train) by extensions ['ignore', 'ignore_ament_install']
[2.438s] Level 1:colcon.colcon_core.package_identification:_identify(datasets/rgb/yolo/images/train) by extension 'ignore'
[2.438s] Level 1:colcon.colcon_core.package_identification:_identify(datasets/rgb/yolo/images/train) by extension 'ignore_ament_install'
[2.439s] Level 1:colcon.colcon_core.package_identification:_identify(datasets/rgb/yolo/images/train) by extensions ['colcon_pkg']
[2.439s] Level 1:colcon.colcon_core.package_identification:_identify(datasets/rgb/yolo/images/train) by extension 'colcon_pkg'
[2.439s] Level 1:colcon.colcon_core.package_identification:_identify(datasets/rgb/yolo/images/train) by extensions ['colcon_meta']
[2.439s] Level 1:colcon.colcon_core.package_identification:_identify(datasets/rgb/yolo/images/train) by extension 'colcon_meta'
[2.439s] Level 1:colcon.colcon_core.package_identification:_identify(datasets/rgb/yolo/images/train) by extensions ['ros']
[2.439s] Level 1:colcon.colcon_core.package_identification:_identify(datasets/rgb/yolo/images/train) by extension 'ros'
[2.439s] Level 1:colcon.colcon_core.package_identification:_identify(datasets/rgb/yolo/images/train) by extensions ['cmake', 'python']
[2.439s] Level 1:colcon.colcon_core.package_identification:_identify(datasets/rgb/yolo/images/train) by extension 'cmake'
[2.439s] Level 1:colcon.colcon_core.package_identification:_identify(datasets/rgb/yolo/images/train) by extension 'python'
[2.439s] Level 1:colcon.colcon_core.package_identification:_identify(datasets/rgb/yolo/images/train) by extensions ['python_setup_py']
[2.439s] Level 1:colcon.colcon_core.package_identification:_identify(datasets/rgb/yolo/images/train) by extension 'python_setup_py'
[2.439s] Level 1:colcon.colcon_core.package_identification:_identify(datasets/rgb/yolo/labels) by extensions ['ignore', 'ignore_ament_install']
[2.439s] Level 1:colcon.colcon_core.package_identification:_identify(datasets/rgb/yolo/labels) by extension 'ignore'
[2.439s] Level 1:colcon.colcon_core.package_identification:_identify(datasets/rgb/yolo/labels) by extension 'ignore_ament_install'
[2.439s] Level 1:colcon.colcon_core.package_identification:_identify(datasets/rgb/yolo/labels) by extensions ['colcon_pkg']
[2.439s] Level 1:colcon.colcon_core.package_identification:_identify(datasets/rgb/yolo/labels) by extension 'colcon_pkg'
[2.439s] Level 1:colcon.colcon_core.package_identification:_identify(datasets/rgb/yolo/labels) by extensions ['colcon_meta']
[2.439s] Level 1:colcon.colcon_core.package_identification:_identify(datasets/rgb/yolo/labels) by extension 'colcon_meta'
[2.440s] Level 1:colcon.colcon_core.package_identification:_identify(datasets/rgb/yolo/labels) by extensions ['ros']
[2.440s] Level 1:colcon.colcon_core.package_identification:_identify(datasets/rgb/yolo/labels) by extension 'ros'
[2.440s] Level 1:colcon.colcon_core.package_identification:_identify(datasets/rgb/yolo/labels) by extensions ['cmake', 'python']
[2.440s] Level 1:colcon.colcon_core.package_identification:_identify(datasets/rgb/yolo/labels) by extension 'cmake'
[2.440s] Level 1:colcon.colcon_core.package_identification:_identify(datasets/rgb/yolo/labels) by extension 'python'
[2.440s] Level 1:colcon.colcon_core.package_identification:_identify(datasets/rgb/yolo/labels) by extensions ['python_setup_py']
[2.440s] Level 1:colcon.colcon_core.package_identification:_identify(datasets/rgb/yolo/labels) by extension 'python_setup_py'
[2.440s] Level 1:colcon.colcon_core.package_identification:_identify(datasets/rgb/yolo/labels/train) by extensions ['ignore', 'ignore_ament_install']
[2.440s] Level 1:colcon.colcon_core.package_identification:_identify(datasets/rgb/yolo/labels/train) by extension 'ignore'
[2.440s] Level 1:colcon.colcon_core.package_identification:_identify(datasets/rgb/yolo/labels/train) by extension 'ignore_ament_install'
[2.440s] Level 1:colcon.colcon_core.package_identification:_identify(datasets/rgb/yolo/labels/train) by extensions ['colcon_pkg']
[2.440s] Level 1:colcon.colcon_core.package_identification:_identify(datasets/rgb/yolo/labels/train) by extension 'colcon_pkg'
[2.440s] Level 1:colcon.colcon_core.package_identification:_identify(datasets/rgb/yolo/labels/train) by extensions ['colcon_meta']
[2.440s] Level 1:colcon.colcon_core.package_identification:_identify(datasets/rgb/yolo/labels/train) by extension 'colcon_meta'
[2.440s] Level 1:colcon.colcon_core.package_identification:_identify(datasets/rgb/yolo/labels/train) by extensions ['ros']
[2.440s] Level 1:colcon.colcon_core.package_identification:_identify(datasets/rgb/yolo/labels/train) by extension 'ros'
[2.440s] Level 1:colcon.colcon_core.package_identification:_identify(datasets/rgb/yolo/labels/train) by extensions ['cmake', 'python']
[2.440s] Level 1:colcon.colcon_core.package_identification:_identify(datasets/rgb/yolo/labels/train) by extension 'cmake'
[2.440s] Level 1:colcon.colcon_core.package_identification:_identify(datasets/rgb/yolo/labels/train) by extension 'python'
[2.440s] Level 1:colcon.colcon_core.package_identification:_identify(datasets/rgb/yolo/labels/train) by extensions ['python_setup_py']
[2.441s] Level 1:colcon.colcon_core.package_identification:_identify(datasets/rgb/yolo/labels/train) by extension 'python_setup_py'
[2.441s] Level 1:colcon.colcon_core.package_identification:_identify(install) by extensions ['ignore', 'ignore_ament_install']
[2.441s] Level 1:colcon.colcon_core.package_identification:_identify(install) by extension 'ignore'
[2.441s] Level 1:colcon.colcon_core.package_identification:_identify(install) ignored
[2.441s] Level 1:colcon.colcon_core.package_identification:_identify(log) by extensions ['ignore', 'ignore_ament_install']
[2.441s] Level 1:colcon.colcon_core.package_identification:_identify(log) by extension 'ignore'
[2.441s] Level 1:colcon.colcon_core.package_identification:_identify(log) ignored
[2.441s] Level 1:colcon.colcon_core.package_identification:_identify(src) by extensions ['ignore', 'ignore_ament_install']
[2.441s] Level 1:colcon.colcon_core.package_identification:_identify(src) by extension 'ignore'
[2.441s] Level 1:colcon.colcon_core.package_identification:_identify(src) by extension 'ignore_ament_install'
[2.441s] Level 1:colcon.colcon_core.package_identification:_identify(src) by extensions ['colcon_pkg']
[2.441s] Level 1:colcon.colcon_core.package_identification:_identify(src) by extension 'colcon_pkg'
[2.441s] Level 1:colcon.colcon_core.package_identification:_identify(src) by extensions ['colcon_meta']
[2.441s] Level 1:colcon.colcon_core.package_identification:_identify(src) by extension 'colcon_meta'
[2.441s] Level 1:colcon.colcon_core.package_identification:_identify(src) by extensions ['ros']
[2.441s] Level 1:colcon.colcon_core.package_identification:_identify(src) by extension 'ros'
[2.442s] Level 1:colcon.colcon_core.package_identification:_identify(src) by extensions ['cmake', 'python']
[2.442s] Level 1:colcon.colcon_core.package_identification:_identify(src) by extension 'cmake'
[2.442s] Level 1:colcon.colcon_core.package_identification:_identify(src) by extension 'python'
[2.442s] Level 1:colcon.colcon_core.package_identification:_identify(src) by extensions ['python_setup_py']
[2.442s] Level 1:colcon.colcon_core.package_identification:_identify(src) by extension 'python_setup_py'
[2.442s] Level 1:colcon.colcon_core.package_identification:_identify(src/ros2_traffic_detector) by extensions ['ignore', 'ignore_ament_install']
[2.442s] Level 1:colcon.colcon_core.package_identification:_identify(src/ros2_traffic_detector) by extension 'ignore'
[2.442s] Level 1:colcon.colcon_core.package_identification:_identify(src/ros2_traffic_detector) by extension 'ignore_ament_install'
[2.442s] Level 1:colcon.colcon_core.package_identification:_identify(src/ros2_traffic_detector) by extensions ['colcon_pkg']
[2.442s] Level 1:colcon.colcon_core.package_identification:_identify(src/ros2_traffic_detector) by extension 'colcon_pkg'
[2.442s] Level 1:colcon.colcon_core.package_identification:_identify(src/ros2_traffic_detector) by extensions ['colcon_meta']
[2.442s] Level 1:colcon.colcon_core.package_identification:_identify(src/ros2_traffic_detector) by extension 'colcon_meta'
[2.442s] Level 1:colcon.colcon_core.package_identification:_identify(src/ros2_traffic_detector) by extensions ['ros']
[2.442s] Level 1:colcon.colcon_core.package_identification:_identify(src/ros2_traffic_detector) by extension 'ros'
[2.478s] DEBUG:colcon.colcon_core.package_identification:Package 'src/ros2_traffic_detector' with type 'ros.ament_python' and name 'ros2_traffic_detector'
[2.479s] Level 1:colcon.colcon_core.package_identification:_identify(src/traffic_light_detector) by extensions ['ignore', 'ignore_ament_install']
[2.479s] Level 1:colcon.colcon_core.package_identification:_identify(src/traffic_light_detector) by extension 'ignore'
[2.480s] Level 1:colcon.colcon_core.package_identification:_identify(src/traffic_light_detector) by extension 'ignore_ament_install'
[2.480s] Level 1:colcon.colcon_core.package_identification:_identify(src/traffic_light_detector) by extensions ['colcon_pkg']
[2.480s] Level 1:colcon.colcon_core.package_identification:_identify(src/traffic_light_detector) by extension 'colcon_pkg'
[2.480s] Level 1:colcon.colcon_core.package_identification:_identify(src/traffic_light_detector) by extensions ['colcon_meta']
[2.480s] Level 1:colcon.colcon_core.package_identification:_identify(src/traffic_light_detector) by extension 'colcon_meta'
[2.480s] Level 1:colcon.colcon_core.package_identification:_identify(src/traffic_light_detector) by extensions ['ros']
[2.480s] Level 1:colcon.colcon_core.package_identification:_identify(src/traffic_light_detector) by extension 'ros'
[2.480s] Level 1:colcon.colcon_core.package_identification:_identify(src/traffic_light_detector) by extensions ['cmake', 'python']
[2.481s] Level 1:colcon.colcon_core.package_identification:_identify(src/traffic_light_detector) by extension 'cmake'
[2.481s] Level 1:colcon.colcon_core.package_identification:_identify(src/traffic_light_detector) by extension 'python'
[2.481s] Level 1:colcon.colcon_core.package_identification:_identify(src/traffic_light_detector) by extensions ['python_setup_py']
[2.481s] Level 1:colcon.colcon_core.package_identification:_identify(src/traffic_light_detector) by extension 'python_setup_py'
[2.481s] Level 1:colcon.colcon_core.package_discovery:discover_packages(recursive) using defaults
[2.481s] Level 1:colcon.colcon_core.package_discovery:discover_packages(ignore) discover
[2.481s] Level 1:colcon.colcon_core.package_discovery:discover_packages(ignore) using defaults
[2.481s] Level 1:colcon.colcon_core.package_discovery:discover_packages(path) discover
[2.481s] Level 1:colcon.colcon_core.package_discovery:discover_packages(path) using defaults
[2.638s] Level 1:colcon.colcon_core.package_discovery:discover_packages(prefix_path) check parameters
[2.638s] Level 1:colcon.colcon_core.package_discovery:discover_packages(prefix_path) discover
[2.657s] DEBUG:colcon.colcon_installed_package_information.package_discovery:Found 0 installed packages in /home/ponnu/ros2_ws/install
[2.658s] DEBUG:colcon.colcon_installed_package_information.package_discovery:Found 271 installed packages in /opt/ros/humble
[2.661s] Level 1:colcon.colcon_core.package_discovery:discover_packages(prefix_path) using defaults
[2.747s] Level 5:colcon.colcon_core.verb:set package 'ros2_traffic_detector' build argument 'cmake_args' from command line to 'None'
[2.747s] Level 5:colcon.colcon_core.verb:set package 'ros2_traffic_detector' build argument 'cmake_target' from command line to 'None'
[2.748s] Level 5:colcon.colcon_core.verb:set package 'ros2_traffic_detector' build argument 'cmake_target_skip_unavailable' from command line to 'False'
[2.748s] Level 5:colcon.colcon_core.verb:set package 'ros2_traffic_detector' build argument 'cmake_clean_cache' from command line to 'False'
[2.748s] Level 5:colcon.colcon_core.verb:set package 'ros2_traffic_detector' build argument 'cmake_clean_first' from command line to 'False'
[2.748s] Level 5:colcon.colcon_core.verb:set package 'ros2_traffic_detector' build argument 'cmake_force_configure' from command line to 'False'
[2.748s] Level 5:colcon.colcon_core.verb:set package 'ros2_traffic_detector' build argument 'ament_cmake_args' from command line to 'None'
[2.748s] Level 5:colcon.colcon_core.verb:set package 'ros2_traffic_detector' build argument 'catkin_cmake_args' from command line to 'None'
[2.748s] Level 5:colcon.colcon_core.verb:set package 'ros2_traffic_detector' build argument 'catkin_skip_building_tests' from command line to 'False'
[2.748s] DEBUG:colcon.colcon_core.verb:Building package 'ros2_traffic_detector' with the following arguments: {'ament_cmake_args': None, 'build_base': '/home/ponnu/ros2_ws/build/ros2_traffic_detector', 'catkin_cmake_args': None, 'catkin_skip_building_tests': False, 'cmake_args': None, 'cmake_clean_cache': False, 'cmake_clean_first': False, 'cmake_force_configure': False, 'cmake_target': None, 'cmake_target_skip_unavailable': False, 'install_base': '/home/ponnu/ros2_ws/install/ros2_traffic_detector', 'merge_install': False, 'path': '/home/ponnu/ros2_ws/src/ros2_traffic_detector', 'symlink_install': False, 'test_result_base': None}
[2.748s] INFO:colcon.colcon_core.executor:Executing jobs using 'parallel' executor
[2.751s] DEBUG:colcon.colcon_parallel_executor.executor.parallel:run_until_complete
[2.752s] INFO:colcon.colcon_ros.task.ament_python.build:Building ROS package in '/home/ponnu/ros2_ws/src/ros2_traffic_detector' with build type 'ament_python'
[2.752s] Level 1:colcon.colcon_core.shell:create_environment_hook('ros2_traffic_detector', 'ament_prefix_path')
[2.758s] INFO:colcon.colcon_core.plugin_system:Skipping extension 'colcon_core.shell.bat': Not used on non-Windows systems
[2.759s] INFO:colcon.colcon_core.shell:Creating environment hook '/home/ponnu/ros2_ws/install/ros2_traffic_detector/share/ros2_traffic_detector/hook/ament_prefix_path.ps1'
[2.794s] INFO:colcon.colcon_core.shell:Creating environment descriptor '/home/ponnu/ros2_ws/install/ros2_traffic_detector/share/ros2_traffic_detector/hook/ament_prefix_path.dsv'
[2.795s] INFO:colcon.colcon_core.shell:Creating environment hook '/home/ponnu/ros2_ws/install/ros2_traffic_detector/share/ros2_traffic_detector/hook/ament_prefix_path.sh'
[2.797s] INFO:colcon.colcon_core.shell:Skip shell extension 'powershell' for command environment: Not usable outside of PowerShell
[2.797s] DEBUG:colcon.colcon_core.shell:Skip shell extension 'dsv' for command environment
[3.142s] INFO:colcon.colcon_core.task.python.build:Building Python package in '/home/ponnu/ros2_ws/src/ros2_traffic_detector'
[3.142s] INFO:colcon.colcon_core.shell:Skip shell extension 'powershell' for command environment: Not usable outside of PowerShell
[3.142s] DEBUG:colcon.colcon_core.shell:Skip shell extension 'dsv' for command environment
[5.262s] DEBUG:colcon.colcon_core.event_handler.log_command:Invoking command in '/home/ponnu/ros2_ws/src/ros2_traffic_detector': PYTHONPATH=/home/ponnu/ros2_ws/build/ros2_traffic_detector/prefix_override:/usr/lib/python3/dist-packages/colcon_core/task/python/colcon_distutils_commands:/home/ponnu/ros2_ws/install/ros2_traffic_detector/lib/python3.10/site-packages:${PYTHONPATH} /usr/bin/python3 -W ignore:setup.py install is deprecated -W ignore:easy_install command is deprecated setup.py egg_info --egg-base ../../build/ros2_traffic_detector build --build-base /home/ponnu/ros2_ws/build/ros2_traffic_detector/build install --record /home/ponnu/ros2_ws/build/ros2_traffic_detector/install.log --single-version-externally-managed install_data
[5.780s] DEBUG:colcon.colcon_core.event_handler.log_command:Invoked command in '/home/ponnu/ros2_ws/src/ros2_traffic_detector' returned '0': PYTHONPATH=/home/ponnu/ros2_ws/build/ros2_traffic_detector/prefix_override:/usr/lib/python3/dist-packages/colcon_core/task/python/colcon_distutils_commands:/home/ponnu/ros2_ws/install/ros2_traffic_detector/lib/python3.10/site-packages:${PYTHONPATH} /usr/bin/python3 -W ignore:setup.py install is deprecated -W ignore:easy_install command is deprecated setup.py egg_info --egg-base ../../build/ros2_traffic_detector build --build-base /home/ponnu/ros2_ws/build/ros2_traffic_detector/build install --record /home/ponnu/ros2_ws/build/ros2_traffic_detector/install.log --single-version-externally-managed install_data
[5.900s] Level 1:colcon.colcon_core.environment:checking '/home/ponnu/ros2_ws/install/ros2_traffic_detector' for CMake module files
[5.902s] Level 1:colcon.colcon_core.environment:checking '/home/ponnu/ros2_ws/install/ros2_traffic_detector' for CMake config files
[5.905s] Level 1:colcon.colcon_core.environment:checking '/home/ponnu/ros2_ws/install/ros2_traffic_detector/lib'
[5.905s] Level 1:colcon.colcon_core.environment:checking '/home/ponnu/ros2_ws/install/ros2_traffic_detector/bin'
[5.905s] Level 1:colcon.colcon_core.environment:checking '/home/ponnu/ros2_ws/install/ros2_traffic_detector/lib/pkgconfig/ros2_traffic_detector.pc'
[5.906s] Level 1:colcon.colcon_core.environment:checking '/home/ponnu/ros2_ws/install/ros2_traffic_detector/lib/python3.10/site-packages'
[5.906s] Level 1:colcon.colcon_core.shell:create_environment_hook('ros2_traffic_detector', 'pythonpath')
[5.906s] INFO:colcon.colcon_core.shell:Creating environment hook '/home/ponnu/ros2_ws/install/ros2_traffic_detector/share/ros2_traffic_detector/hook/pythonpath.ps1'
[5.907s] INFO:colcon.colcon_core.shell:Creating environment descriptor '/home/ponnu/ros2_ws/install/ros2_traffic_detector/share/ros2_traffic_detector/hook/pythonpath.dsv'
[5.908s] INFO:colcon.colcon_core.shell:Creating environment hook '/home/ponnu/ros2_ws/install/ros2_traffic_detector/share/ros2_traffic_detector/hook/pythonpath.sh'
[5.910s] Level 1:colcon.colcon_core.environment:checking '/home/ponnu/ros2_ws/install/ros2_traffic_detector/bin'
[5.910s] Level 1:colcon.colcon_core.environment:create_environment_scripts_only(ros2_traffic_detector)
[5.910s] INFO:colcon.colcon_core.shell:Creating package script '/home/ponnu/ros2_ws/install/ros2_traffic_detector/share/ros2_traffic_detector/package.ps1'
[5.911s] INFO:colcon.colcon_core.shell:Creating package descriptor '/home/ponnu/ros2_ws/install/ros2_traffic_detector/share/ros2_traffic_detector/package.dsv'
[5.912s] INFO:colcon.colcon_core.shell:Creating package script '/home/ponnu/ros2_ws/install/ros2_traffic_detector/share/ros2_traffic_detector/package.sh'
[5.913s] INFO:colcon.colcon_core.shell:Creating package script '/home/ponnu/ros2_ws/install/ros2_traffic_detector/share/ros2_traffic_detector/package.bash'
[5.933s] INFO:colcon.colcon_core.shell:Creating package script '/home/ponnu/ros2_ws/install/ros2_traffic_detector/share/ros2_traffic_detector/package.zsh'
[5.937s] Level 1:colcon.colcon_core.environment:create_file_with_runtime_dependencies(/home/ponnu/ros2_ws/install/ros2_traffic_detector/share/colcon-core/packages/ros2_traffic_detector)
[5.938s] DEBUG:colcon.colcon_parallel_executor.executor.parallel:closing loop
[5.940s] DEBUG:colcon.colcon_parallel_executor.executor.parallel:loop closed
[5.940s] DEBUG:colcon.colcon_parallel_executor.executor.parallel:run_until_complete finished with '0'
[5.940s] DEBUG:colcon.colcon_core.event_reactor:joining thread
[6.130s] INFO:colcon.colcon_core.plugin_system:Skipping extension 'colcon_notification.desktop_notification.notify_send': Could not find 'notify-send'
[6.130s] INFO:colcon.colcon_core.plugin_system:Skipping extension 'colcon_notification.desktop_notification.terminal_notifier': Not used on non-Darwin systems
[6.130s] INFO:colcon.colcon_core.plugin_system:Skipping extension 'colcon_notification.desktop_notification.win32': Not used on non-Windows systems
[6.130s] INFO:colcon.colcon_notification.desktop_notification:Sending desktop notification using 'notify2'
[6.130s] DEBUG:colcon.colcon_notification.desktop_notification.notify2:Failed to initialize notify2: org.freedesktop.DBus.Error.FileNotFound: Failed to connect to socket /run/user/1000/bus: No such file or directory
[6.130s] DEBUG:colcon.colcon_core.event_reactor:joined thread
[6.131s] INFO:colcon.colcon_core.shell:Creating prefix script '/home/ponnu/ros2_ws/install/local_setup.ps1'
[6.132s] INFO:colcon.colcon_core.shell:Creating prefix util module '/home/ponnu/ros2_ws/install/_local_setup_util_ps1.py'
[6.133s] INFO:colcon.colcon_core.shell:Creating prefix chain script '/home/ponnu/ros2_ws/install/setup.ps1'
[6.134s] INFO:colcon.colcon_core.shell:Creating prefix script '/home/ponnu/ros2_ws/install/local_setup.sh'
[6.134s] INFO:colcon.colcon_core.shell:Creating prefix util module '/home/ponnu/ros2_ws/install/_local_setup_util_sh.py'
[6.135s] INFO:colcon.colcon_core.shell:Creating prefix chain script '/home/ponnu/ros2_ws/install/setup.sh'
[6.136s] INFO:colcon.colcon_core.shell:Creating prefix script '/home/ponnu/ros2_ws/install/local_setup.bash'
[6.137s] INFO:colcon.colcon_core.shell:Creating prefix chain script '/home/ponnu/ros2_ws/install/setup.bash'
[6.138s] INFO:colcon.colcon_core.shell:Creating prefix script '/home/ponnu/ros2_ws/install/local_setup.zsh'
[6.164s] INFO:colcon.colcon_core.shell:Creating prefix chain script '/home/ponnu/ros2_ws/install/setup.zsh'
