[0.634s] DEBUG:colcon:Command line arguments: ['/usr/bin/colcon', 'build', '--packages-select', 'ros2_traffic_detector']
[0.634s] DEBUG:colcon:Parsed command line arguments: Namespace(log_base=None, log_level=None, verb_name='build', build_base='build', install_base='install', merge_install=False, symlink_install=False, test_result_base=None, continue_on_error=False, executor='parallel', parallel_workers=4, event_handlers=None, ignore_user_meta=False, metas=['./colcon.meta'], base_paths=['.'], packages_ignore=None, packages_ignore_regex=None, paths=None, packages_up_to=None, packages_up_to_regex=None, packages_above=None, packages_above_and_dependencies=None, packages_above_depth=None, packages_select_by_dep=None, packages_skip_by_dep=None, packages_skip_up_to=None, packages_select_build_failed=False, packages_skip_build_finished=False, packages_select_test_failures=False, packages_skip_test_passed=False, packages_select=['ros2_traffic_detector'], packages_skip=None, packages_select_regex=None, packages_skip_regex=None, packages_start=None, packages_end=None, allow_overriding=[], cmake_args=None, cmake_target=None, cmake_target_skip_unavailable=False, cmake_clean_cache=False, cmake_clean_first=False, cmake_force_configure=False, ament_cmake_args=None, catkin_cmake_args=None, catkin_skip_building_tests=False, verb_parser=<colcon_defaults.argument_parser.defaults.DefaultArgumentsDecorator object at 0x7e4610bfb5b0>, verb_extension=<colcon_core.verb.build.BuildVerb object at 0x7e4610d70100>, main=<bound method BuildVerb.main of <colcon_core.verb.build.BuildVerb object at 0x7e4610d70100>>)
[1.201s] Level 1:colcon.colcon_core.package_discovery:discover_packages(colcon_meta) check parameters
[1.201s] Level 1:colcon.colcon_core.package_discovery:discover_packages(recursive) check parameters
[1.201s] Level 1:colcon.colcon_core.package_discovery:discover_packages(ignore) check parameters
[1.201s] Level 1:colcon.colcon_core.package_discovery:discover_packages(path) check parameters
[1.201s] Level 1:colcon.colcon_core.package_discovery:discover_packages(colcon_meta) discover
[1.201s] Level 1:colcon.colcon_core.package_discovery:discover_packages(recursive) discover
[1.201s] INFO:colcon.colcon_core.package_discovery:Crawling recursively for packages in '/home/ponnu/ros2_ws'
[1.201s] Level 1:colcon.colcon_core.package_identification:_identify(.) by extensions ['ignore', 'ignore_ament_install']
[1.201s] Level 1:colcon.colcon_core.package_identification:_identify(.) by extension 'ignore'
[1.201s] Level 1:colcon.colcon_core.package_identification:_identify(.) by extension 'ignore_ament_install'
[1.201s] Level 1:colcon.colcon_core.package_identification:_identify(.) by extensions ['colcon_pkg']
[1.201s] Level 1:colcon.colcon_core.package_identification:_identify(.) by extension 'colcon_pkg'
[1.201s] Level 1:colcon.colcon_core.package_identification:_identify(.) by extensions ['colcon_meta']
[1.201s] Level 1:colcon.colcon_core.package_identification:_identify(.) by extension 'colcon_meta'
[1.201s] Level 1:colcon.colcon_core.package_identification:_identify(.) by extensions ['ros']
[1.201s] Level 1:colcon.colcon_core.package_identification:_identify(.) by extension 'ros'
[1.229s] Level 1:colcon.colcon_core.package_identification:_identify(.) by extensions ['cmake', 'python']
[1.229s] Level 1:colcon.colcon_core.package_identification:_identify(.) by extension 'cmake'
[1.229s] Level 1:colcon.colcon_core.package_identification:_identify(.) by extension 'python'
[1.229s] Level 1:colcon.colcon_core.package_identification:_identify(.) by extensions ['python_setup_py']
[1.229s] Level 1:colcon.colcon_core.package_identification:_identify(.) by extension 'python_setup_py'
[1.229s] Level 1:colcon.colcon_core.package_identification:_identify(build) by extensions ['ignore', 'ignore_ament_install']
[1.229s] Level 1:colcon.colcon_core.package_identification:_identify(build) by extension 'ignore'
[1.229s] Level 1:colcon.colcon_core.package_identification:_identify(build) ignored
[1.230s] Level 1:colcon.colcon_core.package_identification:_identify(datasets) by extensions ['ignore', 'ignore_ament_install']
[1.230s] Level 1:colcon.colcon_core.package_identification:_identify(datasets) by extension 'ignore'
[1.230s] Level 1:colcon.colcon_core.package_identification:_identify(datasets) by extension 'ignore_ament_install'
[1.231s] Level 1:colcon.colcon_core.package_identification:_identify(datasets) by extensions ['colcon_pkg']
[1.231s] Level 1:colcon.colcon_core.package_identification:_identify(datasets) by extension 'colcon_pkg'
[1.231s] Level 1:colcon.colcon_core.package_identification:_identify(datasets) by extensions ['colcon_meta']
[1.231s] Level 1:colcon.colcon_core.package_identification:_identify(datasets) by extension 'colcon_meta'
[1.231s] Level 1:colcon.colcon_core.package_identification:_identify(datasets) by extensions ['ros']
[1.231s] Level 1:colcon.colcon_core.package_identification:_identify(datasets) by extension 'ros'
[1.231s] Level 1:colcon.colcon_core.package_identification:_identify(datasets) by extensions ['cmake', 'python']
[1.231s] Level 1:colcon.colcon_core.package_identification:_identify(datasets) by extension 'cmake'
[1.231s] Level 1:colcon.colcon_core.package_identification:_identify(datasets) by extension 'python'
[1.231s] Level 1:colcon.colcon_core.package_identification:_identify(datasets) by extensions ['python_setup_py']
[1.231s] Level 1:colcon.colcon_core.package_identification:_identify(datasets) by extension 'python_setup_py'
[1.232s] Level 1:colcon.colcon_core.package_identification:_identify(datasets/rgb) by extensions ['ignore', 'ignore_ament_install']
[1.232s] Level 1:colcon.colcon_core.package_identification:_identify(datasets/rgb) by extension 'ignore'
[1.232s] Level 1:colcon.colcon_core.package_identification:_identify(datasets/rgb) by extension 'ignore_ament_install'
[1.232s] Level 1:colcon.colcon_core.package_identification:_identify(datasets/rgb) by extensions ['colcon_pkg']
[1.232s] Level 1:colcon.colcon_core.package_identification:_identify(datasets/rgb) by extension 'colcon_pkg'
[1.232s] Level 1:colcon.colcon_core.package_identification:_identify(datasets/rgb) by extensions ['colcon_meta']
[1.232s] Level 1:colcon.colcon_core.package_identification:_identify(datasets/rgb) by extension 'colcon_meta'
[1.232s] Level 1:colcon.colcon_core.package_identification:_identify(datasets/rgb) by extensions ['ros']
[1.232s] Level 1:colcon.colcon_core.package_identification:_identify(datasets/rgb) by extension 'ros'
[1.232s] Level 1:colcon.colcon_core.package_identification:_identify(datasets/rgb) by extensions ['cmake', 'python']
[1.232s] Level 1:colcon.colcon_core.package_identification:_identify(datasets/rgb) by extension 'cmake'
[1.232s] Level 1:colcon.colcon_core.package_identification:_identify(datasets/rgb) by extension 'python'
[1.232s] Level 1:colcon.colcon_core.package_identification:_identify(datasets/rgb) by extensions ['python_setup_py']
[1.232s] Level 1:colcon.colcon_core.package_identification:_identify(datasets/rgb) by extension 'python_setup_py'
[1.233s] Level 1:colcon.colcon_core.package_identification:_identify(datasets/rgb/additional) by extensions ['ignore', 'ignore_ament_install']
[1.233s] Level 1:colcon.colcon_core.package_identification:_identify(datasets/rgb/additional) by extension 'ignore'
[1.233s] Level 1:colcon.colcon_core.package_identification:_identify(datasets/rgb/additional) by extension 'ignore_ament_install'
[1.233s] Level 1:colcon.colcon_core.package_identification:_identify(datasets/rgb/additional) by extensions ['colcon_pkg']
[1.233s] Level 1:colcon.colcon_core.package_identification:_identify(datasets/rgb/additional) by extension 'colcon_pkg'
[1.233s] Level 1:colcon.colcon_core.package_identification:_identify(datasets/rgb/additional) by extensions ['colcon_meta']
[1.233s] Level 1:colcon.colcon_core.package_identification:_identify(datasets/rgb/additional) by extension 'colcon_meta'
[1.233s] Level 1:colcon.colcon_core.package_identification:_identify(datasets/rgb/additional) by extensions ['ros']
[1.233s] Level 1:colcon.colcon_core.package_identification:_identify(datasets/rgb/additional) by extension 'ros'
[1.234s] Level 1:colcon.colcon_core.package_identification:_identify(datasets/rgb/additional) by extensions ['cmake', 'python']
[1.234s] Level 1:colcon.colcon_core.package_identification:_identify(datasets/rgb/additional) by extension 'cmake'
[1.234s] Level 1:colcon.colcon_core.package_identification:_identify(datasets/rgb/additional) by extension 'python'
[1.234s] Level 1:colcon.colcon_core.package_identification:_identify(datasets/rgb/additional) by extensions ['python_setup_py']
[1.234s] Level 1:colcon.colcon_core.package_identification:_identify(datasets/rgb/additional) by extension 'python_setup_py'
[1.235s] Level 1:colcon.colcon_core.package_identification:_identify(datasets/rgb/additional/2015-10-05-10-52-01_bag) by extensions ['ignore', 'ignore_ament_install']
[1.235s] Level 1:colcon.colcon_core.package_identification:_identify(datasets/rgb/additional/2015-10-05-10-52-01_bag) by extension 'ignore'
[1.235s] Level 1:colcon.colcon_core.package_identification:_identify(datasets/rgb/additional/2015-10-05-10-52-01_bag) by extension 'ignore_ament_install'
[1.235s] Level 1:colcon.colcon_core.package_identification:_identify(datasets/rgb/additional/2015-10-05-10-52-01_bag) by extensions ['colcon_pkg']
[1.235s] Level 1:colcon.colcon_core.package_identification:_identify(datasets/rgb/additional/2015-10-05-10-52-01_bag) by extension 'colcon_pkg'
[1.235s] Level 1:colcon.colcon_core.package_identification:_identify(datasets/rgb/additional/2015-10-05-10-52-01_bag) by extensions ['colcon_meta']
[1.235s] Level 1:colcon.colcon_core.package_identification:_identify(datasets/rgb/additional/2015-10-05-10-52-01_bag) by extension 'colcon_meta'
[1.235s] Level 1:colcon.colcon_core.package_identification:_identify(datasets/rgb/additional/2015-10-05-10-52-01_bag) by extensions ['ros']
[1.235s] Level 1:colcon.colcon_core.package_identification:_identify(datasets/rgb/additional/2015-10-05-10-52-01_bag) by extension 'ros'
[1.235s] Level 1:colcon.colcon_core.package_identification:_identify(datasets/rgb/additional/2015-10-05-10-52-01_bag) by extensions ['cmake', 'python']
[1.235s] Level 1:colcon.colcon_core.package_identification:_identify(datasets/rgb/additional/2015-10-05-10-52-01_bag) by extension 'cmake'
[1.235s] Level 1:colcon.colcon_core.package_identification:_identify(datasets/rgb/additional/2015-10-05-10-52-01_bag) by extension 'python'
[1.235s] Level 1:colcon.colcon_core.package_identification:_identify(datasets/rgb/additional/2015-10-05-10-52-01_bag) by extensions ['python_setup_py']
[1.235s] Level 1:colcon.colcon_core.package_identification:_identify(datasets/rgb/additional/2015-10-05-10-52-01_bag) by extension 'python_setup_py'
[1.236s] Level 1:colcon.colcon_core.package_identification:_identify(datasets/rgb/additional/2015-10-05-10-55-33_bag) by extensions ['ignore', 'ignore_ament_install']
[1.236s] Level 1:colcon.colcon_core.package_identification:_identify(datasets/rgb/additional/2015-10-05-10-55-33_bag) by extension 'ignore'
[1.236s] Level 1:colcon.colcon_core.package_identification:_identify(datasets/rgb/additional/2015-10-05-10-55-33_bag) by extension 'ignore_ament_install'
[1.236s] Level 1:colcon.colcon_core.package_identification:_identify(datasets/rgb/additional/2015-10-05-10-55-33_bag) by extensions ['colcon_pkg']
[1.236s] Level 1:colcon.colcon_core.package_identification:_identify(datasets/rgb/additional/2015-10-05-10-55-33_bag) by extension 'colcon_pkg'
[1.237s] Level 1:colcon.colcon_core.package_identification:_identify(datasets/rgb/additional/2015-10-05-10-55-33_bag) by extensions ['colcon_meta']
[1.237s] Level 1:colcon.colcon_core.package_identification:_identify(datasets/rgb/additional/2015-10-05-10-55-33_bag) by extension 'colcon_meta'
[1.237s] Level 1:colcon.colcon_core.package_identification:_identify(datasets/rgb/additional/2015-10-05-10-55-33_bag) by extensions ['ros']
[1.237s] Level 1:colcon.colcon_core.package_identification:_identify(datasets/rgb/additional/2015-10-05-10-55-33_bag) by extension 'ros'
[1.237s] Level 1:colcon.colcon_core.package_identification:_identify(datasets/rgb/additional/2015-10-05-10-55-33_bag) by extensions ['cmake', 'python']
[1.237s] Level 1:colcon.colcon_core.package_identification:_identify(datasets/rgb/additional/2015-10-05-10-55-33_bag) by extension 'cmake'
[1.237s] Level 1:colcon.colcon_core.package_identification:_identify(datasets/rgb/additional/2015-10-05-10-55-33_bag) by extension 'python'
[1.237s] Level 1:colcon.colcon_core.package_identification:_identify(datasets/rgb/additional/2015-10-05-10-55-33_bag) by extensions ['python_setup_py']
[1.237s] Level 1:colcon.colcon_core.package_identification:_identify(datasets/rgb/additional/2015-10-05-10-55-33_bag) by extension 'python_setup_py'
[1.239s] Level 1:colcon.colcon_core.package_identification:_identify(datasets/rgb/additional/2015-10-05-11-26-32_bag) by extensions ['ignore', 'ignore_ament_install']
[1.239s] Level 1:colcon.colcon_core.package_identification:_identify(datasets/rgb/additional/2015-10-05-11-26-32_bag) by extension 'ignore'
[1.239s] Level 1:colcon.colcon_core.package_identification:_identify(datasets/rgb/additional/2015-10-05-11-26-32_bag) by extension 'ignore_ament_install'
[1.239s] Level 1:colcon.colcon_core.package_identification:_identify(datasets/rgb/additional/2015-10-05-11-26-32_bag) by extensions ['colcon_pkg']
[1.240s] Level 1:colcon.colcon_core.package_identification:_identify(datasets/rgb/additional/2015-10-05-11-26-32_bag) by extension 'colcon_pkg'
[1.240s] Level 1:colcon.colcon_core.package_identification:_identify(datasets/rgb/additional/2015-10-05-11-26-32_bag) by extensions ['colcon_meta']
[1.240s] Level 1:colcon.colcon_core.package_identification:_identify(datasets/rgb/additional/2015-10-05-11-26-32_bag) by extension 'colcon_meta'
[1.240s] Level 1:colcon.colcon_core.package_identification:_identify(datasets/rgb/additional/2015-10-05-11-26-32_bag) by extensions ['ros']
[1.240s] Level 1:colcon.colcon_core.package_identification:_identify(datasets/rgb/additional/2015-10-05-11-26-32_bag) by extension 'ros'
[1.240s] Level 1:colcon.colcon_core.package_identification:_identify(datasets/rgb/additional/2015-10-05-11-26-32_bag) by extensions ['cmake', 'python']
[1.240s] Level 1:colcon.colcon_core.package_identification:_identify(datasets/rgb/additional/2015-10-05-11-26-32_bag) by extension 'cmake'
[1.240s] Level 1:colcon.colcon_core.package_identification:_identify(datasets/rgb/additional/2015-10-05-11-26-32_bag) by extension 'python'
[1.240s] Level 1:colcon.colcon_core.package_identification:_identify(datasets/rgb/additional/2015-10-05-11-26-32_bag) by extensions ['python_setup_py']
[1.240s] Level 1:colcon.colcon_core.package_identification:_identify(datasets/rgb/additional/2015-10-05-11-26-32_bag) by extension 'python_setup_py'
[1.240s] Level 1:colcon.colcon_core.package_identification:_identify(datasets/rgb/additional/2015-10-05-14-40-46_bag) by extensions ['ignore', 'ignore_ament_install']
[1.241s] Level 1:colcon.colcon_core.package_identification:_identify(datasets/rgb/additional/2015-10-05-14-40-46_bag) by extension 'ignore'
[1.241s] Level 1:colcon.colcon_core.package_identification:_identify(datasets/rgb/additional/2015-10-05-14-40-46_bag) by extension 'ignore_ament_install'
[1.241s] Level 1:colcon.colcon_core.package_identification:_identify(datasets/rgb/additional/2015-10-05-14-40-46_bag) by extensions ['colcon_pkg']
[1.241s] Level 1:colcon.colcon_core.package_identification:_identify(datasets/rgb/additional/2015-10-05-14-40-46_bag) by extension 'colcon_pkg'
[1.241s] Level 1:colcon.colcon_core.package_identification:_identify(datasets/rgb/additional/2015-10-05-14-40-46_bag) by extensions ['colcon_meta']
[1.241s] Level 1:colcon.colcon_core.package_identification:_identify(datasets/rgb/additional/2015-10-05-14-40-46_bag) by extension 'colcon_meta'
[1.241s] Level 1:colcon.colcon_core.package_identification:_identify(datasets/rgb/additional/2015-10-05-14-40-46_bag) by extensions ['ros']
[1.241s] Level 1:colcon.colcon_core.package_identification:_identify(datasets/rgb/additional/2015-10-05-14-40-46_bag) by extension 'ros'
[1.241s] Level 1:colcon.colcon_core.package_identification:_identify(datasets/rgb/additional/2015-10-05-14-40-46_bag) by extensions ['cmake', 'python']
[1.241s] Level 1:colcon.colcon_core.package_identification:_identify(datasets/rgb/additional/2015-10-05-14-40-46_bag) by extension 'cmake'
[1.241s] Level 1:colcon.colcon_core.package_identification:_identify(datasets/rgb/additional/2015-10-05-14-40-46_bag) by extension 'python'
[1.242s] Level 1:colcon.colcon_core.package_identification:_identify(datasets/rgb/additional/2015-10-05-14-40-46_bag) by extensions ['python_setup_py']
[1.242s] Level 1:colcon.colcon_core.package_identification:_identify(datasets/rgb/additional/2015-10-05-14-40-46_bag) by extension 'python_setup_py'
[1.243s] Level 1:colcon.colcon_core.package_identification:_identify(datasets/rgb/additional/2015-10-05-16-02-30_bag) by extensions ['ignore', 'ignore_ament_install']
[1.243s] Level 1:colcon.colcon_core.package_identification:_identify(datasets/rgb/additional/2015-10-05-16-02-30_bag) by extension 'ignore'
[1.243s] Level 1:colcon.colcon_core.package_identification:_identify(datasets/rgb/additional/2015-10-05-16-02-30_bag) by extension 'ignore_ament_install'
[1.243s] Level 1:colcon.colcon_core.package_identification:_identify(datasets/rgb/additional/2015-10-05-16-02-30_bag) by extensions ['colcon_pkg']
[1.243s] Level 1:colcon.colcon_core.package_identification:_identify(datasets/rgb/additional/2015-10-05-16-02-30_bag) by extension 'colcon_pkg'
[1.243s] Level 1:colcon.colcon_core.package_identification:_identify(datasets/rgb/additional/2015-10-05-16-02-30_bag) by extensions ['colcon_meta']
[1.243s] Level 1:colcon.colcon_core.package_identification:_identify(datasets/rgb/additional/2015-10-05-16-02-30_bag) by extension 'colcon_meta'
[1.243s] Level 1:colcon.colcon_core.package_identification:_identify(datasets/rgb/additional/2015-10-05-16-02-30_bag) by extensions ['ros']
[1.243s] Level 1:colcon.colcon_core.package_identification:_identify(datasets/rgb/additional/2015-10-05-16-02-30_bag) by extension 'ros'
[1.243s] Level 1:colcon.colcon_core.package_identification:_identify(datasets/rgb/additional/2015-10-05-16-02-30_bag) by extensions ['cmake', 'python']
[1.243s] Level 1:colcon.colcon_core.package_identification:_identify(datasets/rgb/additional/2015-10-05-16-02-30_bag) by extension 'cmake'
[1.243s] Level 1:colcon.colcon_core.package_identification:_identify(datasets/rgb/additional/2015-10-05-16-02-30_bag) by extension 'python'
[1.243s] Level 1:colcon.colcon_core.package_identification:_identify(datasets/rgb/additional/2015-10-05-16-02-30_bag) by extensions ['python_setup_py']
[1.243s] Level 1:colcon.colcon_core.package_identification:_identify(datasets/rgb/additional/2015-10-05-16-02-30_bag) by extension 'python_setup_py'
[1.244s] Level 1:colcon.colcon_core.package_identification:_identify(datasets/rgb/additional/labels) by extensions ['ignore', 'ignore_ament_install']
[1.244s] Level 1:colcon.colcon_core.package_identification:_identify(datasets/rgb/additional/labels) by extension 'ignore'
[1.244s] Level 1:colcon.colcon_core.package_identification:_identify(datasets/rgb/additional/labels) by extension 'ignore_ament_install'
[1.245s] Level 1:colcon.colcon_core.package_identification:_identify(datasets/rgb/additional/labels) by extensions ['colcon_pkg']
[1.245s] Level 1:colcon.colcon_core.package_identification:_identify(datasets/rgb/additional/labels) by extension 'colcon_pkg'
[1.245s] Level 1:colcon.colcon_core.package_identification:_identify(datasets/rgb/additional/labels) by extensions ['colcon_meta']
[1.245s] Level 1:colcon.colcon_core.package_identification:_identify(datasets/rgb/additional/labels) by extension 'colcon_meta'
[1.245s] Level 1:colcon.colcon_core.package_identification:_identify(datasets/rgb/additional/labels) by extensions ['ros']
[1.245s] Level 1:colcon.colcon_core.package_identification:_identify(datasets/rgb/additional/labels) by extension 'ros'
[1.245s] Level 1:colcon.colcon_core.package_identification:_identify(datasets/rgb/additional/labels) by extensions ['cmake', 'python']
[1.245s] Level 1:colcon.colcon_core.package_identification:_identify(datasets/rgb/additional/labels) by extension 'cmake'
[1.245s] Level 1:colcon.colcon_core.package_identification:_identify(datasets/rgb/additional/labels) by extension 'python'
[1.245s] Level 1:colcon.colcon_core.package_identification:_identify(datasets/rgb/additional/labels) by extensions ['python_setup_py']
[1.245s] Level 1:colcon.colcon_core.package_identification:_identify(datasets/rgb/additional/labels) by extension 'python_setup_py'
[1.246s] Level 1:colcon.colcon_core.package_identification:_identify(datasets/rgb/yolo) by extensions ['ignore', 'ignore_ament_install']
[1.246s] Level 1:colcon.colcon_core.package_identification:_identify(datasets/rgb/yolo) by extension 'ignore'
[1.246s] Level 1:colcon.colcon_core.package_identification:_identify(datasets/rgb/yolo) by extension 'ignore_ament_install'
[1.246s] Level 1:colcon.colcon_core.package_identification:_identify(datasets/rgb/yolo) by extensions ['colcon_pkg']
[1.246s] Level 1:colcon.colcon_core.package_identification:_identify(datasets/rgb/yolo) by extension 'colcon_pkg'
[1.246s] Level 1:colcon.colcon_core.package_identification:_identify(datasets/rgb/yolo) by extensions ['colcon_meta']
[1.246s] Level 1:colcon.colcon_core.package_identification:_identify(datasets/rgb/yolo) by extension 'colcon_meta'
[1.246s] Level 1:colcon.colcon_core.package_identification:_identify(datasets/rgb/yolo) by extensions ['ros']
[1.246s] Level 1:colcon.colcon_core.package_identification:_identify(datasets/rgb/yolo) by extension 'ros'
[1.246s] Level 1:colcon.colcon_core.package_identification:_identify(datasets/rgb/yolo) by extensions ['cmake', 'python']
[1.246s] Level 1:colcon.colcon_core.package_identification:_identify(datasets/rgb/yolo) by extension 'cmake'
[1.246s] Level 1:colcon.colcon_core.package_identification:_identify(datasets/rgb/yolo) by extension 'python'
[1.246s] Level 1:colcon.colcon_core.package_identification:_identify(datasets/rgb/yolo) by extensions ['python_setup_py']
[1.246s] Level 1:colcon.colcon_core.package_identification:_identify(datasets/rgb/yolo) by extension 'python_setup_py'
[1.247s] Level 1:colcon.colcon_core.package_identification:_identify(datasets/rgb/yolo/images) by extensions ['ignore', 'ignore_ament_install']
[1.247s] Level 1:colcon.colcon_core.package_identification:_identify(datasets/rgb/yolo/images) by extension 'ignore'
[1.247s] Level 1:colcon.colcon_core.package_identification:_identify(datasets/rgb/yolo/images) by extension 'ignore_ament_install'
[1.247s] Level 1:colcon.colcon_core.package_identification:_identify(datasets/rgb/yolo/images) by extensions ['colcon_pkg']
[1.247s] Level 1:colcon.colcon_core.package_identification:_identify(datasets/rgb/yolo/images) by extension 'colcon_pkg'
[1.247s] Level 1:colcon.colcon_core.package_identification:_identify(datasets/rgb/yolo/images) by extensions ['colcon_meta']
[1.247s] Level 1:colcon.colcon_core.package_identification:_identify(datasets/rgb/yolo/images) by extension 'colcon_meta'
[1.247s] Level 1:colcon.colcon_core.package_identification:_identify(datasets/rgb/yolo/images) by extensions ['ros']
[1.247s] Level 1:colcon.colcon_core.package_identification:_identify(datasets/rgb/yolo/images) by extension 'ros'
[1.247s] Level 1:colcon.colcon_core.package_identification:_identify(datasets/rgb/yolo/images) by extensions ['cmake', 'python']
[1.247s] Level 1:colcon.colcon_core.package_identification:_identify(datasets/rgb/yolo/images) by extension 'cmake'
[1.247s] Level 1:colcon.colcon_core.package_identification:_identify(datasets/rgb/yolo/images) by extension 'python'
[1.247s] Level 1:colcon.colcon_core.package_identification:_identify(datasets/rgb/yolo/images) by extensions ['python_setup_py']
[1.247s] Level 1:colcon.colcon_core.package_identification:_identify(datasets/rgb/yolo/images) by extension 'python_setup_py'
[1.248s] Level 1:colcon.colcon_core.package_identification:_identify(datasets/rgb/yolo/images/train) by extensions ['ignore', 'ignore_ament_install']
[1.248s] Level 1:colcon.colcon_core.package_identification:_identify(datasets/rgb/yolo/images/train) by extension 'ignore'
[1.248s] Level 1:colcon.colcon_core.package_identification:_identify(datasets/rgb/yolo/images/train) by extension 'ignore_ament_install'
[1.248s] Level 1:colcon.colcon_core.package_identification:_identify(datasets/rgb/yolo/images/train) by extensions ['colcon_pkg']
[1.248s] Level 1:colcon.colcon_core.package_identification:_identify(datasets/rgb/yolo/images/train) by extension 'colcon_pkg'
[1.248s] Level 1:colcon.colcon_core.package_identification:_identify(datasets/rgb/yolo/images/train) by extensions ['colcon_meta']
[1.248s] Level 1:colcon.colcon_core.package_identification:_identify(datasets/rgb/yolo/images/train) by extension 'colcon_meta'
[1.249s] Level 1:colcon.colcon_core.package_identification:_identify(datasets/rgb/yolo/images/train) by extensions ['ros']
[1.249s] Level 1:colcon.colcon_core.package_identification:_identify(datasets/rgb/yolo/images/train) by extension 'ros'
[1.249s] Level 1:colcon.colcon_core.package_identification:_identify(datasets/rgb/yolo/images/train) by extensions ['cmake', 'python']
[1.249s] Level 1:colcon.colcon_core.package_identification:_identify(datasets/rgb/yolo/images/train) by extension 'cmake'
[1.249s] Level 1:colcon.colcon_core.package_identification:_identify(datasets/rgb/yolo/images/train) by extension 'python'
[1.249s] Level 1:colcon.colcon_core.package_identification:_identify(datasets/rgb/yolo/images/train) by extensions ['python_setup_py']
[1.249s] Level 1:colcon.colcon_core.package_identification:_identify(datasets/rgb/yolo/images/train) by extension 'python_setup_py'
[1.250s] Level 1:colcon.colcon_core.package_identification:_identify(datasets/rgb/yolo/labels) by extensions ['ignore', 'ignore_ament_install']
[1.250s] Level 1:colcon.colcon_core.package_identification:_identify(datasets/rgb/yolo/labels) by extension 'ignore'
[1.250s] Level 1:colcon.colcon_core.package_identification:_identify(datasets/rgb/yolo/labels) by extension 'ignore_ament_install'
[1.250s] Level 1:colcon.colcon_core.package_identification:_identify(datasets/rgb/yolo/labels) by extensions ['colcon_pkg']
[1.250s] Level 1:colcon.colcon_core.package_identification:_identify(datasets/rgb/yolo/labels) by extension 'colcon_pkg'
[1.250s] Level 1:colcon.colcon_core.package_identification:_identify(datasets/rgb/yolo/labels) by extensions ['colcon_meta']
[1.250s] Level 1:colcon.colcon_core.package_identification:_identify(datasets/rgb/yolo/labels) by extension 'colcon_meta'
[1.250s] Level 1:colcon.colcon_core.package_identification:_identify(datasets/rgb/yolo/labels) by extensions ['ros']
[1.251s] Level 1:colcon.colcon_core.package_identification:_identify(datasets/rgb/yolo/labels) by extension 'ros'
[1.251s] Level 1:colcon.colcon_core.package_identification:_identify(datasets/rgb/yolo/labels) by extensions ['cmake', 'python']
[1.251s] Level 1:colcon.colcon_core.package_identification:_identify(datasets/rgb/yolo/labels) by extension 'cmake'
[1.251s] Level 1:colcon.colcon_core.package_identification:_identify(datasets/rgb/yolo/labels) by extension 'python'
[1.251s] Level 1:colcon.colcon_core.package_identification:_identify(datasets/rgb/yolo/labels) by extensions ['python_setup_py']
[1.251s] Level 1:colcon.colcon_core.package_identification:_identify(datasets/rgb/yolo/labels) by extension 'python_setup_py'
[1.251s] Level 1:colcon.colcon_core.package_identification:_identify(datasets/rgb/yolo/labels/train) by extensions ['ignore', 'ignore_ament_install']
[1.251s] Level 1:colcon.colcon_core.package_identification:_identify(datasets/rgb/yolo/labels/train) by extension 'ignore'
[1.252s] Level 1:colcon.colcon_core.package_identification:_identify(datasets/rgb/yolo/labels/train) by extension 'ignore_ament_install'
[1.252s] Level 1:colcon.colcon_core.package_identification:_identify(datasets/rgb/yolo/labels/train) by extensions ['colcon_pkg']
[1.252s] Level 1:colcon.colcon_core.package_identification:_identify(datasets/rgb/yolo/labels/train) by extension 'colcon_pkg'
[1.252s] Level 1:colcon.colcon_core.package_identification:_identify(datasets/rgb/yolo/labels/train) by extensions ['colcon_meta']
[1.252s] Level 1:colcon.colcon_core.package_identification:_identify(datasets/rgb/yolo/labels/train) by extension 'colcon_meta'
[1.252s] Level 1:colcon.colcon_core.package_identification:_identify(datasets/rgb/yolo/labels/train) by extensions ['ros']
[1.252s] Level 1:colcon.colcon_core.package_identification:_identify(datasets/rgb/yolo/labels/train) by extension 'ros'
[1.252s] Level 1:colcon.colcon_core.package_identification:_identify(datasets/rgb/yolo/labels/train) by extensions ['cmake', 'python']
[1.252s] Level 1:colcon.colcon_core.package_identification:_identify(datasets/rgb/yolo/labels/train) by extension 'cmake'
[1.252s] Level 1:colcon.colcon_core.package_identification:_identify(datasets/rgb/yolo/labels/train) by extension 'python'
[1.252s] Level 1:colcon.colcon_core.package_identification:_identify(datasets/rgb/yolo/labels/train) by extensions ['python_setup_py']
[1.252s] Level 1:colcon.colcon_core.package_identification:_identify(datasets/rgb/yolo/labels/train) by extension 'python_setup_py'
[1.253s] Level 1:colcon.colcon_core.package_identification:_identify(datasets/runs) by extensions ['ignore', 'ignore_ament_install']
[1.253s] Level 1:colcon.colcon_core.package_identification:_identify(datasets/runs) by extension 'ignore'
[1.253s] Level 1:colcon.colcon_core.package_identification:_identify(datasets/runs) by extension 'ignore_ament_install'
[1.253s] Level 1:colcon.colcon_core.package_identification:_identify(datasets/runs) by extensions ['colcon_pkg']
[1.253s] Level 1:colcon.colcon_core.package_identification:_identify(datasets/runs) by extension 'colcon_pkg'
[1.253s] Level 1:colcon.colcon_core.package_identification:_identify(datasets/runs) by extensions ['colcon_meta']
[1.253s] Level 1:colcon.colcon_core.package_identification:_identify(datasets/runs) by extension 'colcon_meta'
[1.253s] Level 1:colcon.colcon_core.package_identification:_identify(datasets/runs) by extensions ['ros']
[1.253s] Level 1:colcon.colcon_core.package_identification:_identify(datasets/runs) by extension 'ros'
[1.253s] Level 1:colcon.colcon_core.package_identification:_identify(datasets/runs) by extensions ['cmake', 'python']
[1.253s] Level 1:colcon.colcon_core.package_identification:_identify(datasets/runs) by extension 'cmake'
[1.253s] Level 1:colcon.colcon_core.package_identification:_identify(datasets/runs) by extension 'python'
[1.253s] Level 1:colcon.colcon_core.package_identification:_identify(datasets/runs) by extensions ['python_setup_py']
[1.253s] Level 1:colcon.colcon_core.package_identification:_identify(datasets/runs) by extension 'python_setup_py'
[1.254s] Level 1:colcon.colcon_core.package_identification:_identify(datasets/runs/detect) by extensions ['ignore', 'ignore_ament_install']
[1.254s] Level 1:colcon.colcon_core.package_identification:_identify(datasets/runs/detect) by extension 'ignore'
[1.254s] Level 1:colcon.colcon_core.package_identification:_identify(datasets/runs/detect) by extension 'ignore_ament_install'
[1.254s] Level 1:colcon.colcon_core.package_identification:_identify(datasets/runs/detect) by extensions ['colcon_pkg']
[1.254s] Level 1:colcon.colcon_core.package_identification:_identify(datasets/runs/detect) by extension 'colcon_pkg'
[1.254s] Level 1:colcon.colcon_core.package_identification:_identify(datasets/runs/detect) by extensions ['colcon_meta']
[1.254s] Level 1:colcon.colcon_core.package_identification:_identify(datasets/runs/detect) by extension 'colcon_meta'
[1.254s] Level 1:colcon.colcon_core.package_identification:_identify(datasets/runs/detect) by extensions ['ros']
[1.254s] Level 1:colcon.colcon_core.package_identification:_identify(datasets/runs/detect) by extension 'ros'
[1.254s] Level 1:colcon.colcon_core.package_identification:_identify(datasets/runs/detect) by extensions ['cmake', 'python']
[1.254s] Level 1:colcon.colcon_core.package_identification:_identify(datasets/runs/detect) by extension 'cmake'
[1.255s] Level 1:colcon.colcon_core.package_identification:_identify(datasets/runs/detect) by extension 'python'
[1.255s] Level 1:colcon.colcon_core.package_identification:_identify(datasets/runs/detect) by extensions ['python_setup_py']
[1.255s] Level 1:colcon.colcon_core.package_identification:_identify(datasets/runs/detect) by extension 'python_setup_py'
[1.255s] Level 1:colcon.colcon_core.package_identification:_identify(datasets/runs/detect/predict) by extensions ['ignore', 'ignore_ament_install']
[1.256s] Level 1:colcon.colcon_core.package_identification:_identify(datasets/runs/detect/predict) by extension 'ignore'
[1.256s] Level 1:colcon.colcon_core.package_identification:_identify(datasets/runs/detect/predict) by extension 'ignore_ament_install'
[1.256s] Level 1:colcon.colcon_core.package_identification:_identify(datasets/runs/detect/predict) by extensions ['colcon_pkg']
[1.256s] Level 1:colcon.colcon_core.package_identification:_identify(datasets/runs/detect/predict) by extension 'colcon_pkg'
[1.256s] Level 1:colcon.colcon_core.package_identification:_identify(datasets/runs/detect/predict) by extensions ['colcon_meta']
[1.256s] Level 1:colcon.colcon_core.package_identification:_identify(datasets/runs/detect/predict) by extension 'colcon_meta'
[1.256s] Level 1:colcon.colcon_core.package_identification:_identify(datasets/runs/detect/predict) by extensions ['ros']
[1.257s] Level 1:colcon.colcon_core.package_identification:_identify(datasets/runs/detect/predict) by extension 'ros'
[1.257s] Level 1:colcon.colcon_core.package_identification:_identify(datasets/runs/detect/predict) by extensions ['cmake', 'python']
[1.257s] Level 1:colcon.colcon_core.package_identification:_identify(datasets/runs/detect/predict) by extension 'cmake'
[1.257s] Level 1:colcon.colcon_core.package_identification:_identify(datasets/runs/detect/predict) by extension 'python'
[1.257s] Level 1:colcon.colcon_core.package_identification:_identify(datasets/runs/detect/predict) by extensions ['python_setup_py']
[1.257s] Level 1:colcon.colcon_core.package_identification:_identify(datasets/runs/detect/predict) by extension 'python_setup_py'
[1.258s] Level 1:colcon.colcon_core.package_identification:_identify(datasets/runs/detect/predict2) by extensions ['ignore', 'ignore_ament_install']
[1.258s] Level 1:colcon.colcon_core.package_identification:_identify(datasets/runs/detect/predict2) by extension 'ignore'
[1.258s] Level 1:colcon.colcon_core.package_identification:_identify(datasets/runs/detect/predict2) by extension 'ignore_ament_install'
[1.258s] Level 1:colcon.colcon_core.package_identification:_identify(datasets/runs/detect/predict2) by extensions ['colcon_pkg']
[1.258s] Level 1:colcon.colcon_core.package_identification:_identify(datasets/runs/detect/predict2) by extension 'colcon_pkg'
[1.258s] Level 1:colcon.colcon_core.package_identification:_identify(datasets/runs/detect/predict2) by extensions ['colcon_meta']
[1.258s] Level 1:colcon.colcon_core.package_identification:_identify(datasets/runs/detect/predict2) by extension 'colcon_meta'
[1.258s] Level 1:colcon.colcon_core.package_identification:_identify(datasets/runs/detect/predict2) by extensions ['ros']
[1.258s] Level 1:colcon.colcon_core.package_identification:_identify(datasets/runs/detect/predict2) by extension 'ros'
[1.258s] Level 1:colcon.colcon_core.package_identification:_identify(datasets/runs/detect/predict2) by extensions ['cmake', 'python']
[1.258s] Level 1:colcon.colcon_core.package_identification:_identify(datasets/runs/detect/predict2) by extension 'cmake'
[1.258s] Level 1:colcon.colcon_core.package_identification:_identify(datasets/runs/detect/predict2) by extension 'python'
[1.258s] Level 1:colcon.colcon_core.package_identification:_identify(datasets/runs/detect/predict2) by extensions ['python_setup_py']
[1.259s] Level 1:colcon.colcon_core.package_identification:_identify(datasets/runs/detect/predict2) by extension 'python_setup_py'
[1.259s] Level 1:colcon.colcon_core.package_identification:_identify(datasets/runs/detect/predict3) by extensions ['ignore', 'ignore_ament_install']
[1.259s] Level 1:colcon.colcon_core.package_identification:_identify(datasets/runs/detect/predict3) by extension 'ignore'
[1.259s] Level 1:colcon.colcon_core.package_identification:_identify(datasets/runs/detect/predict3) by extension 'ignore_ament_install'
[1.259s] Level 1:colcon.colcon_core.package_identification:_identify(datasets/runs/detect/predict3) by extensions ['colcon_pkg']
[1.259s] Level 1:colcon.colcon_core.package_identification:_identify(datasets/runs/detect/predict3) by extension 'colcon_pkg'
[1.259s] Level 1:colcon.colcon_core.package_identification:_identify(datasets/runs/detect/predict3) by extensions ['colcon_meta']
[1.259s] Level 1:colcon.colcon_core.package_identification:_identify(datasets/runs/detect/predict3) by extension 'colcon_meta'
[1.259s] Level 1:colcon.colcon_core.package_identification:_identify(datasets/runs/detect/predict3) by extensions ['ros']
[1.259s] Level 1:colcon.colcon_core.package_identification:_identify(datasets/runs/detect/predict3) by extension 'ros'
[1.260s] Level 1:colcon.colcon_core.package_identification:_identify(datasets/runs/detect/predict3) by extensions ['cmake', 'python']
[1.260s] Level 1:colcon.colcon_core.package_identification:_identify(datasets/runs/detect/predict3) by extension 'cmake'
[1.260s] Level 1:colcon.colcon_core.package_identification:_identify(datasets/runs/detect/predict3) by extension 'python'
[1.260s] Level 1:colcon.colcon_core.package_identification:_identify(datasets/runs/detect/predict3) by extensions ['python_setup_py']
[1.260s] Level 1:colcon.colcon_core.package_identification:_identify(datasets/runs/detect/predict3) by extension 'python_setup_py'
[1.261s] Level 1:colcon.colcon_core.package_identification:_identify(datasets/runs/detect/predict4) by extensions ['ignore', 'ignore_ament_install']
[1.261s] Level 1:colcon.colcon_core.package_identification:_identify(datasets/runs/detect/predict4) by extension 'ignore'
[1.261s] Level 1:colcon.colcon_core.package_identification:_identify(datasets/runs/detect/predict4) by extension 'ignore_ament_install'
[1.261s] Level 1:colcon.colcon_core.package_identification:_identify(datasets/runs/detect/predict4) by extensions ['colcon_pkg']
[1.261s] Level 1:colcon.colcon_core.package_identification:_identify(datasets/runs/detect/predict4) by extension 'colcon_pkg'
[1.261s] Level 1:colcon.colcon_core.package_identification:_identify(datasets/runs/detect/predict4) by extensions ['colcon_meta']
[1.261s] Level 1:colcon.colcon_core.package_identification:_identify(datasets/runs/detect/predict4) by extension 'colcon_meta'
[1.261s] Level 1:colcon.colcon_core.package_identification:_identify(datasets/runs/detect/predict4) by extensions ['ros']
[1.261s] Level 1:colcon.colcon_core.package_identification:_identify(datasets/runs/detect/predict4) by extension 'ros'
[1.261s] Level 1:colcon.colcon_core.package_identification:_identify(datasets/runs/detect/predict4) by extensions ['cmake', 'python']
[1.261s] Level 1:colcon.colcon_core.package_identification:_identify(datasets/runs/detect/predict4) by extension 'cmake'
[1.262s] Level 1:colcon.colcon_core.package_identification:_identify(datasets/runs/detect/predict4) by extension 'python'
[1.262s] Level 1:colcon.colcon_core.package_identification:_identify(datasets/runs/detect/predict4) by extensions ['python_setup_py']
[1.262s] Level 1:colcon.colcon_core.package_identification:_identify(datasets/runs/detect/predict4) by extension 'python_setup_py'
[1.263s] Level 1:colcon.colcon_core.package_identification:_identify(datasets/runs/detect/predict5) by extensions ['ignore', 'ignore_ament_install']
[1.263s] Level 1:colcon.colcon_core.package_identification:_identify(datasets/runs/detect/predict5) by extension 'ignore'
[1.263s] Level 1:colcon.colcon_core.package_identification:_identify(datasets/runs/detect/predict5) by extension 'ignore_ament_install'
[1.264s] Level 1:colcon.colcon_core.package_identification:_identify(datasets/runs/detect/predict5) by extensions ['colcon_pkg']
[1.264s] Level 1:colcon.colcon_core.package_identification:_identify(datasets/runs/detect/predict5) by extension 'colcon_pkg'
[1.264s] Level 1:colcon.colcon_core.package_identification:_identify(datasets/runs/detect/predict5) by extensions ['colcon_meta']
[1.264s] Level 1:colcon.colcon_core.package_identification:_identify(datasets/runs/detect/predict5) by extension 'colcon_meta'
[1.264s] Level 1:colcon.colcon_core.package_identification:_identify(datasets/runs/detect/predict5) by extensions ['ros']
[1.264s] Level 1:colcon.colcon_core.package_identification:_identify(datasets/runs/detect/predict5) by extension 'ros'
[1.264s] Level 1:colcon.colcon_core.package_identification:_identify(datasets/runs/detect/predict5) by extensions ['cmake', 'python']
[1.264s] Level 1:colcon.colcon_core.package_identification:_identify(datasets/runs/detect/predict5) by extension 'cmake'
[1.264s] Level 1:colcon.colcon_core.package_identification:_identify(datasets/runs/detect/predict5) by extension 'python'
[1.264s] Level 1:colcon.colcon_core.package_identification:_identify(datasets/runs/detect/predict5) by extensions ['python_setup_py']
[1.264s] Level 1:colcon.colcon_core.package_identification:_identify(datasets/runs/detect/predict5) by extension 'python_setup_py'
[1.264s] Level 1:colcon.colcon_core.package_identification:_identify(install) by extensions ['ignore', 'ignore_ament_install']
[1.264s] Level 1:colcon.colcon_core.package_identification:_identify(install) by extension 'ignore'
[1.264s] Level 1:colcon.colcon_core.package_identification:_identify(install) ignored
[1.264s] Level 1:colcon.colcon_core.package_identification:_identify(log) by extensions ['ignore', 'ignore_ament_install']
[1.264s] Level 1:colcon.colcon_core.package_identification:_identify(log) by extension 'ignore'
[1.264s] Level 1:colcon.colcon_core.package_identification:_identify(log) ignored
[1.266s] Level 1:colcon.colcon_core.package_identification:_identify(runs) by extensions ['ignore', 'ignore_ament_install']
[1.266s] Level 1:colcon.colcon_core.package_identification:_identify(runs) by extension 'ignore'
[1.266s] Level 1:colcon.colcon_core.package_identification:_identify(runs) by extension 'ignore_ament_install'
[1.266s] Level 1:colcon.colcon_core.package_identification:_identify(runs) by extensions ['colcon_pkg']
[1.266s] Level 1:colcon.colcon_core.package_identification:_identify(runs) by extension 'colcon_pkg'
[1.266s] Level 1:colcon.colcon_core.package_identification:_identify(runs) by extensions ['colcon_meta']
[1.266s] Level 1:colcon.colcon_core.package_identification:_identify(runs) by extension 'colcon_meta'
[1.266s] Level 1:colcon.colcon_core.package_identification:_identify(runs) by extensions ['ros']
[1.266s] Level 1:colcon.colcon_core.package_identification:_identify(runs) by extension 'ros'
[1.266s] Level 1:colcon.colcon_core.package_identification:_identify(runs) by extensions ['cmake', 'python']
[1.266s] Level 1:colcon.colcon_core.package_identification:_identify(runs) by extension 'cmake'
[1.266s] Level 1:colcon.colcon_core.package_identification:_identify(runs) by extension 'python'
[1.266s] Level 1:colcon.colcon_core.package_identification:_identify(runs) by extensions ['python_setup_py']
[1.266s] Level 1:colcon.colcon_core.package_identification:_identify(runs) by extension 'python_setup_py'
[1.267s] Level 1:colcon.colcon_core.package_identification:_identify(runs/detect) by extensions ['ignore', 'ignore_ament_install']
[1.267s] Level 1:colcon.colcon_core.package_identification:_identify(runs/detect) by extension 'ignore'
[1.267s] Level 1:colcon.colcon_core.package_identification:_identify(runs/detect) by extension 'ignore_ament_install'
[1.267s] Level 1:colcon.colcon_core.package_identification:_identify(runs/detect) by extensions ['colcon_pkg']
[1.267s] Level 1:colcon.colcon_core.package_identification:_identify(runs/detect) by extension 'colcon_pkg'
[1.267s] Level 1:colcon.colcon_core.package_identification:_identify(runs/detect) by extensions ['colcon_meta']
[1.267s] Level 1:colcon.colcon_core.package_identification:_identify(runs/detect) by extension 'colcon_meta'
[1.267s] Level 1:colcon.colcon_core.package_identification:_identify(runs/detect) by extensions ['ros']
[1.267s] Level 1:colcon.colcon_core.package_identification:_identify(runs/detect) by extension 'ros'
[1.268s] Level 1:colcon.colcon_core.package_identification:_identify(runs/detect) by extensions ['cmake', 'python']
[1.268s] Level 1:colcon.colcon_core.package_identification:_identify(runs/detect) by extension 'cmake'
[1.268s] Level 1:colcon.colcon_core.package_identification:_identify(runs/detect) by extension 'python'
[1.268s] Level 1:colcon.colcon_core.package_identification:_identify(runs/detect) by extensions ['python_setup_py']
[1.268s] Level 1:colcon.colcon_core.package_identification:_identify(runs/detect) by extension 'python_setup_py'
[1.269s] Level 1:colcon.colcon_core.package_identification:_identify(runs/detect/predict) by extensions ['ignore', 'ignore_ament_install']
[1.269s] Level 1:colcon.colcon_core.package_identification:_identify(runs/detect/predict) by extension 'ignore'
[1.269s] Level 1:colcon.colcon_core.package_identification:_identify(runs/detect/predict) by extension 'ignore_ament_install'
[1.269s] Level 1:colcon.colcon_core.package_identification:_identify(runs/detect/predict) by extensions ['colcon_pkg']
[1.269s] Level 1:colcon.colcon_core.package_identification:_identify(runs/detect/predict) by extension 'colcon_pkg'
[1.269s] Level 1:colcon.colcon_core.package_identification:_identify(runs/detect/predict) by extensions ['colcon_meta']
[1.269s] Level 1:colcon.colcon_core.package_identification:_identify(runs/detect/predict) by extension 'colcon_meta'
[1.269s] Level 1:colcon.colcon_core.package_identification:_identify(runs/detect/predict) by extensions ['ros']
[1.269s] Level 1:colcon.colcon_core.package_identification:_identify(runs/detect/predict) by extension 'ros'
[1.269s] Level 1:colcon.colcon_core.package_identification:_identify(runs/detect/predict) by extensions ['cmake', 'python']
[1.269s] Level 1:colcon.colcon_core.package_identification:_identify(runs/detect/predict) by extension 'cmake'
[1.269s] Level 1:colcon.colcon_core.package_identification:_identify(runs/detect/predict) by extension 'python'
[1.269s] Level 1:colcon.colcon_core.package_identification:_identify(runs/detect/predict) by extensions ['python_setup_py']
[1.270s] Level 1:colcon.colcon_core.package_identification:_identify(runs/detect/predict) by extension 'python_setup_py'
[1.271s] Level 1:colcon.colcon_core.package_identification:_identify(runs/detect/predict2) by extensions ['ignore', 'ignore_ament_install']
[1.271s] Level 1:colcon.colcon_core.package_identification:_identify(runs/detect/predict2) by extension 'ignore'
[1.271s] Level 1:colcon.colcon_core.package_identification:_identify(runs/detect/predict2) by extension 'ignore_ament_install'
[1.271s] Level 1:colcon.colcon_core.package_identification:_identify(runs/detect/predict2) by extensions ['colcon_pkg']
[1.271s] Level 1:colcon.colcon_core.package_identification:_identify(runs/detect/predict2) by extension 'colcon_pkg'
[1.271s] Level 1:colcon.colcon_core.package_identification:_identify(runs/detect/predict2) by extensions ['colcon_meta']
[1.271s] Level 1:colcon.colcon_core.package_identification:_identify(runs/detect/predict2) by extension 'colcon_meta'
[1.271s] Level 1:colcon.colcon_core.package_identification:_identify(runs/detect/predict2) by extensions ['ros']
[1.271s] Level 1:colcon.colcon_core.package_identification:_identify(runs/detect/predict2) by extension 'ros'
[1.271s] Level 1:colcon.colcon_core.package_identification:_identify(runs/detect/predict2) by extensions ['cmake', 'python']
[1.271s] Level 1:colcon.colcon_core.package_identification:_identify(runs/detect/predict2) by extension 'cmake'
[1.271s] Level 1:colcon.colcon_core.package_identification:_identify(runs/detect/predict2) by extension 'python'
[1.271s] Level 1:colcon.colcon_core.package_identification:_identify(runs/detect/predict2) by extensions ['python_setup_py']
[1.271s] Level 1:colcon.colcon_core.package_identification:_identify(runs/detect/predict2) by extension 'python_setup_py'
[1.272s] Level 1:colcon.colcon_core.package_identification:_identify(src) by extensions ['ignore', 'ignore_ament_install']
[1.272s] Level 1:colcon.colcon_core.package_identification:_identify(src) by extension 'ignore'
[1.272s] Level 1:colcon.colcon_core.package_identification:_identify(src) by extension 'ignore_ament_install'
[1.272s] Level 1:colcon.colcon_core.package_identification:_identify(src) by extensions ['colcon_pkg']
[1.272s] Level 1:colcon.colcon_core.package_identification:_identify(src) by extension 'colcon_pkg'
[1.272s] Level 1:colcon.colcon_core.package_identification:_identify(src) by extensions ['colcon_meta']
[1.272s] Level 1:colcon.colcon_core.package_identification:_identify(src) by extension 'colcon_meta'
[1.272s] Level 1:colcon.colcon_core.package_identification:_identify(src) by extensions ['ros']
[1.272s] Level 1:colcon.colcon_core.package_identification:_identify(src) by extension 'ros'
[1.272s] Level 1:colcon.colcon_core.package_identification:_identify(src) by extensions ['cmake', 'python']
[1.272s] Level 1:colcon.colcon_core.package_identification:_identify(src) by extension 'cmake'
[1.272s] Level 1:colcon.colcon_core.package_identification:_identify(src) by extension 'python'
[1.272s] Level 1:colcon.colcon_core.package_identification:_identify(src) by extensions ['python_setup_py']
[1.272s] Level 1:colcon.colcon_core.package_identification:_identify(src) by extension 'python_setup_py'
[1.272s] Level 1:colcon.colcon_core.package_identification:_identify(src/ros2_traffic_detector) by extensions ['ignore', 'ignore_ament_install']
[1.272s] Level 1:colcon.colcon_core.package_identification:_identify(src/ros2_traffic_detector) by extension 'ignore'
[1.272s] Level 1:colcon.colcon_core.package_identification:_identify(src/ros2_traffic_detector) by extension 'ignore_ament_install'
[1.272s] Level 1:colcon.colcon_core.package_identification:_identify(src/ros2_traffic_detector) by extensions ['colcon_pkg']
[1.272s] Level 1:colcon.colcon_core.package_identification:_identify(src/ros2_traffic_detector) by extension 'colcon_pkg'
[1.272s] Level 1:colcon.colcon_core.package_identification:_identify(src/ros2_traffic_detector) by extensions ['colcon_meta']
[1.272s] Level 1:colcon.colcon_core.package_identification:_identify(src/ros2_traffic_detector) by extension 'colcon_meta'
[1.273s] Level 1:colcon.colcon_core.package_identification:_identify(src/ros2_traffic_detector) by extensions ['ros']
[1.273s] Level 1:colcon.colcon_core.package_identification:_identify(src/ros2_traffic_detector) by extension 'ros'
[1.279s] DEBUG:colcon.colcon_core.package_identification:Package 'src/ros2_traffic_detector' with type 'ros.ament_python' and name 'ros2_traffic_detector'
[1.280s] Level 1:colcon.colcon_core.package_identification:_identify(src/traffic_light_detector) by extensions ['ignore', 'ignore_ament_install']
[1.280s] Level 1:colcon.colcon_core.package_identification:_identify(src/traffic_light_detector) by extension 'ignore'
[1.280s] Level 1:colcon.colcon_core.package_identification:_identify(src/traffic_light_detector) by extension 'ignore_ament_install'
[1.280s] Level 1:colcon.colcon_core.package_identification:_identify(src/traffic_light_detector) by extensions ['colcon_pkg']
[1.280s] Level 1:colcon.colcon_core.package_identification:_identify(src/traffic_light_detector) by extension 'colcon_pkg'
[1.281s] Level 1:colcon.colcon_core.package_identification:_identify(src/traffic_light_detector) by extensions ['colcon_meta']
[1.281s] Level 1:colcon.colcon_core.package_identification:_identify(src/traffic_light_detector) by extension 'colcon_meta'
[1.281s] Level 1:colcon.colcon_core.package_identification:_identify(src/traffic_light_detector) by extensions ['ros']
[1.281s] Level 1:colcon.colcon_core.package_identification:_identify(src/traffic_light_detector) by extension 'ros'
[1.281s] Level 1:colcon.colcon_core.package_identification:_identify(src/traffic_light_detector) by extensions ['cmake', 'python']
[1.281s] Level 1:colcon.colcon_core.package_identification:_identify(src/traffic_light_detector) by extension 'cmake'
[1.281s] Level 1:colcon.colcon_core.package_identification:_identify(src/traffic_light_detector) by extension 'python'
[1.281s] Level 1:colcon.colcon_core.package_identification:_identify(src/traffic_light_detector) by extensions ['python_setup_py']
[1.281s] Level 1:colcon.colcon_core.package_identification:_identify(src/traffic_light_detector) by extension 'python_setup_py'
[1.281s] Level 1:colcon.colcon_core.package_discovery:discover_packages(recursive) using defaults
[1.281s] Level 1:colcon.colcon_core.package_discovery:discover_packages(ignore) discover
[1.281s] Level 1:colcon.colcon_core.package_discovery:discover_packages(ignore) using defaults
[1.281s] Level 1:colcon.colcon_core.package_discovery:discover_packages(path) discover
[1.281s] Level 1:colcon.colcon_core.package_discovery:discover_packages(path) using defaults
[1.339s] Level 1:colcon.colcon_core.package_discovery:discover_packages(prefix_path) check parameters
[1.339s] Level 1:colcon.colcon_core.package_discovery:discover_packages(prefix_path) discover
[1.351s] DEBUG:colcon.colcon_installed_package_information.package_discovery:Found 271 installed packages in /opt/ros/humble
[1.353s] Level 1:colcon.colcon_core.package_discovery:discover_packages(prefix_path) using defaults
[1.520s] Level 5:colcon.colcon_core.verb:set package 'ros2_traffic_detector' build argument 'cmake_args' from command line to 'None'
[1.520s] Level 5:colcon.colcon_core.verb:set package 'ros2_traffic_detector' build argument 'cmake_target' from command line to 'None'
[1.520s] Level 5:colcon.colcon_core.verb:set package 'ros2_traffic_detector' build argument 'cmake_target_skip_unavailable' from command line to 'False'
[1.520s] Level 5:colcon.colcon_core.verb:set package 'ros2_traffic_detector' build argument 'cmake_clean_cache' from command line to 'False'
[1.520s] Level 5:colcon.colcon_core.verb:set package 'ros2_traffic_detector' build argument 'cmake_clean_first' from command line to 'False'
[1.520s] Level 5:colcon.colcon_core.verb:set package 'ros2_traffic_detector' build argument 'cmake_force_configure' from command line to 'False'
[1.520s] Level 5:colcon.colcon_core.verb:set package 'ros2_traffic_detector' build argument 'ament_cmake_args' from command line to 'None'
[1.520s] Level 5:colcon.colcon_core.verb:set package 'ros2_traffic_detector' build argument 'catkin_cmake_args' from command line to 'None'
[1.520s] Level 5:colcon.colcon_core.verb:set package 'ros2_traffic_detector' build argument 'catkin_skip_building_tests' from command line to 'False'
[1.520s] DEBUG:colcon.colcon_core.verb:Building package 'ros2_traffic_detector' with the following arguments: {'ament_cmake_args': None, 'build_base': '/home/ponnu/ros2_ws/build/ros2_traffic_detector', 'catkin_cmake_args': None, 'catkin_skip_building_tests': False, 'cmake_args': None, 'cmake_clean_cache': False, 'cmake_clean_first': False, 'cmake_force_configure': False, 'cmake_target': None, 'cmake_target_skip_unavailable': False, 'install_base': '/home/ponnu/ros2_ws/install/ros2_traffic_detector', 'merge_install': False, 'path': '/home/ponnu/ros2_ws/src/ros2_traffic_detector', 'symlink_install': False, 'test_result_base': None}
[1.520s] INFO:colcon.colcon_core.executor:Executing jobs using 'parallel' executor
[1.522s] DEBUG:colcon.colcon_parallel_executor.executor.parallel:run_until_complete
[1.522s] INFO:colcon.colcon_ros.task.ament_python.build:Building ROS package in '/home/ponnu/ros2_ws/src/ros2_traffic_detector' with build type 'ament_python'
[1.522s] Level 1:colcon.colcon_core.shell:create_environment_hook('ros2_traffic_detector', 'ament_prefix_path')
[1.542s] INFO:colcon.colcon_core.plugin_system:Skipping extension 'colcon_core.shell.bat': Not used on non-Windows systems
[1.542s] INFO:colcon.colcon_core.shell:Creating environment hook '/home/ponnu/ros2_ws/install/ros2_traffic_detector/share/ros2_traffic_detector/hook/ament_prefix_path.ps1'
[1.549s] INFO:colcon.colcon_core.shell:Creating environment descriptor '/home/ponnu/ros2_ws/install/ros2_traffic_detector/share/ros2_traffic_detector/hook/ament_prefix_path.dsv'
[1.551s] INFO:colcon.colcon_core.shell:Creating environment hook '/home/ponnu/ros2_ws/install/ros2_traffic_detector/share/ros2_traffic_detector/hook/ament_prefix_path.sh'
[1.554s] INFO:colcon.colcon_core.shell:Skip shell extension 'powershell' for command environment: Not usable outside of PowerShell
[1.554s] DEBUG:colcon.colcon_core.shell:Skip shell extension 'dsv' for command environment
[1.832s] INFO:colcon.colcon_core.task.python.build:Building Python package in '/home/ponnu/ros2_ws/src/ros2_traffic_detector'
[1.832s] INFO:colcon.colcon_core.shell:Skip shell extension 'powershell' for command environment: Not usable outside of PowerShell
[1.832s] DEBUG:colcon.colcon_core.shell:Skip shell extension 'dsv' for command environment
[2.423s] DEBUG:colcon.colcon_core.event_handler.log_command:Invoking command in '/home/ponnu/ros2_ws/src/ros2_traffic_detector': PS1=(yolovenv) \[\e]0;\u@\h: \w\a\]${debian_chroot:+($debian_chroot)}\[\033[01;32m\]\u@\h\[\033[00m\]:\[\033[01;34m\]\w\[\033[00m\]\$ PYTHONPATH=/home/ponnu/ros2_ws/build/ros2_traffic_detector/prefix_override:/usr/lib/python3/dist-packages/colcon_core/task/python/colcon_distutils_commands:/home/ponnu/ros2_ws/install/ros2_traffic_detector/lib/python3.10/site-packages:${PYTHONPATH} VIRTUAL_ENV_PROMPT=(yolovenv) /usr/bin/python3 -W ignore:setup.py install is deprecated -W ignore:easy_install command is deprecated setup.py egg_info --egg-base ../../build/ros2_traffic_detector build --build-base /home/ponnu/ros2_ws/build/ros2_traffic_detector/build install --record /home/ponnu/ros2_ws/build/ros2_traffic_detector/install.log --single-version-externally-managed install_data
[2.759s] DEBUG:colcon.colcon_core.event_handler.log_command:Invoked command in '/home/ponnu/ros2_ws/src/ros2_traffic_detector' returned '0': PS1=(yolovenv) \[\e]0;\u@\h: \w\a\]${debian_chroot:+($debian_chroot)}\[\033[01;32m\]\u@\h\[\033[00m\]:\[\033[01;34m\]\w\[\033[00m\]\$ PYTHONPATH=/home/ponnu/ros2_ws/build/ros2_traffic_detector/prefix_override:/usr/lib/python3/dist-packages/colcon_core/task/python/colcon_distutils_commands:/home/ponnu/ros2_ws/install/ros2_traffic_detector/lib/python3.10/site-packages:${PYTHONPATH} VIRTUAL_ENV_PROMPT=(yolovenv) /usr/bin/python3 -W ignore:setup.py install is deprecated -W ignore:easy_install command is deprecated setup.py egg_info --egg-base ../../build/ros2_traffic_detector build --build-base /home/ponnu/ros2_ws/build/ros2_traffic_detector/build install --record /home/ponnu/ros2_ws/build/ros2_traffic_detector/install.log --single-version-externally-managed install_data
[2.773s] Level 1:colcon.colcon_core.environment:checking '/home/ponnu/ros2_ws/install/ros2_traffic_detector' for CMake module files
[2.774s] Level 1:colcon.colcon_core.environment:checking '/home/ponnu/ros2_ws/install/ros2_traffic_detector' for CMake config files
[2.775s] Level 1:colcon.colcon_core.environment:checking '/home/ponnu/ros2_ws/install/ros2_traffic_detector/lib'
[2.775s] Level 1:colcon.colcon_core.environment:checking '/home/ponnu/ros2_ws/install/ros2_traffic_detector/bin'
[2.775s] Level 1:colcon.colcon_core.environment:checking '/home/ponnu/ros2_ws/install/ros2_traffic_detector/lib/pkgconfig/ros2_traffic_detector.pc'
[2.775s] Level 1:colcon.colcon_core.environment:checking '/home/ponnu/ros2_ws/install/ros2_traffic_detector/lib/python3.10/site-packages'
[2.775s] Level 1:colcon.colcon_core.shell:create_environment_hook('ros2_traffic_detector', 'pythonpath')
[2.776s] INFO:colcon.colcon_core.shell:Creating environment hook '/home/ponnu/ros2_ws/install/ros2_traffic_detector/share/ros2_traffic_detector/hook/pythonpath.ps1'
[2.776s] INFO:colcon.colcon_core.shell:Creating environment descriptor '/home/ponnu/ros2_ws/install/ros2_traffic_detector/share/ros2_traffic_detector/hook/pythonpath.dsv'
[2.776s] INFO:colcon.colcon_core.shell:Creating environment hook '/home/ponnu/ros2_ws/install/ros2_traffic_detector/share/ros2_traffic_detector/hook/pythonpath.sh'
[2.777s] Level 1:colcon.colcon_core.environment:checking '/home/ponnu/ros2_ws/install/ros2_traffic_detector/bin'
[2.777s] Level 1:colcon.colcon_core.environment:create_environment_scripts_only(ros2_traffic_detector)
[2.777s] INFO:colcon.colcon_core.shell:Creating package script '/home/ponnu/ros2_ws/install/ros2_traffic_detector/share/ros2_traffic_detector/package.ps1'
[2.779s] INFO:colcon.colcon_core.shell:Creating package descriptor '/home/ponnu/ros2_ws/install/ros2_traffic_detector/share/ros2_traffic_detector/package.dsv'
[2.781s] INFO:colcon.colcon_core.shell:Creating package script '/home/ponnu/ros2_ws/install/ros2_traffic_detector/share/ros2_traffic_detector/package.sh'
[2.782s] INFO:colcon.colcon_core.shell:Creating package script '/home/ponnu/ros2_ws/install/ros2_traffic_detector/share/ros2_traffic_detector/package.bash'
[2.783s] INFO:colcon.colcon_core.shell:Creating package script '/home/ponnu/ros2_ws/install/ros2_traffic_detector/share/ros2_traffic_detector/package.zsh'
[2.785s] Level 1:colcon.colcon_core.environment:create_file_with_runtime_dependencies(/home/ponnu/ros2_ws/install/ros2_traffic_detector/share/colcon-core/packages/ros2_traffic_detector)
[2.785s] DEBUG:colcon.colcon_parallel_executor.executor.parallel:closing loop
[2.786s] DEBUG:colcon.colcon_parallel_executor.executor.parallel:loop closed
[2.786s] DEBUG:colcon.colcon_parallel_executor.executor.parallel:run_until_complete finished with '0'
[2.786s] DEBUG:colcon.colcon_core.event_reactor:joining thread
[2.885s] INFO:colcon.colcon_core.plugin_system:Skipping extension 'colcon_notification.desktop_notification.notify_send': Could not find 'notify-send'
[2.885s] INFO:colcon.colcon_core.plugin_system:Skipping extension 'colcon_notification.desktop_notification.terminal_notifier': Not used on non-Darwin systems
[2.885s] INFO:colcon.colcon_core.plugin_system:Skipping extension 'colcon_notification.desktop_notification.win32': Not used on non-Windows systems
[2.885s] INFO:colcon.colcon_notification.desktop_notification:Sending desktop notification using 'notify2'
[2.886s] DEBUG:colcon.colcon_notification.desktop_notification.notify2:Failed to initialize notify2: org.freedesktop.DBus.Error.FileNotFound: Failed to connect to socket /run/user/1000/bus: No such file or directory
[2.886s] DEBUG:colcon.colcon_core.event_reactor:joined thread
[2.886s] INFO:colcon.colcon_core.shell:Creating prefix script '/home/ponnu/ros2_ws/install/local_setup.ps1'
[2.888s] INFO:colcon.colcon_core.shell:Creating prefix util module '/home/ponnu/ros2_ws/install/_local_setup_util_ps1.py'
[2.889s] INFO:colcon.colcon_core.shell:Creating prefix chain script '/home/ponnu/ros2_ws/install/setup.ps1'
[2.891s] INFO:colcon.colcon_core.shell:Creating prefix script '/home/ponnu/ros2_ws/install/local_setup.sh'
[2.892s] INFO:colcon.colcon_core.shell:Creating prefix util module '/home/ponnu/ros2_ws/install/_local_setup_util_sh.py'
[2.893s] INFO:colcon.colcon_core.shell:Creating prefix chain script '/home/ponnu/ros2_ws/install/setup.sh'
[2.895s] INFO:colcon.colcon_core.shell:Creating prefix script '/home/ponnu/ros2_ws/install/local_setup.bash'
[2.904s] INFO:colcon.colcon_core.shell:Creating prefix chain script '/home/ponnu/ros2_ws/install/setup.bash'
[2.906s] INFO:colcon.colcon_core.shell:Creating prefix script '/home/ponnu/ros2_ws/install/local_setup.zsh'
[2.907s] INFO:colcon.colcon_core.shell:Creating prefix chain script '/home/ponnu/ros2_ws/install/setup.zsh'
