running egg_info
creating ../../build/ros2_traffic_detector/ros2_traffic_detector.egg-info
writing ../../build/ros2_traffic_detector/ros2_traffic_detector.egg-info/PKG-INFO
writing dependency_links to ../../build/ros2_traffic_detector/ros2_traffic_detector.egg-info/dependency_links.txt
writing entry points to ../../build/ros2_traffic_detector/ros2_traffic_detector.egg-info/entry_points.txt
writing requirements to ../../build/ros2_traffic_detector/ros2_traffic_detector.egg-info/requires.txt
writing top-level names to ../../build/ros2_traffic_detector/ros2_traffic_detector.egg-info/top_level.txt
writing manifest file '../../build/ros2_traffic_detector/ros2_traffic_detector.egg-info/SOURCES.txt'
reading manifest file '../../build/ros2_traffic_detector/ros2_traffic_detector.egg-info/SOURCES.txt'
writing manifest file '../../build/ros2_traffic_detector/ros2_traffic_detector.egg-info/SOURCES.txt'
running build
running build_py
creating /home/ponnu/ros2_ws/build/ros2_traffic_detector/build
creating /home/ponnu/ros2_ws/build/ros2_traffic_detector/build/lib
creating /home/ponnu/ros2_ws/build/ros2_traffic_detector/build/lib/ros2_traffic_detector
copying ros2_traffic_detector/__init__.py -> /home/ponnu/ros2_ws/build/ros2_traffic_detector/build/lib/ros2_traffic_detector
copying ros2_traffic_detector/traffic_light_infer.py -> /home/ponnu/ros2_ws/build/ros2_traffic_detector/build/lib/ros2_traffic_detector
running install
running install_lib
creating /home/ponnu/ros2_ws/install/ros2_traffic_detector/lib/python3.10/site-packages/ros2_traffic_detector
copying /home/ponnu/ros2_ws/build/ros2_traffic_detector/build/lib/ros2_traffic_detector/__init__.py -> /home/ponnu/ros2_ws/install/ros2_traffic_detector/lib/python3.10/site-packages/ros2_traffic_detector
copying /home/ponnu/ros2_ws/build/ros2_traffic_detector/build/lib/ros2_traffic_detector/traffic_light_infer.py -> /home/ponnu/ros2_ws/install/ros2_traffic_detector/lib/python3.10/site-packages/ros2_traffic_detector
byte-compiling /home/ponnu/ros2_ws/install/ros2_traffic_detector/lib/python3.10/site-packages/ros2_traffic_detector/__init__.py to __init__.cpython-310.pyc
byte-compiling /home/ponnu/ros2_ws/install/ros2_traffic_detector/lib/python3.10/site-packages/ros2_traffic_detector/traffic_light_infer.py to traffic_light_infer.cpython-310.pyc
running install_data
creating /home/ponnu/ros2_ws/install/ros2_traffic_detector/share/ament_index
creating /home/ponnu/ros2_ws/install/ros2_traffic_detector/share/ament_index/resource_index
creating /home/ponnu/ros2_ws/install/ros2_traffic_detector/share/ament_index/resource_index/packages
copying resource/ros2_traffic_detector -> /home/ponnu/ros2_ws/install/ros2_traffic_detector/share/ament_index/resource_index/packages
copying package.xml -> /home/ponnu/ros2_ws/install/ros2_traffic_detector/share/ros2_traffic_detector
running install_egg_info
Copying ../../build/ros2_traffic_detector/ros2_traffic_detector.egg-info to /home/ponnu/ros2_ws/install/ros2_traffic_detector/lib/python3.10/site-packages/ros2_traffic_detector-0.0.0-py3.10.egg-info
running install_scripts
writing list of installed files to '/home/ponnu/ros2_ws/build/ros2_traffic_detector/install.log'
