[2.509s] Invoking command in '/home/ponnu/ros2_ws/src/ros2_traffic_detector': PYTHONPATH=/home/ponnu/ros2_ws/build/ros2_traffic_detector/prefix_override:/usr/lib/python3/dist-packages/colcon_core/task/python/colcon_distutils_commands:/home/ponnu/ros2_ws/install/ros2_traffic_detector/lib/python3.10/site-packages:${PYTHONPATH} /usr/bin/python3 -W ignore:setup.py install is deprecated -W ignore:easy_install command is deprecated setup.py egg_info --egg-base ../../build/ros2_traffic_detector build --build-base /home/ponnu/ros2_ws/build/ros2_traffic_detector/build install --record /home/ponnu/ros2_ws/build/ros2_traffic_detector/install.log --single-version-externally-managed install_data
[2.815s] running egg_info
[2.816s] creating ../../build/ros2_traffic_detector/ros2_traffic_detector.egg-info
[2.816s] writing ../../build/ros2_traffic_detector/ros2_traffic_detector.egg-info/PKG-INFO
[2.817s] writing dependency_links to ../../build/ros2_traffic_detector/ros2_traffic_detector.egg-info/dependency_links.txt
[2.817s] writing entry points to ../../build/ros2_traffic_detector/ros2_traffic_detector.egg-info/entry_points.txt
[2.817s] writing requirements to ../../build/ros2_traffic_detector/ros2_traffic_detector.egg-info/requires.txt
[2.817s] writing top-level names to ../../build/ros2_traffic_detector/ros2_traffic_detector.egg-info/top_level.txt
[2.817s] writing manifest file '../../build/ros2_traffic_detector/ros2_traffic_detector.egg-info/SOURCES.txt'
[2.839s] reading manifest file '../../build/ros2_traffic_detector/ros2_traffic_detector.egg-info/SOURCES.txt'
[2.843s] writing manifest file '../../build/ros2_traffic_detector/ros2_traffic_detector.egg-info/SOURCES.txt'
[2.843s] running build
[2.844s] running build_py
[2.844s] creating /home/ponnu/ros2_ws/build/ros2_traffic_detector/build
[2.844s] creating /home/ponnu/ros2_ws/build/ros2_traffic_detector/build/lib
[2.845s] creating /home/ponnu/ros2_ws/build/ros2_traffic_detector/build/lib/ros2_traffic_detector
[2.846s] copying ros2_traffic_detector/__init__.py -> /home/ponnu/ros2_ws/build/ros2_traffic_detector/build/lib/ros2_traffic_detector
[2.846s] copying ros2_traffic_detector/traffic_light_infer.py -> /home/ponnu/ros2_ws/build/ros2_traffic_detector/build/lib/ros2_traffic_detector
[2.886s] running install
[2.886s] running install_lib
[2.887s] creating /home/ponnu/ros2_ws/install/ros2_traffic_detector/lib/python3.10/site-packages/ros2_traffic_detector
[2.888s] copying /home/ponnu/ros2_ws/build/ros2_traffic_detector/build/lib/ros2_traffic_detector/__init__.py -> /home/ponnu/ros2_ws/install/ros2_traffic_detector/lib/python3.10/site-packages/ros2_traffic_detector
[2.889s] copying /home/ponnu/ros2_ws/build/ros2_traffic_detector/build/lib/ros2_traffic_detector/traffic_light_infer.py -> /home/ponnu/ros2_ws/install/ros2_traffic_detector/lib/python3.10/site-packages/ros2_traffic_detector
[2.890s] byte-compiling /home/ponnu/ros2_ws/install/ros2_traffic_detector/lib/python3.10/site-packages/ros2_traffic_detector/__init__.py to __init__.cpython-310.pyc
[2.891s] byte-compiling /home/ponnu/ros2_ws/install/ros2_traffic_detector/lib/python3.10/site-packages/ros2_traffic_detector/traffic_light_infer.py to traffic_light_infer.cpython-310.pyc
[2.894s] running install_data
[2.895s] creating /home/ponnu/ros2_ws/install/ros2_traffic_detector/share/ament_index
[2.895s] creating /home/ponnu/ros2_ws/install/ros2_traffic_detector/share/ament_index/resource_index
[2.896s] creating /home/ponnu/ros2_ws/install/ros2_traffic_detector/share/ament_index/resource_index/packages
[2.896s] copying resource/ros2_traffic_detector -> /home/ponnu/ros2_ws/install/ros2_traffic_detector/share/ament_index/resource_index/packages
[2.896s] copying package.xml -> /home/ponnu/ros2_ws/install/ros2_traffic_detector/share/ros2_traffic_detector
[2.896s] running install_egg_info
[2.898s] Copying ../../build/ros2_traffic_detector/ros2_traffic_detector.egg-info to /home/ponnu/ros2_ws/install/ros2_traffic_detector/lib/python3.10/site-packages/ros2_traffic_detector-0.0.0-py3.10.egg-info
[2.937s] running install_scripts
[2.974s] writing list of installed files to '/home/ponnu/ros2_ws/build/ros2_traffic_detector/install.log'
[3.027s] Invoked command in '/home/ponnu/ros2_ws/src/ros2_traffic_detector' returned '0': PYTHONPATH=/home/ponnu/ros2_ws/build/ros2_traffic_detector/prefix_override:/usr/lib/python3/dist-packages/colcon_core/task/python/colcon_distutils_commands:/home/ponnu/ros2_ws/install/ros2_traffic_detector/lib/python3.10/site-packages:${PYTHONPATH} /usr/bin/python3 -W ignore:setup.py install is deprecated -W ignore:easy_install command is deprecated setup.py egg_info --egg-base ../../build/ros2_traffic_detector build --build-base /home/ponnu/ros2_ws/build/ros2_traffic_detector/build install --record /home/ponnu/ros2_ws/build/ros2_traffic_detector/install.log --single-version-externally-managed install_data
