[0.823s] Invoking command in '/home/ponnu/ros2_ws/src/ros2_traffic_detector': PS1=(yolovenv) \[\e]0;\u@\h: \w\a\]${debian_chroot:+($debian_chroot)}\[\033[01;32m\]\u@\h\[\033[00m\]:\[\033[01;34m\]\w\[\033[00m\]\$ PYTHONPATH=/home/ponnu/ros2_ws/build/ros2_traffic_detector/prefix_override:/usr/lib/python3/dist-packages/colcon_core/task/python/colcon_distutils_commands:/home/ponnu/ros2_ws/install/ros2_traffic_detector/lib/python3.10/site-packages:${PYTHONPATH} VIRTUAL_ENV_PROMPT=(yolovenv) /usr/bin/python3 -W ignore:setup.py install is deprecated -W ignore:easy_install command is deprecated setup.py egg_info --egg-base ../../build/ros2_traffic_detector build --build-base /home/ponnu/ros2_ws/build/ros2_traffic_detector/build install --record /home/ponnu/ros2_ws/build/ros2_traffic_detector/install.log --single-version-externally-managed install_data
[1.104s] running egg_info
[1.105s] writing ../../build/ros2_traffic_detector/ros2_traffic_detector.egg-info/PKG-INFO
[1.105s] writing dependency_links to ../../build/ros2_traffic_detector/ros2_traffic_detector.egg-info/dependency_links.txt
[1.105s] writing entry points to ../../build/ros2_traffic_detector/ros2_traffic_detector.egg-info/entry_points.txt
[1.106s] writing requirements to ../../build/ros2_traffic_detector/ros2_traffic_detector.egg-info/requires.txt
[1.106s] writing top-level names to ../../build/ros2_traffic_detector/ros2_traffic_detector.egg-info/top_level.txt
[1.110s] reading manifest file '../../build/ros2_traffic_detector/ros2_traffic_detector.egg-info/SOURCES.txt'
[1.116s] writing manifest file '../../build/ros2_traffic_detector/ros2_traffic_detector.egg-info/SOURCES.txt'
[1.117s] running build
[1.117s] running build_py
[1.117s] copying ros2_traffic_detector/traffic_light_infer.py -> /home/ponnu/ros2_ws/build/ros2_traffic_detector/build/lib/ros2_traffic_detector
[1.123s] running install
[1.124s] running install_lib
[1.126s] copying /home/ponnu/ros2_ws/build/ros2_traffic_detector/build/lib/ros2_traffic_detector/traffic_light_infer.py -> /home/ponnu/ros2_ws/install/ros2_traffic_detector/lib/python3.10/site-packages/ros2_traffic_detector
[1.127s] byte-compiling /home/ponnu/ros2_ws/install/ros2_traffic_detector/lib/python3.10/site-packages/ros2_traffic_detector/traffic_light_infer.py to traffic_light_infer.cpython-310.pyc
[1.129s] running install_data
[1.129s] running install_egg_info
[1.131s] removing '/home/ponnu/ros2_ws/install/ros2_traffic_detector/lib/python3.10/site-packages/ros2_traffic_detector-0.0.0-py3.10.egg-info' (and everything under it)
[1.132s] Copying ../../build/ros2_traffic_detector/ros2_traffic_detector.egg-info to /home/ponnu/ros2_ws/install/ros2_traffic_detector/lib/python3.10/site-packages/ros2_traffic_detector-0.0.0-py3.10.egg-info
[1.135s] running install_scripts
[1.157s] Installing traffic_light_infer script to /home/ponnu/ros2_ws/install/ros2_traffic_detector/lib/ros2_traffic_detector
[1.158s] writing list of installed files to '/home/ponnu/ros2_ws/build/ros2_traffic_detector/install.log'
[1.186s] Invoked command in '/home/ponnu/ros2_ws/src/ros2_traffic_detector' returned '0': PS1=(yolovenv) \[\e]0;\u@\h: \w\a\]${debian_chroot:+($debian_chroot)}\[\033[01;32m\]\u@\h\[\033[00m\]:\[\033[01;34m\]\w\[\033[00m\]\$ PYTHONPATH=/home/ponnu/ros2_ws/build/ros2_traffic_detector/prefix_override:/usr/lib/python3/dist-packages/colcon_core/task/python/colcon_distutils_commands:/home/ponnu/ros2_ws/install/ros2_traffic_detector/lib/python3.10/site-packages:${PYTHONPATH} VIRTUAL_ENV_PROMPT=(yolovenv) /usr/bin/python3 -W ignore:setup.py install is deprecated -W ignore:easy_install command is deprecated setup.py egg_info --egg-base ../../build/ros2_traffic_detector build --build-base /home/ponnu/ros2_ws/build/ros2_traffic_detector/build install --record /home/ponnu/ros2_ws/build/ros2_traffic_detector/install.log --single-version-externally-managed install_data
