[0.802s] Invoking command in '/home/ponnu/ros2_ws/src/ros2_traffic_detector': PS1=(yolovenv) \[\e]0;\u@\h: \w\a\]${debian_chroot:+($debian_chroot)}\[\033[01;32m\]\u@\h\[\033[00m\]:\[\033[01;34m\]\w\[\033[00m\]\$ PYTHONPATH=/home/ponnu/ros2_ws/build/ros2_traffic_detector/prefix_override:/usr/lib/python3/dist-packages/colcon_core/task/python/colcon_distutils_commands:/home/ponnu/ros2_ws/install/ros2_traffic_detector/lib/python3.10/site-packages:${PYTHONPATH} VIRTUAL_ENV_PROMPT=(yolovenv) /usr/bin/python3 -W ignore:setup.py install is deprecated -W ignore:easy_install command is deprecated setup.py egg_info --egg-base ../../build/ros2_traffic_detector build --build-base /home/ponnu/ros2_ws/build/ros2_traffic_detector/build install --record /home/ponnu/ros2_ws/build/ros2_traffic_detector/install.log --single-version-externally-managed install_data
[1.061s] running egg_info
[1.062s] writing ../../build/ros2_traffic_detector/ros2_traffic_detector.egg-info/PKG-INFO
[1.062s] writing dependency_links to ../../build/ros2_traffic_detector/ros2_traffic_detector.egg-info/dependency_links.txt
[1.062s] writing entry points to ../../build/ros2_traffic_detector/ros2_traffic_detector.egg-info/entry_points.txt
[1.062s] writing requirements to ../../build/ros2_traffic_detector/ros2_traffic_detector.egg-info/requires.txt
[1.063s] writing top-level names to ../../build/ros2_traffic_detector/ros2_traffic_detector.egg-info/top_level.txt
[1.066s] reading manifest file '../../build/ros2_traffic_detector/ros2_traffic_detector.egg-info/SOURCES.txt'
[1.072s] writing manifest file '../../build/ros2_traffic_detector/ros2_traffic_detector.egg-info/SOURCES.txt'
[1.072s] running build
[1.072s] running build_py
[1.072s] copying ros2_traffic_detector/image_publisher.py -> /home/ponnu/ros2_ws/build/ros2_traffic_detector/build/lib/ros2_traffic_detector
[1.073s] running install
[1.074s] running install_lib
[1.078s] copying /home/ponnu/ros2_ws/build/ros2_traffic_detector/build/lib/ros2_traffic_detector/image_publisher.py -> /home/ponnu/ros2_ws/install/ros2_traffic_detector/lib/python3.10/site-packages/ros2_traffic_detector
[1.080s] byte-compiling /home/ponnu/ros2_ws/install/ros2_traffic_detector/lib/python3.10/site-packages/ros2_traffic_detector/image_publisher.py to image_publisher.cpython-310.pyc
[1.081s] running install_data
[1.081s] running install_egg_info
[1.083s] removing '/home/ponnu/ros2_ws/install/ros2_traffic_detector/lib/python3.10/site-packages/ros2_traffic_detector-0.0.0-py3.10.egg-info' (and everything under it)
[1.085s] Copying ../../build/ros2_traffic_detector/ros2_traffic_detector.egg-info to /home/ponnu/ros2_ws/install/ros2_traffic_detector/lib/python3.10/site-packages/ros2_traffic_detector-0.0.0-py3.10.egg-info
[1.087s] running install_scripts
[1.108s] Installing image_publisher script to /home/ponnu/ros2_ws/install/ros2_traffic_detector/lib/ros2_traffic_detector
[1.110s] Installing traffic_light_infer script to /home/ponnu/ros2_ws/install/ros2_traffic_detector/lib/ros2_traffic_detector
[1.110s] writing list of installed files to '/home/ponnu/ros2_ws/build/ros2_traffic_detector/install.log'
[1.138s] Invoked command in '/home/ponnu/ros2_ws/src/ros2_traffic_detector' returned '0': PS1=(yolovenv) \[\e]0;\u@\h: \w\a\]${debian_chroot:+($debian_chroot)}\[\033[01;32m\]\u@\h\[\033[00m\]:\[\033[01;34m\]\w\[\033[00m\]\$ PYTHONPATH=/home/ponnu/ros2_ws/build/ros2_traffic_detector/prefix_override:/usr/lib/python3/dist-packages/colcon_core/task/python/colcon_distutils_commands:/home/ponnu/ros2_ws/install/ros2_traffic_detector/lib/python3.10/site-packages:${PYTHONPATH} VIRTUAL_ENV_PROMPT=(yolovenv) /usr/bin/python3 -W ignore:setup.py install is deprecated -W ignore:easy_install command is deprecated setup.py egg_info --egg-base ../../build/ros2_traffic_detector build --build-base /home/ponnu/ros2_ws/build/ros2_traffic_detector/build install --record /home/ponnu/ros2_ws/build/ros2_traffic_detector/install.log --single-version-externally-managed install_data
