[0.460s] DEBUG:colcon:Command line arguments: ['/usr/bin/colcon', 'build', '--packages-select', 'ros2_traffic_detector']
[0.460s] DEBUG:colcon:Parsed command line arguments: Namespace(log_base=None, log_level=None, verb_name='build', build_base='build', install_base='install', merge_install=False, symlink_install=False, test_result_base=None, continue_on_error=False, executor='parallel', parallel_workers=4, event_handlers=None, ignore_user_meta=False, metas=['./colcon.meta'], base_paths=['.'], packages_ignore=None, packages_ignore_regex=None, paths=None, packages_up_to=None, packages_up_to_regex=None, packages_above=None, packages_above_and_dependencies=None, packages_above_depth=None, packages_select_by_dep=None, packages_skip_by_dep=None, packages_skip_up_to=None, packages_select_build_failed=False, packages_skip_build_finished=False, packages_select_test_failures=False, packages_skip_test_passed=False, packages_select=['ros2_traffic_detector'], packages_skip=None, packages_select_regex=None, packages_skip_regex=None, packages_start=None, packages_end=None, allow_overriding=[], cmake_args=None, cmake_target=None, cmake_target_skip_unavailable=False, cmake_clean_cache=False, cmake_clean_first=False, cmake_force_configure=False, ament_cmake_args=None, catkin_cmake_args=None, catkin_skip_building_tests=False, verb_parser=<colcon_defaults.argument_parser.defaults.DefaultArgumentsDecorator object at 0x7a1b0a637c40>, verb_extension=<colcon_core.verb.build.BuildVerb object at 0x7a1b0a77d660>, main=<bound method BuildVerb.main of <colcon_core.verb.build.BuildVerb object at 0x7a1b0a77d660>>)
[1.022s] Level 1:colcon.colcon_core.package_discovery:discover_packages(colcon_meta) check parameters
[1.022s] Level 1:colcon.colcon_core.package_discovery:discover_packages(recursive) check parameters
[1.022s] Level 1:colcon.colcon_core.package_discovery:discover_packages(ignore) check parameters
[1.022s] Level 1:colcon.colcon_core.package_discovery:discover_packages(path) check parameters
[1.022s] Level 1:colcon.colcon_core.package_discovery:discover_packages(colcon_meta) discover
[1.022s] Level 1:colcon.colcon_core.package_discovery:discover_packages(recursive) discover
[1.022s] INFO:colcon.colcon_core.package_discovery:Crawling recursively for packages in '/home/ponnu/ros2_ws'
[1.023s] Level 1:colcon.colcon_core.package_identification:_identify(.) by extensions ['ignore', 'ignore_ament_install']
[1.023s] Level 1:colcon.colcon_core.package_identification:_identify(.) by extension 'ignore'
[1.023s] Level 1:colcon.colcon_core.package_identification:_identify(.) by extension 'ignore_ament_install'
[1.023s] Level 1:colcon.colcon_core.package_identification:_identify(.) by extensions ['colcon_pkg']
[1.023s] Level 1:colcon.colcon_core.package_identification:_identify(.) by extension 'colcon_pkg'
[1.023s] Level 1:colcon.colcon_core.package_identification:_identify(.) by extensions ['colcon_meta']
[1.023s] Level 1:colcon.colcon_core.package_identification:_identify(.) by extension 'colcon_meta'
[1.023s] Level 1:colcon.colcon_core.package_identification:_identify(.) by extensions ['ros']
[1.023s] Level 1:colcon.colcon_core.package_identification:_identify(.) by extension 'ros'
[1.086s] Level 1:colcon.colcon_core.package_identification:_identify(.) by extensions ['cmake', 'python']
[1.086s] Level 1:colcon.colcon_core.package_identification:_identify(.) by extension 'cmake'
[1.086s] Level 1:colcon.colcon_core.package_identification:_identify(.) by extension 'python'
[1.086s] Level 1:colcon.colcon_core.package_identification:_identify(.) by extensions ['python_setup_py']
[1.086s] Level 1:colcon.colcon_core.package_identification:_identify(.) by extension 'python_setup_py'
[1.087s] Level 1:colcon.colcon_core.package_identification:_identify(build) by extensions ['ignore', 'ignore_ament_install']
[1.087s] Level 1:colcon.colcon_core.package_identification:_identify(build) by extension 'ignore'
[1.087s] Level 1:colcon.colcon_core.package_identification:_identify(build) ignored
[1.088s] Level 1:colcon.colcon_core.package_identification:_identify(datasets) by extensions ['ignore', 'ignore_ament_install']
[1.088s] Level 1:colcon.colcon_core.package_identification:_identify(datasets) by extension 'ignore'
[1.088s] Level 1:colcon.colcon_core.package_identification:_identify(datasets) by extension 'ignore_ament_install'
[1.088s] Level 1:colcon.colcon_core.package_identification:_identify(datasets) by extensions ['colcon_pkg']
[1.088s] Level 1:colcon.colcon_core.package_identification:_identify(datasets) by extension 'colcon_pkg'
[1.088s] Level 1:colcon.colcon_core.package_identification:_identify(datasets) by extensions ['colcon_meta']
[1.088s] Level 1:colcon.colcon_core.package_identification:_identify(datasets) by extension 'colcon_meta'
[1.088s] Level 1:colcon.colcon_core.package_identification:_identify(datasets) by extensions ['ros']
[1.088s] Level 1:colcon.colcon_core.package_identification:_identify(datasets) by extension 'ros'
[1.088s] Level 1:colcon.colcon_core.package_identification:_identify(datasets) by extensions ['cmake', 'python']
[1.088s] Level 1:colcon.colcon_core.package_identification:_identify(datasets) by extension 'cmake'
[1.088s] Level 1:colcon.colcon_core.package_identification:_identify(datasets) by extension 'python'
[1.088s] Level 1:colcon.colcon_core.package_identification:_identify(datasets) by extensions ['python_setup_py']
[1.088s] Level 1:colcon.colcon_core.package_identification:_identify(datasets) by extension 'python_setup_py'
[1.089s] Level 1:colcon.colcon_core.package_identification:_identify(datasets/rgb) by extensions ['ignore', 'ignore_ament_install']
[1.090s] Level 1:colcon.colcon_core.package_identification:_identify(datasets/rgb) by extension 'ignore'
[1.090s] Level 1:colcon.colcon_core.package_identification:_identify(datasets/rgb) by extension 'ignore_ament_install'
[1.090s] Level 1:colcon.colcon_core.package_identification:_identify(datasets/rgb) by extensions ['colcon_pkg']
[1.090s] Level 1:colcon.colcon_core.package_identification:_identify(datasets/rgb) by extension 'colcon_pkg'
[1.090s] Level 1:colcon.colcon_core.package_identification:_identify(datasets/rgb) by extensions ['colcon_meta']
[1.090s] Level 1:colcon.colcon_core.package_identification:_identify(datasets/rgb) by extension 'colcon_meta'
[1.090s] Level 1:colcon.colcon_core.package_identification:_identify(datasets/rgb) by extensions ['ros']
[1.090s] Level 1:colcon.colcon_core.package_identification:_identify(datasets/rgb) by extension 'ros'
[1.090s] Level 1:colcon.colcon_core.package_identification:_identify(datasets/rgb) by extensions ['cmake', 'python']
[1.090s] Level 1:colcon.colcon_core.package_identification:_identify(datasets/rgb) by extension 'cmake'
[1.090s] Level 1:colcon.colcon_core.package_identification:_identify(datasets/rgb) by extension 'python'
[1.090s] Level 1:colcon.colcon_core.package_identification:_identify(datasets/rgb) by extensions ['python_setup_py']
[1.090s] Level 1:colcon.colcon_core.package_identification:_identify(datasets/rgb) by extension 'python_setup_py'
[1.091s] Level 1:colcon.colcon_core.package_identification:_identify(datasets/rgb/additional) by extensions ['ignore', 'ignore_ament_install']
[1.091s] Level 1:colcon.colcon_core.package_identification:_identify(datasets/rgb/additional) by extension 'ignore'
[1.091s] Level 1:colcon.colcon_core.package_identification:_identify(datasets/rgb/additional) by extension 'ignore_ament_install'
[1.092s] Level 1:colcon.colcon_core.package_identification:_identify(datasets/rgb/additional) by extensions ['colcon_pkg']
[1.092s] Level 1:colcon.colcon_core.package_identification:_identify(datasets/rgb/additional) by extension 'colcon_pkg'
[1.092s] Level 1:colcon.colcon_core.package_identification:_identify(datasets/rgb/additional) by extensions ['colcon_meta']
[1.092s] Level 1:colcon.colcon_core.package_identification:_identify(datasets/rgb/additional) by extension 'colcon_meta'
[1.092s] Level 1:colcon.colcon_core.package_identification:_identify(datasets/rgb/additional) by extensions ['ros']
[1.092s] Level 1:colcon.colcon_core.package_identification:_identify(datasets/rgb/additional) by extension 'ros'
[1.092s] Level 1:colcon.colcon_core.package_identification:_identify(datasets/rgb/additional) by extensions ['cmake', 'python']
[1.092s] Level 1:colcon.colcon_core.package_identification:_identify(datasets/rgb/additional) by extension 'cmake'
[1.092s] Level 1:colcon.colcon_core.package_identification:_identify(datasets/rgb/additional) by extension 'python'
[1.092s] Level 1:colcon.colcon_core.package_identification:_identify(datasets/rgb/additional) by extensions ['python_setup_py']
[1.092s] Level 1:colcon.colcon_core.package_identification:_identify(datasets/rgb/additional) by extension 'python_setup_py'
[1.093s] Level 1:colcon.colcon_core.package_identification:_identify(datasets/rgb/additional/2015-10-05-10-52-01_bag) by extensions ['ignore', 'ignore_ament_install']
[1.093s] Level 1:colcon.colcon_core.package_identification:_identify(datasets/rgb/additional/2015-10-05-10-52-01_bag) by extension 'ignore'
[1.093s] Level 1:colcon.colcon_core.package_identification:_identify(datasets/rgb/additional/2015-10-05-10-52-01_bag) by extension 'ignore_ament_install'
[1.093s] Level 1:colcon.colcon_core.package_identification:_identify(datasets/rgb/additional/2015-10-05-10-52-01_bag) by extensions ['colcon_pkg']
[1.093s] Level 1:colcon.colcon_core.package_identification:_identify(datasets/rgb/additional/2015-10-05-10-52-01_bag) by extension 'colcon_pkg'
[1.093s] Level 1:colcon.colcon_core.package_identification:_identify(datasets/rgb/additional/2015-10-05-10-52-01_bag) by extensions ['colcon_meta']
[1.093s] Level 1:colcon.colcon_core.package_identification:_identify(datasets/rgb/additional/2015-10-05-10-52-01_bag) by extension 'colcon_meta'
[1.093s] Level 1:colcon.colcon_core.package_identification:_identify(datasets/rgb/additional/2015-10-05-10-52-01_bag) by extensions ['ros']
[1.093s] Level 1:colcon.colcon_core.package_identification:_identify(datasets/rgb/additional/2015-10-05-10-52-01_bag) by extension 'ros'
[1.093s] Level 1:colcon.colcon_core.package_identification:_identify(datasets/rgb/additional/2015-10-05-10-52-01_bag) by extensions ['cmake', 'python']
[1.093s] Level 1:colcon.colcon_core.package_identification:_identify(datasets/rgb/additional/2015-10-05-10-52-01_bag) by extension 'cmake'
[1.094s] Level 1:colcon.colcon_core.package_identification:_identify(datasets/rgb/additional/2015-10-05-10-52-01_bag) by extension 'python'
[1.094s] Level 1:colcon.colcon_core.package_identification:_identify(datasets/rgb/additional/2015-10-05-10-52-01_bag) by extensions ['python_setup_py']
[1.094s] Level 1:colcon.colcon_core.package_identification:_identify(datasets/rgb/additional/2015-10-05-10-52-01_bag) by extension 'python_setup_py'
[1.094s] Level 1:colcon.colcon_core.package_identification:_identify(datasets/rgb/additional/2015-10-05-10-55-33_bag) by extensions ['ignore', 'ignore_ament_install']
[1.095s] Level 1:colcon.colcon_core.package_identification:_identify(datasets/rgb/additional/2015-10-05-10-55-33_bag) by extension 'ignore'
[1.095s] Level 1:colcon.colcon_core.package_identification:_identify(datasets/rgb/additional/2015-10-05-10-55-33_bag) by extension 'ignore_ament_install'
[1.095s] Level 1:colcon.colcon_core.package_identification:_identify(datasets/rgb/additional/2015-10-05-10-55-33_bag) by extensions ['colcon_pkg']
[1.095s] Level 1:colcon.colcon_core.package_identification:_identify(datasets/rgb/additional/2015-10-05-10-55-33_bag) by extension 'colcon_pkg'
[1.095s] Level 1:colcon.colcon_core.package_identification:_identify(datasets/rgb/additional/2015-10-05-10-55-33_bag) by extensions ['colcon_meta']
[1.095s] Level 1:colcon.colcon_core.package_identification:_identify(datasets/rgb/additional/2015-10-05-10-55-33_bag) by extension 'colcon_meta'
[1.095s] Level 1:colcon.colcon_core.package_identification:_identify(datasets/rgb/additional/2015-10-05-10-55-33_bag) by extensions ['ros']
[1.095s] Level 1:colcon.colcon_core.package_identification:_identify(datasets/rgb/additional/2015-10-05-10-55-33_bag) by extension 'ros'
[1.095s] Level 1:colcon.colcon_core.package_identification:_identify(datasets/rgb/additional/2015-10-05-10-55-33_bag) by extensions ['cmake', 'python']
[1.095s] Level 1:colcon.colcon_core.package_identification:_identify(datasets/rgb/additional/2015-10-05-10-55-33_bag) by extension 'cmake'
[1.095s] Level 1:colcon.colcon_core.package_identification:_identify(datasets/rgb/additional/2015-10-05-10-55-33_bag) by extension 'python'
[1.095s] Level 1:colcon.colcon_core.package_identification:_identify(datasets/rgb/additional/2015-10-05-10-55-33_bag) by extensions ['python_setup_py']
[1.095s] Level 1:colcon.colcon_core.package_identification:_identify(datasets/rgb/additional/2015-10-05-10-55-33_bag) by extension 'python_setup_py'
[1.096s] Level 1:colcon.colcon_core.package_identification:_identify(datasets/rgb/additional/2015-10-05-11-26-32_bag) by extensions ['ignore', 'ignore_ament_install']
[1.096s] Level 1:colcon.colcon_core.package_identification:_identify(datasets/rgb/additional/2015-10-05-11-26-32_bag) by extension 'ignore'
[1.096s] Level 1:colcon.colcon_core.package_identification:_identify(datasets/rgb/additional/2015-10-05-11-26-32_bag) by extension 'ignore_ament_install'
[1.096s] Level 1:colcon.colcon_core.package_identification:_identify(datasets/rgb/additional/2015-10-05-11-26-32_bag) by extensions ['colcon_pkg']
[1.096s] Level 1:colcon.colcon_core.package_identification:_identify(datasets/rgb/additional/2015-10-05-11-26-32_bag) by extension 'colcon_pkg'
[1.096s] Level 1:colcon.colcon_core.package_identification:_identify(datasets/rgb/additional/2015-10-05-11-26-32_bag) by extensions ['colcon_meta']
[1.096s] Level 1:colcon.colcon_core.package_identification:_identify(datasets/rgb/additional/2015-10-05-11-26-32_bag) by extension 'colcon_meta'
[1.097s] Level 1:colcon.colcon_core.package_identification:_identify(datasets/rgb/additional/2015-10-05-11-26-32_bag) by extensions ['ros']
[1.097s] Level 1:colcon.colcon_core.package_identification:_identify(datasets/rgb/additional/2015-10-05-11-26-32_bag) by extension 'ros'
[1.097s] Level 1:colcon.colcon_core.package_identification:_identify(datasets/rgb/additional/2015-10-05-11-26-32_bag) by extensions ['cmake', 'python']
[1.097s] Level 1:colcon.colcon_core.package_identification:_identify(datasets/rgb/additional/2015-10-05-11-26-32_bag) by extension 'cmake'
[1.097s] Level 1:colcon.colcon_core.package_identification:_identify(datasets/rgb/additional/2015-10-05-11-26-32_bag) by extension 'python'
[1.097s] Level 1:colcon.colcon_core.package_identification:_identify(datasets/rgb/additional/2015-10-05-11-26-32_bag) by extensions ['python_setup_py']
[1.097s] Level 1:colcon.colcon_core.package_identification:_identify(datasets/rgb/additional/2015-10-05-11-26-32_bag) by extension 'python_setup_py'
[1.098s] Level 1:colcon.colcon_core.package_identification:_identify(datasets/rgb/additional/2015-10-05-14-40-46_bag) by extensions ['ignore', 'ignore_ament_install']
[1.098s] Level 1:colcon.colcon_core.package_identification:_identify(datasets/rgb/additional/2015-10-05-14-40-46_bag) by extension 'ignore'
[1.098s] Level 1:colcon.colcon_core.package_identification:_identify(datasets/rgb/additional/2015-10-05-14-40-46_bag) by extension 'ignore_ament_install'
[1.098s] Level 1:colcon.colcon_core.package_identification:_identify(datasets/rgb/additional/2015-10-05-14-40-46_bag) by extensions ['colcon_pkg']
[1.098s] Level 1:colcon.colcon_core.package_identification:_identify(datasets/rgb/additional/2015-10-05-14-40-46_bag) by extension 'colcon_pkg'
[1.098s] Level 1:colcon.colcon_core.package_identification:_identify(datasets/rgb/additional/2015-10-05-14-40-46_bag) by extensions ['colcon_meta']
[1.098s] Level 1:colcon.colcon_core.package_identification:_identify(datasets/rgb/additional/2015-10-05-14-40-46_bag) by extension 'colcon_meta'
[1.098s] Level 1:colcon.colcon_core.package_identification:_identify(datasets/rgb/additional/2015-10-05-14-40-46_bag) by extensions ['ros']
[1.098s] Level 1:colcon.colcon_core.package_identification:_identify(datasets/rgb/additional/2015-10-05-14-40-46_bag) by extension 'ros'
[1.098s] Level 1:colcon.colcon_core.package_identification:_identify(datasets/rgb/additional/2015-10-05-14-40-46_bag) by extensions ['cmake', 'python']
[1.098s] Level 1:colcon.colcon_core.package_identification:_identify(datasets/rgb/additional/2015-10-05-14-40-46_bag) by extension 'cmake'
[1.098s] Level 1:colcon.colcon_core.package_identification:_identify(datasets/rgb/additional/2015-10-05-14-40-46_bag) by extension 'python'
[1.098s] Level 1:colcon.colcon_core.package_identification:_identify(datasets/rgb/additional/2015-10-05-14-40-46_bag) by extensions ['python_setup_py']
[1.098s] Level 1:colcon.colcon_core.package_identification:_identify(datasets/rgb/additional/2015-10-05-14-40-46_bag) by extension 'python_setup_py'
[1.099s] Level 1:colcon.colcon_core.package_identification:_identify(datasets/rgb/additional/2015-10-05-16-02-30_bag) by extensions ['ignore', 'ignore_ament_install']
[1.099s] Level 1:colcon.colcon_core.package_identification:_identify(datasets/rgb/additional/2015-10-05-16-02-30_bag) by extension 'ignore'
[1.099s] Level 1:colcon.colcon_core.package_identification:_identify(datasets/rgb/additional/2015-10-05-16-02-30_bag) by extension 'ignore_ament_install'
[1.099s] Level 1:colcon.colcon_core.package_identification:_identify(datasets/rgb/additional/2015-10-05-16-02-30_bag) by extensions ['colcon_pkg']
[1.099s] Level 1:colcon.colcon_core.package_identification:_identify(datasets/rgb/additional/2015-10-05-16-02-30_bag) by extension 'colcon_pkg'
[1.099s] Level 1:colcon.colcon_core.package_identification:_identify(datasets/rgb/additional/2015-10-05-16-02-30_bag) by extensions ['colcon_meta']
[1.099s] Level 1:colcon.colcon_core.package_identification:_identify(datasets/rgb/additional/2015-10-05-16-02-30_bag) by extension 'colcon_meta'
[1.099s] Level 1:colcon.colcon_core.package_identification:_identify(datasets/rgb/additional/2015-10-05-16-02-30_bag) by extensions ['ros']
[1.099s] Level 1:colcon.colcon_core.package_identification:_identify(datasets/rgb/additional/2015-10-05-16-02-30_bag) by extension 'ros'
[1.100s] Level 1:colcon.colcon_core.package_identification:_identify(datasets/rgb/additional/2015-10-05-16-02-30_bag) by extensions ['cmake', 'python']
[1.100s] Level 1:colcon.colcon_core.package_identification:_identify(datasets/rgb/additional/2015-10-05-16-02-30_bag) by extension 'cmake'
[1.100s] Level 1:colcon.colcon_core.package_identification:_identify(datasets/rgb/additional/2015-10-05-16-02-30_bag) by extension 'python'
[1.100s] Level 1:colcon.colcon_core.package_identification:_identify(datasets/rgb/additional/2015-10-05-16-02-30_bag) by extensions ['python_setup_py']
[1.100s] Level 1:colcon.colcon_core.package_identification:_identify(datasets/rgb/additional/2015-10-05-16-02-30_bag) by extension 'python_setup_py'
[1.100s] Level 1:colcon.colcon_core.package_identification:_identify(datasets/rgb/additional/labels) by extensions ['ignore', 'ignore_ament_install']
[1.100s] Level 1:colcon.colcon_core.package_identification:_identify(datasets/rgb/additional/labels) by extension 'ignore'
[1.100s] Level 1:colcon.colcon_core.package_identification:_identify(datasets/rgb/additional/labels) by extension 'ignore_ament_install'
[1.100s] Level 1:colcon.colcon_core.package_identification:_identify(datasets/rgb/additional/labels) by extensions ['colcon_pkg']
[1.100s] Level 1:colcon.colcon_core.package_identification:_identify(datasets/rgb/additional/labels) by extension 'colcon_pkg'
[1.100s] Level 1:colcon.colcon_core.package_identification:_identify(datasets/rgb/additional/labels) by extensions ['colcon_meta']
[1.100s] Level 1:colcon.colcon_core.package_identification:_identify(datasets/rgb/additional/labels) by extension 'colcon_meta'
[1.100s] Level 1:colcon.colcon_core.package_identification:_identify(datasets/rgb/additional/labels) by extensions ['ros']
[1.100s] Level 1:colcon.colcon_core.package_identification:_identify(datasets/rgb/additional/labels) by extension 'ros'
[1.101s] Level 1:colcon.colcon_core.package_identification:_identify(datasets/rgb/additional/labels) by extensions ['cmake', 'python']
[1.101s] Level 1:colcon.colcon_core.package_identification:_identify(datasets/rgb/additional/labels) by extension 'cmake'
[1.101s] Level 1:colcon.colcon_core.package_identification:_identify(datasets/rgb/additional/labels) by extension 'python'
[1.101s] Level 1:colcon.colcon_core.package_identification:_identify(datasets/rgb/additional/labels) by extensions ['python_setup_py']
[1.101s] Level 1:colcon.colcon_core.package_identification:_identify(datasets/rgb/additional/labels) by extension 'python_setup_py'
[1.101s] Level 1:colcon.colcon_core.package_identification:_identify(datasets/rgb/yolo) by extensions ['ignore', 'ignore_ament_install']
[1.101s] Level 1:colcon.colcon_core.package_identification:_identify(datasets/rgb/yolo) by extension 'ignore'
[1.101s] Level 1:colcon.colcon_core.package_identification:_identify(datasets/rgb/yolo) by extension 'ignore_ament_install'
[1.101s] Level 1:colcon.colcon_core.package_identification:_identify(datasets/rgb/yolo) by extensions ['colcon_pkg']
[1.101s] Level 1:colcon.colcon_core.package_identification:_identify(datasets/rgb/yolo) by extension 'colcon_pkg'
[1.101s] Level 1:colcon.colcon_core.package_identification:_identify(datasets/rgb/yolo) by extensions ['colcon_meta']
[1.101s] Level 1:colcon.colcon_core.package_identification:_identify(datasets/rgb/yolo) by extension 'colcon_meta'
[1.101s] Level 1:colcon.colcon_core.package_identification:_identify(datasets/rgb/yolo) by extensions ['ros']
[1.101s] Level 1:colcon.colcon_core.package_identification:_identify(datasets/rgb/yolo) by extension 'ros'
[1.102s] Level 1:colcon.colcon_core.package_identification:_identify(datasets/rgb/yolo) by extensions ['cmake', 'python']
[1.102s] Level 1:colcon.colcon_core.package_identification:_identify(datasets/rgb/yolo) by extension 'cmake'
[1.102s] Level 1:colcon.colcon_core.package_identification:_identify(datasets/rgb/yolo) by extension 'python'
[1.102s] Level 1:colcon.colcon_core.package_identification:_identify(datasets/rgb/yolo) by extensions ['python_setup_py']
[1.102s] Level 1:colcon.colcon_core.package_identification:_identify(datasets/rgb/yolo) by extension 'python_setup_py'
[1.102s] Level 1:colcon.colcon_core.package_identification:_identify(datasets/rgb/yolo/images) by extensions ['ignore', 'ignore_ament_install']
[1.102s] Level 1:colcon.colcon_core.package_identification:_identify(datasets/rgb/yolo/images) by extension 'ignore'
[1.102s] Level 1:colcon.colcon_core.package_identification:_identify(datasets/rgb/yolo/images) by extension 'ignore_ament_install'
[1.102s] Level 1:colcon.colcon_core.package_identification:_identify(datasets/rgb/yolo/images) by extensions ['colcon_pkg']
[1.102s] Level 1:colcon.colcon_core.package_identification:_identify(datasets/rgb/yolo/images) by extension 'colcon_pkg'
[1.103s] Level 1:colcon.colcon_core.package_identification:_identify(datasets/rgb/yolo/images) by extensions ['colcon_meta']
[1.103s] Level 1:colcon.colcon_core.package_identification:_identify(datasets/rgb/yolo/images) by extension 'colcon_meta'
[1.103s] Level 1:colcon.colcon_core.package_identification:_identify(datasets/rgb/yolo/images) by extensions ['ros']
[1.103s] Level 1:colcon.colcon_core.package_identification:_identify(datasets/rgb/yolo/images) by extension 'ros'
[1.103s] Level 1:colcon.colcon_core.package_identification:_identify(datasets/rgb/yolo/images) by extensions ['cmake', 'python']
[1.103s] Level 1:colcon.colcon_core.package_identification:_identify(datasets/rgb/yolo/images) by extension 'cmake'
[1.103s] Level 1:colcon.colcon_core.package_identification:_identify(datasets/rgb/yolo/images) by extension 'python'
[1.103s] Level 1:colcon.colcon_core.package_identification:_identify(datasets/rgb/yolo/images) by extensions ['python_setup_py']
[1.103s] Level 1:colcon.colcon_core.package_identification:_identify(datasets/rgb/yolo/images) by extension 'python_setup_py'
[1.104s] Level 1:colcon.colcon_core.package_identification:_identify(datasets/rgb/yolo/images/train) by extensions ['ignore', 'ignore_ament_install']
[1.104s] Level 1:colcon.colcon_core.package_identification:_identify(datasets/rgb/yolo/images/train) by extension 'ignore'
[1.104s] Level 1:colcon.colcon_core.package_identification:_identify(datasets/rgb/yolo/images/train) by extension 'ignore_ament_install'
[1.104s] Level 1:colcon.colcon_core.package_identification:_identify(datasets/rgb/yolo/images/train) by extensions ['colcon_pkg']
[1.104s] Level 1:colcon.colcon_core.package_identification:_identify(datasets/rgb/yolo/images/train) by extension 'colcon_pkg'
[1.104s] Level 1:colcon.colcon_core.package_identification:_identify(datasets/rgb/yolo/images/train) by extensions ['colcon_meta']
[1.104s] Level 1:colcon.colcon_core.package_identification:_identify(datasets/rgb/yolo/images/train) by extension 'colcon_meta'
[1.104s] Level 1:colcon.colcon_core.package_identification:_identify(datasets/rgb/yolo/images/train) by extensions ['ros']
[1.104s] Level 1:colcon.colcon_core.package_identification:_identify(datasets/rgb/yolo/images/train) by extension 'ros'
[1.105s] Level 1:colcon.colcon_core.package_identification:_identify(datasets/rgb/yolo/images/train) by extensions ['cmake', 'python']
[1.105s] Level 1:colcon.colcon_core.package_identification:_identify(datasets/rgb/yolo/images/train) by extension 'cmake'
[1.105s] Level 1:colcon.colcon_core.package_identification:_identify(datasets/rgb/yolo/images/train) by extension 'python'
[1.105s] Level 1:colcon.colcon_core.package_identification:_identify(datasets/rgb/yolo/images/train) by extensions ['python_setup_py']
[1.105s] Level 1:colcon.colcon_core.package_identification:_identify(datasets/rgb/yolo/images/train) by extension 'python_setup_py'
[1.106s] Level 1:colcon.colcon_core.package_identification:_identify(datasets/rgb/yolo/labels) by extensions ['ignore', 'ignore_ament_install']
[1.106s] Level 1:colcon.colcon_core.package_identification:_identify(datasets/rgb/yolo/labels) by extension 'ignore'
[1.106s] Level 1:colcon.colcon_core.package_identification:_identify(datasets/rgb/yolo/labels) by extension 'ignore_ament_install'
[1.106s] Level 1:colcon.colcon_core.package_identification:_identify(datasets/rgb/yolo/labels) by extensions ['colcon_pkg']
[1.106s] Level 1:colcon.colcon_core.package_identification:_identify(datasets/rgb/yolo/labels) by extension 'colcon_pkg'
[1.106s] Level 1:colcon.colcon_core.package_identification:_identify(datasets/rgb/yolo/labels) by extensions ['colcon_meta']
[1.106s] Level 1:colcon.colcon_core.package_identification:_identify(datasets/rgb/yolo/labels) by extension 'colcon_meta'
[1.106s] Level 1:colcon.colcon_core.package_identification:_identify(datasets/rgb/yolo/labels) by extensions ['ros']
[1.106s] Level 1:colcon.colcon_core.package_identification:_identify(datasets/rgb/yolo/labels) by extension 'ros'
[1.106s] Level 1:colcon.colcon_core.package_identification:_identify(datasets/rgb/yolo/labels) by extensions ['cmake', 'python']
[1.106s] Level 1:colcon.colcon_core.package_identification:_identify(datasets/rgb/yolo/labels) by extension 'cmake'
[1.106s] Level 1:colcon.colcon_core.package_identification:_identify(datasets/rgb/yolo/labels) by extension 'python'
[1.106s] Level 1:colcon.colcon_core.package_identification:_identify(datasets/rgb/yolo/labels) by extensions ['python_setup_py']
[1.106s] Level 1:colcon.colcon_core.package_identification:_identify(datasets/rgb/yolo/labels) by extension 'python_setup_py'
[1.107s] Level 1:colcon.colcon_core.package_identification:_identify(datasets/rgb/yolo/labels/train) by extensions ['ignore', 'ignore_ament_install']
[1.107s] Level 1:colcon.colcon_core.package_identification:_identify(datasets/rgb/yolo/labels/train) by extension 'ignore'
[1.107s] Level 1:colcon.colcon_core.package_identification:_identify(datasets/rgb/yolo/labels/train) by extension 'ignore_ament_install'
[1.107s] Level 1:colcon.colcon_core.package_identification:_identify(datasets/rgb/yolo/labels/train) by extensions ['colcon_pkg']
[1.107s] Level 1:colcon.colcon_core.package_identification:_identify(datasets/rgb/yolo/labels/train) by extension 'colcon_pkg'
[1.107s] Level 1:colcon.colcon_core.package_identification:_identify(datasets/rgb/yolo/labels/train) by extensions ['colcon_meta']
[1.107s] Level 1:colcon.colcon_core.package_identification:_identify(datasets/rgb/yolo/labels/train) by extension 'colcon_meta'
[1.107s] Level 1:colcon.colcon_core.package_identification:_identify(datasets/rgb/yolo/labels/train) by extensions ['ros']
[1.107s] Level 1:colcon.colcon_core.package_identification:_identify(datasets/rgb/yolo/labels/train) by extension 'ros'
[1.107s] Level 1:colcon.colcon_core.package_identification:_identify(datasets/rgb/yolo/labels/train) by extensions ['cmake', 'python']
[1.107s] Level 1:colcon.colcon_core.package_identification:_identify(datasets/rgb/yolo/labels/train) by extension 'cmake'
[1.107s] Level 1:colcon.colcon_core.package_identification:_identify(datasets/rgb/yolo/labels/train) by extension 'python'
[1.107s] Level 1:colcon.colcon_core.package_identification:_identify(datasets/rgb/yolo/labels/train) by extensions ['python_setup_py']
[1.108s] Level 1:colcon.colcon_core.package_identification:_identify(datasets/rgb/yolo/labels/train) by extension 'python_setup_py'
[1.109s] Level 1:colcon.colcon_core.package_identification:_identify(install) by extensions ['ignore', 'ignore_ament_install']
[1.109s] Level 1:colcon.colcon_core.package_identification:_identify(install) by extension 'ignore'
[1.109s] Level 1:colcon.colcon_core.package_identification:_identify(install) ignored
[1.109s] Level 1:colcon.colcon_core.package_identification:_identify(log) by extensions ['ignore', 'ignore_ament_install']
[1.109s] Level 1:colcon.colcon_core.package_identification:_identify(log) by extension 'ignore'
[1.109s] Level 1:colcon.colcon_core.package_identification:_identify(log) ignored
[1.110s] Level 1:colcon.colcon_core.package_identification:_identify(runs) by extensions ['ignore', 'ignore_ament_install']
[1.110s] Level 1:colcon.colcon_core.package_identification:_identify(runs) by extension 'ignore'
[1.110s] Level 1:colcon.colcon_core.package_identification:_identify(runs) by extension 'ignore_ament_install'
[1.110s] Level 1:colcon.colcon_core.package_identification:_identify(runs) by extensions ['colcon_pkg']
[1.111s] Level 1:colcon.colcon_core.package_identification:_identify(runs) by extension 'colcon_pkg'
[1.111s] Level 1:colcon.colcon_core.package_identification:_identify(runs) by extensions ['colcon_meta']
[1.111s] Level 1:colcon.colcon_core.package_identification:_identify(runs) by extension 'colcon_meta'
[1.111s] Level 1:colcon.colcon_core.package_identification:_identify(runs) by extensions ['ros']
[1.111s] Level 1:colcon.colcon_core.package_identification:_identify(runs) by extension 'ros'
[1.111s] Level 1:colcon.colcon_core.package_identification:_identify(runs) by extensions ['cmake', 'python']
[1.111s] Level 1:colcon.colcon_core.package_identification:_identify(runs) by extension 'cmake'
[1.111s] Level 1:colcon.colcon_core.package_identification:_identify(runs) by extension 'python'
[1.111s] Level 1:colcon.colcon_core.package_identification:_identify(runs) by extensions ['python_setup_py']
[1.111s] Level 1:colcon.colcon_core.package_identification:_identify(runs) by extension 'python_setup_py'
[1.112s] Level 1:colcon.colcon_core.package_identification:_identify(runs/detect) by extensions ['ignore', 'ignore_ament_install']
[1.112s] Level 1:colcon.colcon_core.package_identification:_identify(runs/detect) by extension 'ignore'
[1.112s] Level 1:colcon.colcon_core.package_identification:_identify(runs/detect) by extension 'ignore_ament_install'
[1.112s] Level 1:colcon.colcon_core.package_identification:_identify(runs/detect) by extensions ['colcon_pkg']
[1.112s] Level 1:colcon.colcon_core.package_identification:_identify(runs/detect) by extension 'colcon_pkg'
[1.112s] Level 1:colcon.colcon_core.package_identification:_identify(runs/detect) by extensions ['colcon_meta']
[1.112s] Level 1:colcon.colcon_core.package_identification:_identify(runs/detect) by extension 'colcon_meta'
[1.112s] Level 1:colcon.colcon_core.package_identification:_identify(runs/detect) by extensions ['ros']
[1.112s] Level 1:colcon.colcon_core.package_identification:_identify(runs/detect) by extension 'ros'
[1.112s] Level 1:colcon.colcon_core.package_identification:_identify(runs/detect) by extensions ['cmake', 'python']
[1.112s] Level 1:colcon.colcon_core.package_identification:_identify(runs/detect) by extension 'cmake'
[1.113s] Level 1:colcon.colcon_core.package_identification:_identify(runs/detect) by extension 'python'
[1.113s] Level 1:colcon.colcon_core.package_identification:_identify(runs/detect) by extensions ['python_setup_py']
[1.113s] Level 1:colcon.colcon_core.package_identification:_identify(runs/detect) by extension 'python_setup_py'
[1.114s] Level 1:colcon.colcon_core.package_identification:_identify(runs/detect/predict) by extensions ['ignore', 'ignore_ament_install']
[1.114s] Level 1:colcon.colcon_core.package_identification:_identify(runs/detect/predict) by extension 'ignore'
[1.114s] Level 1:colcon.colcon_core.package_identification:_identify(runs/detect/predict) by extension 'ignore_ament_install'
[1.114s] Level 1:colcon.colcon_core.package_identification:_identify(runs/detect/predict) by extensions ['colcon_pkg']
[1.114s] Level 1:colcon.colcon_core.package_identification:_identify(runs/detect/predict) by extension 'colcon_pkg'
[1.114s] Level 1:colcon.colcon_core.package_identification:_identify(runs/detect/predict) by extensions ['colcon_meta']
[1.114s] Level 1:colcon.colcon_core.package_identification:_identify(runs/detect/predict) by extension 'colcon_meta'
[1.114s] Level 1:colcon.colcon_core.package_identification:_identify(runs/detect/predict) by extensions ['ros']
[1.114s] Level 1:colcon.colcon_core.package_identification:_identify(runs/detect/predict) by extension 'ros'
[1.114s] Level 1:colcon.colcon_core.package_identification:_identify(runs/detect/predict) by extensions ['cmake', 'python']
[1.114s] Level 1:colcon.colcon_core.package_identification:_identify(runs/detect/predict) by extension 'cmake'
[1.114s] Level 1:colcon.colcon_core.package_identification:_identify(runs/detect/predict) by extension 'python'
[1.114s] Level 1:colcon.colcon_core.package_identification:_identify(runs/detect/predict) by extensions ['python_setup_py']
[1.114s] Level 1:colcon.colcon_core.package_identification:_identify(runs/detect/predict) by extension 'python_setup_py'
[1.115s] Level 1:colcon.colcon_core.package_identification:_identify(runs/detect/predict2) by extensions ['ignore', 'ignore_ament_install']
[1.116s] Level 1:colcon.colcon_core.package_identification:_identify(runs/detect/predict2) by extension 'ignore'
[1.116s] Level 1:colcon.colcon_core.package_identification:_identify(runs/detect/predict2) by extension 'ignore_ament_install'
[1.116s] Level 1:colcon.colcon_core.package_identification:_identify(runs/detect/predict2) by extensions ['colcon_pkg']
[1.116s] Level 1:colcon.colcon_core.package_identification:_identify(runs/detect/predict2) by extension 'colcon_pkg'
[1.116s] Level 1:colcon.colcon_core.package_identification:_identify(runs/detect/predict2) by extensions ['colcon_meta']
[1.116s] Level 1:colcon.colcon_core.package_identification:_identify(runs/detect/predict2) by extension 'colcon_meta'
[1.116s] Level 1:colcon.colcon_core.package_identification:_identify(runs/detect/predict2) by extensions ['ros']
[1.116s] Level 1:colcon.colcon_core.package_identification:_identify(runs/detect/predict2) by extension 'ros'
[1.116s] Level 1:colcon.colcon_core.package_identification:_identify(runs/detect/predict2) by extensions ['cmake', 'python']
[1.116s] Level 1:colcon.colcon_core.package_identification:_identify(runs/detect/predict2) by extension 'cmake'
[1.116s] Level 1:colcon.colcon_core.package_identification:_identify(runs/detect/predict2) by extension 'python'
[1.116s] Level 1:colcon.colcon_core.package_identification:_identify(runs/detect/predict2) by extensions ['python_setup_py']
[1.116s] Level 1:colcon.colcon_core.package_identification:_identify(runs/detect/predict2) by extension 'python_setup_py'
[1.117s] Level 1:colcon.colcon_core.package_identification:_identify(src) by extensions ['ignore', 'ignore_ament_install']
[1.117s] Level 1:colcon.colcon_core.package_identification:_identify(src) by extension 'ignore'
[1.117s] Level 1:colcon.colcon_core.package_identification:_identify(src) by extension 'ignore_ament_install'
[1.117s] Level 1:colcon.colcon_core.package_identification:_identify(src) by extensions ['colcon_pkg']
[1.117s] Level 1:colcon.colcon_core.package_identification:_identify(src) by extension 'colcon_pkg'
[1.117s] Level 1:colcon.colcon_core.package_identification:_identify(src) by extensions ['colcon_meta']
[1.117s] Level 1:colcon.colcon_core.package_identification:_identify(src) by extension 'colcon_meta'
[1.117s] Level 1:colcon.colcon_core.package_identification:_identify(src) by extensions ['ros']
[1.117s] Level 1:colcon.colcon_core.package_identification:_identify(src) by extension 'ros'
[1.118s] Level 1:colcon.colcon_core.package_identification:_identify(src) by extensions ['cmake', 'python']
[1.118s] Level 1:colcon.colcon_core.package_identification:_identify(src) by extension 'cmake'
[1.118s] Level 1:colcon.colcon_core.package_identification:_identify(src) by extension 'python'
[1.118s] Level 1:colcon.colcon_core.package_identification:_identify(src) by extensions ['python_setup_py']
[1.118s] Level 1:colcon.colcon_core.package_identification:_identify(src) by extension 'python_setup_py'
[1.119s] Level 1:colcon.colcon_core.package_identification:_identify(src/ros2_traffic_detector) by extensions ['ignore', 'ignore_ament_install']
[1.119s] Level 1:colcon.colcon_core.package_identification:_identify(src/ros2_traffic_detector) by extension 'ignore'
[1.119s] Level 1:colcon.colcon_core.package_identification:_identify(src/ros2_traffic_detector) by extension 'ignore_ament_install'
[1.119s] Level 1:colcon.colcon_core.package_identification:_identify(src/ros2_traffic_detector) by extensions ['colcon_pkg']
[1.119s] Level 1:colcon.colcon_core.package_identification:_identify(src/ros2_traffic_detector) by extension 'colcon_pkg'
[1.119s] Level 1:colcon.colcon_core.package_identification:_identify(src/ros2_traffic_detector) by extensions ['colcon_meta']
[1.119s] Level 1:colcon.colcon_core.package_identification:_identify(src/ros2_traffic_detector) by extension 'colcon_meta'
[1.119s] Level 1:colcon.colcon_core.package_identification:_identify(src/ros2_traffic_detector) by extensions ['ros']
[1.119s] Level 1:colcon.colcon_core.package_identification:_identify(src/ros2_traffic_detector) by extension 'ros'
[1.126s] DEBUG:colcon.colcon_core.package_identification:Package 'src/ros2_traffic_detector' with type 'ros.ament_python' and name 'ros2_traffic_detector'
[1.127s] Level 1:colcon.colcon_core.package_identification:_identify(src/traffic_light_detector) by extensions ['ignore', 'ignore_ament_install']
[1.127s] Level 1:colcon.colcon_core.package_identification:_identify(src/traffic_light_detector) by extension 'ignore'
[1.127s] Level 1:colcon.colcon_core.package_identification:_identify(src/traffic_light_detector) by extension 'ignore_ament_install'
[1.127s] Level 1:colcon.colcon_core.package_identification:_identify(src/traffic_light_detector) by extensions ['colcon_pkg']
[1.127s] Level 1:colcon.colcon_core.package_identification:_identify(src/traffic_light_detector) by extension 'colcon_pkg'
[1.127s] Level 1:colcon.colcon_core.package_identification:_identify(src/traffic_light_detector) by extensions ['colcon_meta']
[1.127s] Level 1:colcon.colcon_core.package_identification:_identify(src/traffic_light_detector) by extension 'colcon_meta'
[1.127s] Level 1:colcon.colcon_core.package_identification:_identify(src/traffic_light_detector) by extensions ['ros']
[1.127s] Level 1:colcon.colcon_core.package_identification:_identify(src/traffic_light_detector) by extension 'ros'
[1.127s] Level 1:colcon.colcon_core.package_identification:_identify(src/traffic_light_detector) by extensions ['cmake', 'python']
[1.127s] Level 1:colcon.colcon_core.package_identification:_identify(src/traffic_light_detector) by extension 'cmake'
[1.127s] Level 1:colcon.colcon_core.package_identification:_identify(src/traffic_light_detector) by extension 'python'
[1.128s] Level 1:colcon.colcon_core.package_identification:_identify(src/traffic_light_detector) by extensions ['python_setup_py']
[1.128s] Level 1:colcon.colcon_core.package_identification:_identify(src/traffic_light_detector) by extension 'python_setup_py'
[1.128s] Level 1:colcon.colcon_core.package_discovery:discover_packages(recursive) using defaults
[1.128s] Level 1:colcon.colcon_core.package_discovery:discover_packages(ignore) discover
[1.128s] Level 1:colcon.colcon_core.package_discovery:discover_packages(ignore) using defaults
[1.128s] Level 1:colcon.colcon_core.package_discovery:discover_packages(path) discover
[1.128s] Level 1:colcon.colcon_core.package_discovery:discover_packages(path) using defaults
[1.187s] Level 1:colcon.colcon_core.package_discovery:discover_packages(prefix_path) check parameters
[1.187s] Level 1:colcon.colcon_core.package_discovery:discover_packages(prefix_path) discover
[1.196s] DEBUG:colcon.colcon_installed_package_information.package_discovery:Found 1 installed packages in /home/ponnu/ros2_ws/install
[1.200s] DEBUG:colcon.colcon_installed_package_information.package_discovery:Found 271 installed packages in /opt/ros/humble
[1.201s] Level 1:colcon.colcon_core.package_discovery:discover_packages(prefix_path) using defaults
[1.320s] Level 5:colcon.colcon_core.verb:set package 'ros2_traffic_detector' build argument 'cmake_args' from command line to 'None'
[1.320s] Level 5:colcon.colcon_core.verb:set package 'ros2_traffic_detector' build argument 'cmake_target' from command line to 'None'
[1.320s] Level 5:colcon.colcon_core.verb:set package 'ros2_traffic_detector' build argument 'cmake_target_skip_unavailable' from command line to 'False'
[1.320s] Level 5:colcon.colcon_core.verb:set package 'ros2_traffic_detector' build argument 'cmake_clean_cache' from command line to 'False'
[1.320s] Level 5:colcon.colcon_core.verb:set package 'ros2_traffic_detector' build argument 'cmake_clean_first' from command line to 'False'
[1.320s] Level 5:colcon.colcon_core.verb:set package 'ros2_traffic_detector' build argument 'cmake_force_configure' from command line to 'False'
[1.320s] Level 5:colcon.colcon_core.verb:set package 'ros2_traffic_detector' build argument 'ament_cmake_args' from command line to 'None'
[1.320s] Level 5:colcon.colcon_core.verb:set package 'ros2_traffic_detector' build argument 'catkin_cmake_args' from command line to 'None'
[1.320s] Level 5:colcon.colcon_core.verb:set package 'ros2_traffic_detector' build argument 'catkin_skip_building_tests' from command line to 'False'
[1.320s] DEBUG:colcon.colcon_core.verb:Building package 'ros2_traffic_detector' with the following arguments: {'ament_cmake_args': None, 'build_base': '/home/ponnu/ros2_ws/build/ros2_traffic_detector', 'catkin_cmake_args': None, 'catkin_skip_building_tests': False, 'cmake_args': None, 'cmake_clean_cache': False, 'cmake_clean_first': False, 'cmake_force_configure': False, 'cmake_target': None, 'cmake_target_skip_unavailable': False, 'install_base': '/home/ponnu/ros2_ws/install/ros2_traffic_detector', 'merge_install': False, 'path': '/home/ponnu/ros2_ws/src/ros2_traffic_detector', 'symlink_install': False, 'test_result_base': None}
[1.321s] INFO:colcon.colcon_core.executor:Executing jobs using 'parallel' executor
[1.322s] DEBUG:colcon.colcon_parallel_executor.executor.parallel:run_until_complete
[1.322s] INFO:colcon.colcon_ros.task.ament_python.build:Building ROS package in '/home/ponnu/ros2_ws/src/ros2_traffic_detector' with build type 'ament_python'
[1.322s] Level 1:colcon.colcon_core.shell:create_environment_hook('ros2_traffic_detector', 'ament_prefix_path')
[1.337s] INFO:colcon.colcon_core.plugin_system:Skipping extension 'colcon_core.shell.bat': Not used on non-Windows systems
[1.337s] INFO:colcon.colcon_core.shell:Creating environment hook '/home/ponnu/ros2_ws/install/ros2_traffic_detector/share/ros2_traffic_detector/hook/ament_prefix_path.ps1'
[1.339s] INFO:colcon.colcon_core.shell:Creating environment descriptor '/home/ponnu/ros2_ws/install/ros2_traffic_detector/share/ros2_traffic_detector/hook/ament_prefix_path.dsv'
[1.340s] INFO:colcon.colcon_core.shell:Creating environment hook '/home/ponnu/ros2_ws/install/ros2_traffic_detector/share/ros2_traffic_detector/hook/ament_prefix_path.sh'
[1.342s] INFO:colcon.colcon_core.shell:Skip shell extension 'powershell' for command environment: Not usable outside of PowerShell
[1.342s] DEBUG:colcon.colcon_core.shell:Skip shell extension 'dsv' for command environment
[1.659s] INFO:colcon.colcon_core.task.python.build:Building Python package in '/home/ponnu/ros2_ws/src/ros2_traffic_detector'
[1.660s] INFO:colcon.colcon_core.shell:Skip shell extension 'powershell' for command environment: Not usable outside of PowerShell
[1.660s] DEBUG:colcon.colcon_core.shell:Skip shell extension 'dsv' for command environment
[2.147s] DEBUG:colcon.colcon_core.event_handler.log_command:Invoking command in '/home/ponnu/ros2_ws/src/ros2_traffic_detector': PS1=(yolovenv) \[\e]0;\u@\h: \w\a\]${debian_chroot:+($debian_chroot)}\[\033[01;32m\]\u@\h\[\033[00m\]:\[\033[01;34m\]\w\[\033[00m\]\$ PYTHONPATH=/home/ponnu/ros2_ws/build/ros2_traffic_detector/prefix_override:/usr/lib/python3/dist-packages/colcon_core/task/python/colcon_distutils_commands:/home/ponnu/ros2_ws/install/ros2_traffic_detector/lib/python3.10/site-packages:${PYTHONPATH} VIRTUAL_ENV_PROMPT=(yolovenv) /usr/bin/python3 -W ignore:setup.py install is deprecated -W ignore:easy_install command is deprecated setup.py egg_info --egg-base ../../build/ros2_traffic_detector build --build-base /home/ponnu/ros2_ws/build/ros2_traffic_detector/build install --record /home/ponnu/ros2_ws/build/ros2_traffic_detector/install.log --single-version-externally-managed install_data
[2.509s] DEBUG:colcon.colcon_core.event_handler.log_command:Invoked command in '/home/ponnu/ros2_ws/src/ros2_traffic_detector' returned '0': PS1=(yolovenv) \[\e]0;\u@\h: \w\a\]${debian_chroot:+($debian_chroot)}\[\033[01;32m\]\u@\h\[\033[00m\]:\[\033[01;34m\]\w\[\033[00m\]\$ PYTHONPATH=/home/ponnu/ros2_ws/build/ros2_traffic_detector/prefix_override:/usr/lib/python3/dist-packages/colcon_core/task/python/colcon_distutils_commands:/home/ponnu/ros2_ws/install/ros2_traffic_detector/lib/python3.10/site-packages:${PYTHONPATH} VIRTUAL_ENV_PROMPT=(yolovenv) /usr/bin/python3 -W ignore:setup.py install is deprecated -W ignore:easy_install command is deprecated setup.py egg_info --egg-base ../../build/ros2_traffic_detector build --build-base /home/ponnu/ros2_ws/build/ros2_traffic_detector/build install --record /home/ponnu/ros2_ws/build/ros2_traffic_detector/install.log --single-version-externally-managed install_data
[2.522s] Level 1:colcon.colcon_core.environment:checking '/home/ponnu/ros2_ws/install/ros2_traffic_detector' for CMake module files
[2.524s] Level 1:colcon.colcon_core.environment:checking '/home/ponnu/ros2_ws/install/ros2_traffic_detector' for CMake config files
[2.528s] Level 1:colcon.colcon_core.environment:checking '/home/ponnu/ros2_ws/install/ros2_traffic_detector/lib'
[2.528s] Level 1:colcon.colcon_core.environment:checking '/home/ponnu/ros2_ws/install/ros2_traffic_detector/bin'
[2.529s] Level 1:colcon.colcon_core.environment:checking '/home/ponnu/ros2_ws/install/ros2_traffic_detector/lib/pkgconfig/ros2_traffic_detector.pc'
[2.529s] Level 1:colcon.colcon_core.environment:checking '/home/ponnu/ros2_ws/install/ros2_traffic_detector/lib/python3.10/site-packages'
[2.529s] Level 1:colcon.colcon_core.shell:create_environment_hook('ros2_traffic_detector', 'pythonpath')
[2.529s] INFO:colcon.colcon_core.shell:Creating environment hook '/home/ponnu/ros2_ws/install/ros2_traffic_detector/share/ros2_traffic_detector/hook/pythonpath.ps1'
[2.530s] INFO:colcon.colcon_core.shell:Creating environment descriptor '/home/ponnu/ros2_ws/install/ros2_traffic_detector/share/ros2_traffic_detector/hook/pythonpath.dsv'
[2.530s] INFO:colcon.colcon_core.shell:Creating environment hook '/home/ponnu/ros2_ws/install/ros2_traffic_detector/share/ros2_traffic_detector/hook/pythonpath.sh'
[2.531s] Level 1:colcon.colcon_core.environment:checking '/home/ponnu/ros2_ws/install/ros2_traffic_detector/bin'
[2.531s] Level 1:colcon.colcon_core.environment:create_environment_scripts_only(ros2_traffic_detector)
[2.531s] INFO:colcon.colcon_core.shell:Creating package script '/home/ponnu/ros2_ws/install/ros2_traffic_detector/share/ros2_traffic_detector/package.ps1'
[2.532s] INFO:colcon.colcon_core.shell:Creating package descriptor '/home/ponnu/ros2_ws/install/ros2_traffic_detector/share/ros2_traffic_detector/package.dsv'
[2.534s] INFO:colcon.colcon_core.shell:Creating package script '/home/ponnu/ros2_ws/install/ros2_traffic_detector/share/ros2_traffic_detector/package.sh'
[2.535s] INFO:colcon.colcon_core.shell:Creating package script '/home/ponnu/ros2_ws/install/ros2_traffic_detector/share/ros2_traffic_detector/package.bash'
[2.536s] INFO:colcon.colcon_core.shell:Creating package script '/home/ponnu/ros2_ws/install/ros2_traffic_detector/share/ros2_traffic_detector/package.zsh'
[2.538s] Level 1:colcon.colcon_core.environment:create_file_with_runtime_dependencies(/home/ponnu/ros2_ws/install/ros2_traffic_detector/share/colcon-core/packages/ros2_traffic_detector)
[2.538s] DEBUG:colcon.colcon_parallel_executor.executor.parallel:closing loop
[2.539s] DEBUG:colcon.colcon_parallel_executor.executor.parallel:loop closed
[2.539s] DEBUG:colcon.colcon_parallel_executor.executor.parallel:run_until_complete finished with '0'
[2.539s] DEBUG:colcon.colcon_core.event_reactor:joining thread
[2.640s] INFO:colcon.colcon_core.plugin_system:Skipping extension 'colcon_notification.desktop_notification.notify_send': Could not find 'notify-send'
[2.640s] INFO:colcon.colcon_core.plugin_system:Skipping extension 'colcon_notification.desktop_notification.terminal_notifier': Not used on non-Darwin systems
[2.640s] INFO:colcon.colcon_core.plugin_system:Skipping extension 'colcon_notification.desktop_notification.win32': Not used on non-Windows systems
[2.640s] INFO:colcon.colcon_notification.desktop_notification:Sending desktop notification using 'notify2'
[2.641s] DEBUG:colcon.colcon_notification.desktop_notification.notify2:Failed to initialize notify2: org.freedesktop.DBus.Error.FileNotFound: Failed to connect to socket /run/user/1000/bus: No such file or directory
[2.641s] DEBUG:colcon.colcon_core.event_reactor:joined thread
[2.641s] INFO:colcon.colcon_core.shell:Creating prefix script '/home/ponnu/ros2_ws/install/local_setup.ps1'
[2.643s] INFO:colcon.colcon_core.shell:Creating prefix util module '/home/ponnu/ros2_ws/install/_local_setup_util_ps1.py'
[2.645s] INFO:colcon.colcon_core.shell:Creating prefix chain script '/home/ponnu/ros2_ws/install/setup.ps1'
[2.646s] INFO:colcon.colcon_core.shell:Creating prefix script '/home/ponnu/ros2_ws/install/local_setup.sh'
[2.648s] INFO:colcon.colcon_core.shell:Creating prefix util module '/home/ponnu/ros2_ws/install/_local_setup_util_sh.py'
[2.649s] INFO:colcon.colcon_core.shell:Creating prefix chain script '/home/ponnu/ros2_ws/install/setup.sh'
[2.654s] INFO:colcon.colcon_core.shell:Creating prefix script '/home/ponnu/ros2_ws/install/local_setup.bash'
[2.655s] INFO:colcon.colcon_core.shell:Creating prefix chain script '/home/ponnu/ros2_ws/install/setup.bash'
[2.657s] INFO:colcon.colcon_core.shell:Creating prefix script '/home/ponnu/ros2_ws/install/local_setup.zsh'
[2.658s] INFO:colcon.colcon_core.shell:Creating prefix chain script '/home/ponnu/ros2_ws/install/setup.zsh'
