[0.641s] Invoking command in '/home/ponnu/ros2_ws/src/ros2_traffic_detector': PYTHONPATH=/home/ponnu/ros2_ws/build/ros2_traffic_detector/prefix_override:/usr/lib/python3/dist-packages/colcon_core/task/python/colcon_distutils_commands:/home/ponnu/ros2_ws/install/ros2_traffic_detector/lib/python3.10/site-packages:${PYTHONPATH} /usr/bin/python3 -W ignore:setup.py install is deprecated -W ignore:easy_install command is deprecated setup.py egg_info --egg-base ../../build/ros2_traffic_detector build --build-base /home/ponnu/ros2_ws/build/ros2_traffic_detector/build install --record /home/ponnu/ros2_ws/build/ros2_traffic_detector/install.log --single-version-externally-managed install_data
[0.850s] running egg_info
[0.851s] writing ../../build/ros2_traffic_detector/ros2_traffic_detector.egg-info/PKG-INFO
[0.851s] writing dependency_links to ../../build/ros2_traffic_detector/ros2_traffic_detector.egg-info/dependency_links.txt
[0.852s] writing entry points to ../../build/ros2_traffic_detector/ros2_traffic_detector.egg-info/entry_points.txt
[0.852s] writing requirements to ../../build/ros2_traffic_detector/ros2_traffic_detector.egg-info/requires.txt
[0.852s] writing top-level names to ../../build/ros2_traffic_detector/ros2_traffic_detector.egg-info/top_level.txt
[0.854s] reading manifest file '../../build/ros2_traffic_detector/ros2_traffic_detector.egg-info/SOURCES.txt'
[0.855s] writing manifest file '../../build/ros2_traffic_detector/ros2_traffic_detector.egg-info/SOURCES.txt'
[0.855s] running build
[0.856s] running build_py
[0.856s] copying ros2_traffic_detector/traffic_light_infer.py -> /home/ponnu/ros2_ws/build/ros2_traffic_detector/build/lib/ros2_traffic_detector
[0.856s] running install
[0.857s] running install_lib
[0.858s] copying /home/ponnu/ros2_ws/build/ros2_traffic_detector/build/lib/ros2_traffic_detector/traffic_light_infer.py -> /home/ponnu/ros2_ws/install/ros2_traffic_detector/lib/python3.10/site-packages/ros2_traffic_detector
[0.859s] byte-compiling /home/ponnu/ros2_ws/install/ros2_traffic_detector/lib/python3.10/site-packages/ros2_traffic_detector/traffic_light_infer.py to traffic_light_infer.cpython-310.pyc
[0.860s] running install_data
[0.863s] running install_egg_info
[0.865s] removing '/home/ponnu/ros2_ws/install/ros2_traffic_detector/lib/python3.10/site-packages/ros2_traffic_detector-0.0.0-py3.10.egg-info' (and everything under it)
[0.866s] Copying ../../build/ros2_traffic_detector/ros2_traffic_detector.egg-info to /home/ponnu/ros2_ws/install/ros2_traffic_detector/lib/python3.10/site-packages/ros2_traffic_detector-0.0.0-py3.10.egg-info
[0.867s] running install_scripts
[0.887s] Installing traffic_light_infer script to /home/ponnu/ros2_ws/install/ros2_traffic_detector/lib/ros2_traffic_detector
[0.889s] writing list of installed files to '/home/ponnu/ros2_ws/build/ros2_traffic_detector/install.log'
[0.916s] Invoked command in '/home/ponnu/ros2_ws/src/ros2_traffic_detector' returned '0': PYTHONPATH=/home/ponnu/ros2_ws/build/ros2_traffic_detector/prefix_override:/usr/lib/python3/dist-packages/colcon_core/task/python/colcon_distutils_commands:/home/ponnu/ros2_ws/install/ros2_traffic_detector/lib/python3.10/site-packages:${PYTHONPATH} /usr/bin/python3 -W ignore:setup.py install is deprecated -W ignore:easy_install command is deprecated setup.py egg_info --egg-base ../../build/ros2_traffic_detector build --build-base /home/ponnu/ros2_ws/build/ros2_traffic_detector/build install --record /home/ponnu/ros2_ws/build/ros2_traffic_detector/install.log --single-version-externally-managed install_data
