[0.683s] Invoking command in '/home/ponnu/ros2_ws/src/ros2_traffic_detector': PYTHONPATH=/home/ponnu/ros2_ws/build/ros2_traffic_detector/prefix_override:/usr/lib/python3/dist-packages/colcon_core/task/python/colcon_distutils_commands:/home/ponnu/ros2_ws/install/ros2_traffic_detector/lib/python3.10/site-packages:${PYTHONPATH} /usr/bin/python3 -W ignore:setup.py install is deprecated -W ignore:easy_install command is deprecated setup.py egg_info --egg-base ../../build/ros2_traffic_detector build --build-base /home/ponnu/ros2_ws/build/ros2_traffic_detector/build install --record /home/ponnu/ros2_ws/build/ros2_traffic_detector/install.log --single-version-externally-managed install_data
[0.897s] running egg_info
[0.899s] writing ../../build/ros2_traffic_detector/ros2_traffic_detector.egg-info/PKG-INFO
[0.899s] writing dependency_links to ../../build/ros2_traffic_detector/ros2_traffic_detector.egg-info/dependency_links.txt
[0.906s] writing entry points to ../../build/ros2_traffic_detector/ros2_traffic_detector.egg-info/entry_points.txt
[0.906s] writing requirements to ../../build/ros2_traffic_detector/ros2_traffic_detector.egg-info/requires.txt
[0.907s] writing top-level names to ../../build/ros2_traffic_detector/ros2_traffic_detector.egg-info/top_level.txt
[0.907s] reading manifest file '../../build/ros2_traffic_detector/ros2_traffic_detector.egg-info/SOURCES.txt'
[0.907s] writing manifest file '../../build/ros2_traffic_detector/ros2_traffic_detector.egg-info/SOURCES.txt'
[0.907s] running build
[0.907s] running build_py
[0.907s] copying ros2_traffic_detector/traffic_light_infer.py -> /home/ponnu/ros2_ws/build/ros2_traffic_detector/build/lib/ros2_traffic_detector
[0.907s] running install
[0.907s] running install_lib
[0.908s] copying /home/ponnu/ros2_ws/build/ros2_traffic_detector/build/lib/ros2_traffic_detector/traffic_light_infer.py -> /home/ponnu/ros2_ws/install/ros2_traffic_detector/lib/python3.10/site-packages/ros2_traffic_detector
[0.908s] byte-compiling /home/ponnu/ros2_ws/install/ros2_traffic_detector/lib/python3.10/site-packages/ros2_traffic_detector/traffic_light_infer.py to traffic_light_infer.cpython-310.pyc
[0.930s]   File "/home/ponnu/ros2_ws/install/ros2_traffic_detector/lib/python3.10/site-packages/ros2_traffic_detector/traffic_light_infer.py", line 32
[0.930s]     self.get_logger().info("🖼 Detection complete - image saved."
[0.930s]                           ^
[0.931s] SyntaxError: '(' was never closed
[0.931s] 
[0.931s] running install_data
[0.931s] running install_egg_info
[0.932s] removing '/home/ponnu/ros2_ws/install/ros2_traffic_detector/lib/python3.10/site-packages/ros2_traffic_detector-0.0.0-py3.10.egg-info' (and everything under it)
[0.933s] Copying ../../build/ros2_traffic_detector/ros2_traffic_detector.egg-info to /home/ponnu/ros2_ws/install/ros2_traffic_detector/lib/python3.10/site-packages/ros2_traffic_detector-0.0.0-py3.10.egg-info
[0.934s] running install_scripts
[0.960s] Installing traffic_light_infer script to /home/ponnu/ros2_ws/install/ros2_traffic_detector/lib/ros2_traffic_detector
[0.961s] writing list of installed files to '/home/ponnu/ros2_ws/build/ros2_traffic_detector/install.log'
[0.989s] Invoked command in '/home/ponnu/ros2_ws/src/ros2_traffic_detector' returned '0': PYTHONPATH=/home/ponnu/ros2_ws/build/ros2_traffic_detector/prefix_override:/usr/lib/python3/dist-packages/colcon_core/task/python/colcon_distutils_commands:/home/ponnu/ros2_ws/install/ros2_traffic_detector/lib/python3.10/site-packages:${PYTHONPATH} /usr/bin/python3 -W ignore:setup.py install is deprecated -W ignore:easy_install command is deprecated setup.py egg_info --egg-base ../../build/ros2_traffic_detector build --build-base /home/ponnu/ros2_ws/build/ros2_traffic_detector/build install --record /home/ponnu/ros2_ws/build/ros2_traffic_detector/install.log --single-version-externally-managed install_data
